\BOOKMARK [0][-]{chapter.1}{\376\377\0001\000\040\000H\000i\000e\000r\000a\000r\000c\000h\000i\000c\000a\000l\000\040\000I\000n\000d\000e\000x}{}% 1
\BOOKMARK [1][-]{section.1.1}{\376\377\0001\000.\0001\000\040\000C\000l\000a\000s\000s\000\040\000H\000i\000e\000r\000a\000r\000c\000h\000y}{chapter.1}% 2
\BOOKMARK [0][-]{chapter.2}{\376\377\0002\000\040\000C\000l\000a\000s\000s\000\040\000I\000n\000d\000e\000x}{}% 3
\BOOKMARK [1][-]{section.2.1}{\376\377\0002\000.\0001\000\040\000C\000l\000a\000s\000s\000\040\000L\000i\000s\000t}{chapter.2}% 4
\BOOKMARK [0][-]{chapter.3}{\376\377\0003\000\040\000F\000i\000l\000e\000\040\000I\000n\000d\000e\000x}{}% 5
\BOOKMARK [1][-]{section.3.1}{\376\377\0003\000.\0001\000\040\000F\000i\000l\000e\000\040\000L\000i\000s\000t}{chapter.3}% 6
\BOOKMARK [0][-]{chapter.4}{\376\377\0004\000\040\000C\000l\000a\000s\000s\000\040\000D\000o\000c\000u\000m\000e\000n\000t\000a\000t\000i\000o\000n}{}% 7
\BOOKMARK [1][-]{section.4.1}{\376\377\0004\000.\0001\000\040\000B\000a\000s\000e\000E\000n\000e\000m\000y\000\040\000C\000l\000a\000s\000s\000\040\000R\000e\000f\000e\000r\000e\000n\000c\000e}{chapter.4}% 8
\BOOKMARK [2][-]{subsection.4.1.1}{\376\377\0004\000.\0001\000.\0001\000\040\000D\000e\000t\000a\000i\000l\000e\000d\000\040\000D\000e\000s\000c\000r\000i\000p\000t\000i\000o\000n}{section.4.1}% 9
\BOOKMARK [2][-]{subsection.4.1.2}{\376\377\0004\000.\0001\000.\0002\000\040\000M\000e\000m\000b\000e\000r\000\040\000E\000n\000u\000m\000e\000r\000a\000t\000i\000o\000n\000\040\000D\000o\000c\000u\000m\000e\000n\000t\000a\000t\000i\000o\000n}{section.4.1}% 10
\BOOKMARK [3][-]{subsubsection.4.1.2.1}{\376\377\0004\000.\0001\000.\0002\000.\0001\000\040\000S\000t\000a\000t\000e}{subsection.4.1.2}% 11
\BOOKMARK [2][-]{subsection.4.1.3}{\376\377\0004\000.\0001\000.\0003\000\040\000M\000e\000m\000b\000e\000r\000\040\000F\000u\000n\000c\000t\000i\000o\000n\000\040\000D\000o\000c\000u\000m\000e\000n\000t\000a\000t\000i\000o\000n}{section.4.1}% 12
\BOOKMARK [3][-]{subsubsection.4.1.3.1}{\376\377\0004\000.\0001\000.\0003\000.\0001\000\040\000\137\000P\000r\000o\000c\000e\000s\000s\000\050\000\051}{subsection.4.1.3}% 13
\BOOKMARK [3][-]{subsubsection.4.1.3.2}{\376\377\0004\000.\0001\000.\0003\000.\0002\000\040\000\137\000R\000e\000a\000d\000y\000\050\000\051}{subsection.4.1.3}% 14
\BOOKMARK [3][-]{subsubsection.4.1.3.3}{\376\377\0004\000.\0001\000.\0003\000.\0003\000\040\000C\000h\000e\000c\000k\000L\000i\000n\000e\000O\000f\000S\000i\000g\000h\000t\000\050\000\051}{subsection.4.1.3}% 15
\BOOKMARK [3][-]{subsubsection.4.1.3.4}{\376\377\0004\000.\0001\000.\0003\000.\0004\000\040\000C\000h\000e\000c\000k\000P\000l\000a\000y\000e\000r\000H\000i\000t\000\050\000\051}{subsection.4.1.3}% 16
\BOOKMARK [3][-]{subsubsection.4.1.3.5}{\376\377\0004\000.\0001\000.\0003\000.\0005\000\040\000D\000i\000e\000\050\000\051}{subsection.4.1.3}% 17
\BOOKMARK [3][-]{subsubsection.4.1.3.6}{\376\377\0004\000.\0001\000.\0003\000.\0006\000\040\000F\000l\000i\000p\000R\000o\000t\000a\000t\000i\000o\000n\000\050\000\051}{subsection.4.1.3}% 18
\BOOKMARK [3][-]{subsubsection.4.1.3.7}{\376\377\0004\000.\0001\000.\0003\000.\0007\000\040\000H\000a\000n\000d\000l\000e\000M\000o\000v\000e\000m\000e\000n\000t\000\050\000\051}{subsection.4.1.3}% 19
\BOOKMARK [3][-]{subsubsection.4.1.3.8}{\376\377\0004\000.\0001\000.\0003\000.\0008\000\040\000I\000s\000C\000l\000o\000s\000e\000T\000o\000\050\000\051}{subsection.4.1.3}% 20
\BOOKMARK [3][-]{subsubsection.4.1.3.9}{\376\377\0004\000.\0001\000.\0003\000.\0009\000\040\000I\000s\000D\000e\000a\000d\000\050\000\051}{subsection.4.1.3}% 21
\BOOKMARK [3][-]{subsubsection.4.1.3.10}{\376\377\0004\000.\0001\000.\0003\000.\0001\0000\000\040\000O\000n\000D\000e\000t\000e\000c\000t\000i\000o\000n\000B\000o\000d\000y\000E\000n\000t\000e\000r\000e\000d\000\050\000\051}{subsection.4.1.3}% 22
\BOOKMARK [3][-]{subsubsection.4.1.3.11}{\376\377\0004\000.\0001\000.\0003\000.\0001\0001\000\040\000O\000n\000H\000i\000t\000b\000o\000x\000A\000r\000e\000a\000E\000n\000t\000e\000r\000e\000d\000\050\000\051}{subsection.4.1.3}% 23
\BOOKMARK [3][-]{subsubsection.4.1.3.12}{\376\377\0004\000.\0001\000.\0003\000.\0001\0002\000\040\000O\000n\000P\000u\000r\000s\000u\000i\000n\000g\000R\000a\000d\000i\000u\000s\000B\000o\000d\000y\000E\000x\000i\000t\000e\000d\000\050\000\051}{subsection.4.1.3}% 24
\BOOKMARK [3][-]{subsubsection.4.1.3.13}{\376\377\0004\000.\0001\000.\0003\000.\0001\0003\000\040\000O\000n\000S\000w\000o\000r\000d\000H\000i\000t\000B\000o\000x\000B\000o\000d\000y\000E\000n\000t\000e\000r\000e\000d\000\050\000\051}{subsection.4.1.3}% 25
\BOOKMARK [3][-]{subsubsection.4.1.3.14}{\376\377\0004\000.\0001\000.\0003\000.\0001\0004\000\040\000R\000e\000s\000p\000a\000w\000n\000\050\000\051}{subsection.4.1.3}% 26
\BOOKMARK [3][-]{subsubsection.4.1.3.15}{\376\377\0004\000.\0001\000.\0003\000.\0001\0005\000\040\000S\000e\000t\000R\000o\000t\000a\000t\000i\000o\000n\000\050\000\051}{subsection.4.1.3}% 27
\BOOKMARK [3][-]{subsubsection.4.1.3.16}{\376\377\0004\000.\0001\000.\0003\000.\0001\0006\000\040\000T\000a\000k\000e\000D\000a\000m\000a\000g\000e\000\050\000\051}{subsection.4.1.3}% 28
\BOOKMARK [3][-]{subsubsection.4.1.3.17}{\376\377\0004\000.\0001\000.\0003\000.\0001\0007\000\040\000U\000p\000d\000a\000t\000e\000A\000n\000i\000m\000a\000t\000i\000o\000n\000\050\000\051}{subsection.4.1.3}% 29
\BOOKMARK [2][-]{subsection.4.1.4}{\376\377\0004\000.\0001\000.\0004\000\040\000M\000e\000m\000b\000e\000r\000\040\000D\000a\000t\000a\000\040\000D\000o\000c\000u\000m\000e\000n\000t\000a\000t\000i\000o\000n}{section.4.1}% 30
\BOOKMARK [3][-]{subsubsection.4.1.4.1}{\376\377\0004\000.\0001\000.\0004\000.\0001\000\040\000A\000l\000r\000e\000a\000d\000y\000H\000i\000t}{subsection.4.1.4}% 31
\BOOKMARK [3][-]{subsubsection.4.1.4.2}{\376\377\0004\000.\0001\000.\0004\000.\0002\000\040\000A\000n\000i\000m\000a\000t\000i\000o\000n\000S\000t\000a\000t\000e}{subsection.4.1.4}% 32
\BOOKMARK [3][-]{subsubsection.4.1.4.3}{\376\377\0004\000.\0001\000.\0004\000.\0003\000\040\000A\000r\000m\000o\000r}{subsection.4.1.4}% 33
\BOOKMARK [3][-]{subsubsection.4.1.4.4}{\376\377\0004\000.\0001\000.\0004\000.\0004\000\040\000C\000o\000l\000l\000i\000s\000i\000o\000n\000P\000o\000l\000y\000g\000o\000n}{subsection.4.1.4}% 34
\BOOKMARK [3][-]{subsubsection.4.1.4.5}{\376\377\0004\000.\0001\000.\0004\000.\0005\000\040\000C\000u\000r\000r\000e\000n\000t\000H\000e\000a\000l\000t\000h\000P\000o\000i\000n\000t\000s}{subsection.4.1.4}% 35
\BOOKMARK [3][-]{subsubsection.4.1.4.6}{\376\377\0004\000.\0001\000.\0004\000.\0006\000\040\000C\000u\000r\000r\000e\000n\000t\000S\000t\000a\000m\000i\000n\000a}{subsection.4.1.4}% 36
\BOOKMARK [3][-]{subsubsection.4.1.4.7}{\376\377\0004\000.\0001\000.\0004\000.\0007\000\040\000C\000u\000r\000r\000e\000n\000t\000T\000a\000r\000g\000e\000t}{subsection.4.1.4}% 37
\BOOKMARK [3][-]{subsubsection.4.1.4.8}{\376\377\0004\000.\0001\000.\0004\000.\0008\000\040\000D\000a\000m\000a\000g\000e}{subsection.4.1.4}% 38
\BOOKMARK [3][-]{subsubsection.4.1.4.9}{\376\377\0004\000.\0001\000.\0004\000.\0009\000\040\000D\000e\000a\000d}{subsection.4.1.4}% 39
\BOOKMARK [3][-]{subsubsection.4.1.4.10}{\376\377\0004\000.\0001\000.\0004\000.\0001\0000\000\040\000F\000r\000o\000n\000t\000C\000o\000l\000l\000i\000s\000i\000o\000n\000R\000a\000y\000C\000a\000s\000t}{subsection.4.1.4}% 40
\BOOKMARK [3][-]{subsubsection.4.1.4.11}{\376\377\0004\000.\0001\000.\0004\000.\0001\0001\000\040\000H\000e\000a\000l\000t\000h\000B\000a\000r}{subsection.4.1.4}% 41
\BOOKMARK [3][-]{subsubsection.4.1.4.12}{\376\377\0004\000.\0001\000.\0004\000.\0001\0002\000\040\000L\000e\000f\000t\000F\000a\000l\000l\000P\000r\000o\000t\000e\000c\000t\000i\000o\000n}{subsection.4.1.4}% 42
\BOOKMARK [3][-]{subsubsection.4.1.4.13}{\376\377\0004\000.\0001\000.\0004\000.\0001\0003\000\040\000L\000i\000n\000e\000O\000f\000S\000i\000g\000h\000t}{subsection.4.1.4}% 43
\BOOKMARK [3][-]{subsubsection.4.1.4.14}{\376\377\0004\000.\0001\000.\0004\000.\0001\0004\000\040\000M\000a\000i\000n\000C\000o\000l\000l\000i\000s\000i\000o\000n}{subsection.4.1.4}% 44
\BOOKMARK [3][-]{subsubsection.4.1.4.15}{\376\377\0004\000.\0001\000.\0004\000.\0001\0005\000\040\000M\000a\000x\000H\000e\000a\000l\000t\000h\000P\000o\000i\000n\000t\000s}{subsection.4.1.4}% 45
\BOOKMARK [3][-]{subsubsection.4.1.4.16}{\376\377\0004\000.\0001\000.\0004\000.\0001\0006\000\040\000M\000a\000x\000S\000t\000a\000m\000i\000n\000a}{subsection.4.1.4}% 46
\BOOKMARK [3][-]{subsubsection.4.1.4.17}{\376\377\0004\000.\0001\000.\0004\000.\0001\0007\000\040\000P\000l\000a\000y\000e\000r}{subsection.4.1.4}% 47
\BOOKMARK [3][-]{subsubsection.4.1.4.18}{\376\377\0004\000.\0001\000.\0004\000.\0001\0008\000\040\000P\000u\000r\000s\000u\000i\000n\000g}{subsection.4.1.4}% 48
\BOOKMARK [3][-]{subsubsection.4.1.4.19}{\376\377\0004\000.\0001\000.\0004\000.\0001\0009\000\040\000R\000e\000s\000p\000a\000w\000n\000a\000b\000l\000e}{subsection.4.1.4}% 49
\BOOKMARK [3][-]{subsubsection.4.1.4.20}{\376\377\0004\000.\0001\000.\0004\000.\0002\0000\000\040\000R\000e\000t\000u\000r\000n\000T\000o\000S\000t\000a\000r\000t}{subsection.4.1.4}% 50
\BOOKMARK [3][-]{subsubsection.4.1.4.21}{\376\377\0004\000.\0001\000.\0004\000.\0002\0001\000\040\000R\000e\000t\000u\000r\000n\000T\000o\000S\000t\000a\000r\000t\000A\000f\000t\000e\000r}{subsection.4.1.4}% 51
\BOOKMARK [3][-]{subsubsection.4.1.4.22}{\376\377\0004\000.\0001\000.\0004\000.\0002\0002\000\040\000R\000i\000g\000h\000t\000F\000a\000l\000l\000P\000r\000o\000t\000e\000c\000t\000i\000o\000n}{subsection.4.1.4}% 52
\BOOKMARK [3][-]{subsubsection.4.1.4.23}{\376\377\0004\000.\0001\000.\0004\000.\0002\0003\000\040\000S\000i\000n\000A\000m\000o\000u\000n\000t}{subsection.4.1.4}% 53
\BOOKMARK [3][-]{subsubsection.4.1.4.24}{\376\377\0004\000.\0001\000.\0004\000.\0002\0004\000\040\000S\000p\000e\000e\000d}{subsection.4.1.4}% 54
\BOOKMARK [3][-]{subsubsection.4.1.4.25}{\376\377\0004\000.\0001\000.\0004\000.\0002\0005\000\040\000S\000p\000r\000i\000t\000e}{subsection.4.1.4}% 55
\BOOKMARK [3][-]{subsubsection.4.1.4.26}{\376\377\0004\000.\0001\000.\0004\000.\0002\0006\000\040\000S\000t\000a\000r\000t\000P\000o\000s\000i\000t\000i\000o\000n}{subsection.4.1.4}% 56
\BOOKMARK [3][-]{subsubsection.4.1.4.27}{\376\377\0004\000.\0001\000.\0004\000.\0002\0007\000\040\000S\000t\000a\000r\000t\000R\000o\000t\000a\000t\000i\000o\000n}{subsection.4.1.4}% 57
\BOOKMARK [3][-]{subsubsection.4.1.4.28}{\376\377\0004\000.\0001\000.\0004\000.\0002\0008\000\040\000S\000w\000o\000r\000d\000H\000i\000t\000b\000o\000x}{subsection.4.1.4}% 58
\BOOKMARK [3][-]{subsubsection.4.1.4.29}{\376\377\0004\000.\0001\000.\0004\000.\0002\0009\000\040\000T\000a\000r\000g\000e\000t\000P\000o\000s\000i\000t\000i\000o\000n}{subsection.4.1.4}% 59
\BOOKMARK [2][-]{subsection.4.1.5}{\376\377\0004\000.\0001\000.\0005\000\040\000P\000r\000o\000p\000e\000r\000t\000y\000\040\000D\000o\000c\000u\000m\000e\000n\000t\000a\000t\000i\000o\000n}{section.4.1}% 60
\BOOKMARK [3][-]{subsubsection.4.1.5.1}{\376\377\0004\000.\0001\000.\0005\000.\0001\000\040\000I\000d}{subsection.4.1.5}% 61
\BOOKMARK [1][-]{section.4.2}{\376\377\0004\000.\0002\000\040\000B\000l\000o\000o\000d\000V\000i\000a\000l\000\040\000C\000l\000a\000s\000s\000\040\000R\000e\000f\000e\000r\000e\000n\000c\000e}{chapter.4}% 62
\BOOKMARK [2][-]{subsection.4.2.1}{\376\377\0004\000.\0002\000.\0001\000\040\000D\000e\000t\000a\000i\000l\000e\000d\000\040\000D\000e\000s\000c\000r\000i\000p\000t\000i\000o\000n}{section.4.2}% 63
\BOOKMARK [2][-]{subsection.4.2.2}{\376\377\0004\000.\0002\000.\0002\000\040\000M\000e\000m\000b\000e\000r\000\040\000F\000u\000n\000c\000t\000i\000o\000n\000\040\000D\000o\000c\000u\000m\000e\000n\000t\000a\000t\000i\000o\000n}{section.4.2}% 64
\BOOKMARK [3][-]{subsubsection.4.2.2.1}{\376\377\0004\000.\0002\000.\0002\000.\0001\000\040\000\137\000R\000e\000a\000d\000y\000\050\000\051}{subsection.4.2.2}% 65
\BOOKMARK [3][-]{subsubsection.4.2.2.2}{\376\377\0004\000.\0002\000.\0002\000.\0002\000\040\000A\000d\000d\000M\000a\000x\000U\000s\000e\000s\000\050\000\051}{subsection.4.2.2}% 66
\BOOKMARK [3][-]{subsubsection.4.2.2.3}{\376\377\0004\000.\0002\000.\0002\000.\0003\000\040\000L\000e\000v\000e\000l\000H\000e\000a\000l\000A\000m\000o\000u\000n\000t\000\050\000\051}{subsection.4.2.2}% 67
\BOOKMARK [3][-]{subsubsection.4.2.2.4}{\376\377\0004\000.\0002\000.\0002\000.\0004\000\040\000R\000e\000s\000e\000t\000U\000s\000e\000s\000\050\000\051}{subsection.4.2.2}% 68
\BOOKMARK [3][-]{subsubsection.4.2.2.5}{\376\377\0004\000.\0002\000.\0002\000.\0005\000\040\000U\000s\000e\000B\000l\000o\000o\000d\000V\000i\000a\000l\000\050\000\051}{subsection.4.2.2}% 69
\BOOKMARK [1][-]{section.4.3}{\376\377\0004\000.\0003\000\040\000B\000o\000s\000s\0001\000\040\000C\000l\000a\000s\000s\000\040\000R\000e\000f\000e\000r\000e\000n\000c\000e}{chapter.4}% 70
\BOOKMARK [2][-]{subsection.4.3.1}{\376\377\0004\000.\0003\000.\0001\000\040\000D\000e\000t\000a\000i\000l\000e\000d\000\040\000D\000e\000s\000c\000r\000i\000p\000t\000i\000o\000n}{section.4.3}% 71
\BOOKMARK [2][-]{subsection.4.3.2}{\376\377\0004\000.\0003\000.\0002\000\040\000M\000e\000m\000b\000e\000r\000\040\000F\000u\000n\000c\000t\000i\000o\000n\000\040\000D\000o\000c\000u\000m\000e\000n\000t\000a\000t\000i\000o\000n}{section.4.3}% 72
\BOOKMARK [3][-]{subsubsection.4.3.2.1}{\376\377\0004\000.\0003\000.\0002\000.\0001\000\040\000\137\000P\000r\000o\000c\000e\000s\000s\000\050\000\051}{subsection.4.3.2}% 73
\BOOKMARK [3][-]{subsubsection.4.3.2.2}{\376\377\0004\000.\0003\000.\0002\000.\0002\000\040\000\137\000R\000e\000a\000d\000y\000\050\000\051}{subsection.4.3.2}% 74
\BOOKMARK [3][-]{subsubsection.4.3.2.3}{\376\377\0004\000.\0003\000.\0002\000.\0003\000\040\000H\000a\000n\000d\000l\000e\000R\000e\000g\000e\000n\000e\000r\000a\000t\000i\000o\000n\000\050\000\051}{subsection.4.3.2}% 75
\BOOKMARK [3][-]{subsubsection.4.3.2.4}{\376\377\0004\000.\0003\000.\0002\000.\0004\000\040\000R\000e\000v\000i\000v\000e\000E\000n\000e\000m\000i\000e\000s\000\050\000\051}{subsection.4.3.2}% 76
\BOOKMARK [3][-]{subsubsection.4.3.2.5}{\376\377\0004\000.\0003\000.\0002\000.\0005\000\040\000S\000h\000o\000w\000P\000o\000p\000u\000p\000M\000e\000s\000s\000a\000g\000e\000\050\000\051}{subsection.4.3.2}% 77
\BOOKMARK [3][-]{subsubsection.4.3.2.6}{\376\377\0004\000.\0003\000.\0002\000.\0006\000\040\000S\000t\000a\000r\000t\000G\000l\000o\000w\000i\000n\000g\000\050\000\051}{subsection.4.3.2}% 78
\BOOKMARK [2][-]{subsection.4.3.3}{\376\377\0004\000.\0003\000.\0003\000\040\000M\000e\000m\000b\000e\000r\000\040\000D\000a\000t\000a\000\040\000D\000o\000c\000u\000m\000e\000n\000t\000a\000t\000i\000o\000n}{section.4.3}% 79
\BOOKMARK [3][-]{subsubsection.4.3.3.1}{\376\377\0004\000.\0003\000.\0003\000.\0001\000\040\000E\000n\000e\000m\000i\000e\000s\000R\000e\000v\000i\000v\000e\000d}{subsection.4.3.3}% 80
\BOOKMARK [3][-]{subsubsection.4.3.3.2}{\376\377\0004\000.\0003\000.\0003\000.\0002\000\040\000R\000e\000g\000e\000n\000A\000m\000o\000u\000n\000t}{subsection.4.3.3}% 81
\BOOKMARK [3][-]{subsubsection.4.3.3.3}{\376\377\0004\000.\0003\000.\0003\000.\0003\000\040\000R\000e\000g\000e\000n\000C\000o\000o\000l\000d\000o\000w\000n}{subsection.4.3.3}% 82
\BOOKMARK [3][-]{subsubsection.4.3.3.4}{\376\377\0004\000.\0003\000.\0003\000.\0004\000\040\000R\000e\000g\000e\000n\000T\000i\000m\000e\000r}{subsection.4.3.3}% 83
\BOOKMARK [1][-]{section.4.4}{\376\377\0004\000.\0004\000\040\000C\000h\000e\000c\000k\000p\000o\000i\000n\000t\000\040\000C\000l\000a\000s\000s\000\040\000R\000e\000f\000e\000r\000e\000n\000c\000e}{chapter.4}% 84
\BOOKMARK [2][-]{subsection.4.4.1}{\376\377\0004\000.\0004\000.\0001\000\040\000D\000e\000t\000a\000i\000l\000e\000d\000\040\000D\000e\000s\000c\000r\000i\000p\000t\000i\000o\000n}{section.4.4}% 85
\BOOKMARK [2][-]{subsection.4.4.2}{\376\377\0004\000.\0004\000.\0002\000\040\000M\000e\000m\000b\000e\000r\000\040\000F\000u\000n\000c\000t\000i\000o\000n\000\040\000D\000o\000c\000u\000m\000e\000n\000t\000a\000t\000i\000o\000n}{section.4.4}% 86
\BOOKMARK [3][-]{subsubsection.4.4.2.1}{\376\377\0004\000.\0004\000.\0002\000.\0001\000\040\000\137\000R\000e\000a\000d\000y\000\050\000\051}{subsection.4.4.2}% 87
\BOOKMARK [3][-]{subsubsection.4.4.2.2}{\376\377\0004\000.\0004\000.\0002\000.\0002\000\040\000O\000n\000P\000l\000a\000y\000e\000r\000B\000o\000d\000y\000E\000n\000t\000e\000r\000e\000d\000\050\000\051}{subsection.4.4.2}% 88
\BOOKMARK [2][-]{subsection.4.4.3}{\376\377\0004\000.\0004\000.\0003\000\040\000M\000e\000m\000b\000e\000r\000\040\000D\000a\000t\000a\000\040\000D\000o\000c\000u\000m\000e\000n\000t\000a\000t\000i\000o\000n}{section.4.4}% 89
\BOOKMARK [3][-]{subsubsection.4.4.3.1}{\376\377\0004\000.\0004\000.\0003\000.\0001\000\040\000P\000l\000a\000y\000e\000r}{subsection.4.4.3}% 90
\BOOKMARK [1][-]{section.4.5}{\376\377\0004\000.\0005\000\040\000D\000a\000m\000a\000g\000e\000\040\000C\000l\000a\000s\000s\000\040\000R\000e\000f\000e\000r\000e\000n\000c\000e}{chapter.4}% 91
\BOOKMARK [2][-]{subsection.4.5.1}{\376\377\0004\000.\0005\000.\0001\000\040\000D\000e\000t\000a\000i\000l\000e\000d\000\040\000D\000e\000s\000c\000r\000i\000p\000t\000i\000o\000n}{section.4.5}% 92
\BOOKMARK [2][-]{subsection.4.5.2}{\376\377\0004\000.\0005\000.\0002\000\040\000C\000o\000n\000s\000t\000r\000u\000c\000t\000o\000r\000\040\000\046\000\040\000D\000e\000s\000t\000r\000u\000c\000t\000o\000r\000\040\000D\000o\000c\000u\000m\000e\000n\000t\000a\000t\000i\000o\000n}{section.4.5}% 93
\BOOKMARK [3][-]{subsubsection.4.5.2.1}{\376\377\0004\000.\0005\000.\0002\000.\0001\000\040\000D\000a\000m\000a\000g\000e\000\050\000\051}{subsection.4.5.2}% 94
\BOOKMARK [2][-]{subsection.4.5.3}{\376\377\0004\000.\0005\000.\0003\000\040\000M\000e\000m\000b\000e\000r\000\040\000F\000u\000n\000c\000t\000i\000o\000n\000\040\000D\000o\000c\000u\000m\000e\000n\000t\000a\000t\000i\000o\000n}{section.4.5}% 95
\BOOKMARK [3][-]{subsubsection.4.5.3.1}{\376\377\0004\000.\0005\000.\0003\000.\0001\000\040\000G\000e\000t\000P\000h\000y\000s\000i\000c\000a\000l\000D\000M\000G\000\050\000\051}{subsection.4.5.3}% 96
\BOOKMARK [3][-]{subsubsection.4.5.3.2}{\376\377\0004\000.\0005\000.\0003\000.\0002\000\040\000G\000e\000t\000P\000u\000s\000h\000A\000m\000o\000u\000n\000t\000\050\000\051}{subsection.4.5.3}% 97
\BOOKMARK [3][-]{subsubsection.4.5.3.3}{\376\377\0004\000.\0005\000.\0003\000.\0003\000\040\000G\000e\000t\000S\000o\000u\000r\000c\000e\000\050\000\051}{subsection.4.5.3}% 98
\BOOKMARK [3][-]{subsubsection.4.5.3.4}{\376\377\0004\000.\0005\000.\0003\000.\0004\000\040\000G\000e\000t\000T\000r\000u\000e\000D\000M\000G\000\050\000\051}{subsection.4.5.3}% 99
\BOOKMARK [2][-]{subsection.4.5.4}{\376\377\0004\000.\0005\000.\0004\000\040\000M\000e\000m\000b\000e\000r\000\040\000D\000a\000t\000a\000\040\000D\000o\000c\000u\000m\000e\000n\000t\000a\000t\000i\000o\000n}{section.4.5}% 100
\BOOKMARK [3][-]{subsubsection.4.5.4.1}{\376\377\0004\000.\0005\000.\0004\000.\0001\000\040\000P\000h\000y\000s\000i\000c\000a\000l\000D\000M\000G}{subsection.4.5.4}% 101
\BOOKMARK [3][-]{subsubsection.4.5.4.2}{\376\377\0004\000.\0005\000.\0004\000.\0002\000\040\000P\000u\000s\000h\000A\000m\000o\000u\000n\000t}{subsection.4.5.4}% 102
\BOOKMARK [3][-]{subsubsection.4.5.4.3}{\376\377\0004\000.\0005\000.\0004\000.\0003\000\040\000S\000o\000u\000r\000c\000e}{subsection.4.5.4}% 103
\BOOKMARK [3][-]{subsubsection.4.5.4.4}{\376\377\0004\000.\0005\000.\0004\000.\0004\000\040\000T\000r\000u\000e\000D\000M\000G}{subsection.4.5.4}% 104
\BOOKMARK [1][-]{section.4.6}{\376\377\0004\000.\0006\000\040\000D\000o\000o\000r\000\040\000C\000l\000a\000s\000s\000\040\000R\000e\000f\000e\000r\000e\000n\000c\000e}{chapter.4}% 105
\BOOKMARK [2][-]{subsection.4.6.1}{\376\377\0004\000.\0006\000.\0001\000\040\000D\000e\000t\000a\000i\000l\000e\000d\000\040\000D\000e\000s\000c\000r\000i\000p\000t\000i\000o\000n}{section.4.6}% 106
\BOOKMARK [2][-]{subsection.4.6.2}{\376\377\0004\000.\0006\000.\0002\000\040\000M\000e\000m\000b\000e\000r\000\040\000F\000u\000n\000c\000t\000i\000o\000n\000\040\000D\000o\000c\000u\000m\000e\000n\000t\000a\000t\000i\000o\000n}{section.4.6}% 107
\BOOKMARK [3][-]{subsubsection.4.6.2.1}{\376\377\0004\000.\0006\000.\0002\000.\0001\000\040\000\137\000R\000e\000a\000d\000y\000\050\000\051}{subsection.4.6.2}% 108
\BOOKMARK [3][-]{subsubsection.4.6.2.2}{\376\377\0004\000.\0006\000.\0002\000.\0002\000\040\000O\000n\000P\000l\000a\000y\000e\000r\000B\000o\000d\000y\000E\000n\000t\000e\000r\000e\000d\000\050\000\051}{subsection.4.6.2}% 109
\BOOKMARK [2][-]{subsection.4.6.3}{\376\377\0004\000.\0006\000.\0003\000\040\000M\000e\000m\000b\000e\000r\000\040\000D\000a\000t\000a\000\040\000D\000o\000c\000u\000m\000e\000n\000t\000a\000t\000i\000o\000n}{section.4.6}% 110
\BOOKMARK [3][-]{subsubsection.4.6.3.1}{\376\377\0004\000.\0006\000.\0003\000.\0001\000\040\000S\000p\000a\000w\000n}{subsection.4.6.3}% 111
\BOOKMARK [2][-]{subsection.4.6.4}{\376\377\0004\000.\0006\000.\0004\000\040\000P\000r\000o\000p\000e\000r\000t\000y\000\040\000D\000o\000c\000u\000m\000e\000n\000t\000a\000t\000i\000o\000n}{section.4.6}% 112
\BOOKMARK [3][-]{subsubsection.4.6.4.1}{\376\377\0004\000.\0006\000.\0004\000.\0001\000\040\000D\000e\000s\000t\000i\000n\000a\000t\000i\000o\000n\000D\000o\000o\000r\000T\000a\000g}{subsection.4.6.4}% 113
\BOOKMARK [3][-]{subsubsection.4.6.4.2}{\376\377\0004\000.\0006\000.\0004\000.\0002\000\040\000D\000e\000s\000t\000i\000n\000a\000t\000i\000o\000n\000L\000e\000v\000e\000l\000T\000a\000g}{subsection.4.6.4}% 114
\BOOKMARK [3][-]{subsubsection.4.6.4.3}{\376\377\0004\000.\0006\000.\0004\000.\0003\000\040\000S\000p\000a\000w\000n\000D\000i\000r\000e\000c\000t\000i\000o\000n}{subsection.4.6.4}% 115
\BOOKMARK [1][-]{section.4.7}{\376\377\0004\000.\0007\000\040\000H\000e\000a\000l\000t\000h\000B\000a\000r\000\040\000C\000l\000a\000s\000s\000\040\000R\000e\000f\000e\000r\000e\000n\000c\000e}{chapter.4}% 116
\BOOKMARK [2][-]{subsection.4.7.1}{\376\377\0004\000.\0007\000.\0001\000\040\000D\000e\000t\000a\000i\000l\000e\000d\000\040\000D\000e\000s\000c\000r\000i\000p\000t\000i\000o\000n}{section.4.7}% 117
\BOOKMARK [2][-]{subsection.4.7.2}{\376\377\0004\000.\0007\000.\0002\000\040\000M\000e\000m\000b\000e\000r\000\040\000F\000u\000n\000c\000t\000i\000o\000n\000\040\000D\000o\000c\000u\000m\000e\000n\000t\000a\000t\000i\000o\000n}{section.4.7}% 118
\BOOKMARK [3][-]{subsubsection.4.7.2.1}{\376\377\0004\000.\0007\000.\0002\000.\0001\000\040\000\137\000P\000r\000o\000c\000e\000s\000s\000\050\000\051}{subsection.4.7.2}% 119
\BOOKMARK [3][-]{subsubsection.4.7.2.2}{\376\377\0004\000.\0007\000.\0002\000.\0002\000\040\000\137\000R\000e\000a\000d\000y\000\050\000\051}{subsection.4.7.2}% 120
\BOOKMARK [1][-]{section.4.8}{\376\377\0004\000.\0008\000\040\000H\000u\000d\000\040\000C\000l\000a\000s\000s\000\040\000R\000e\000f\000e\000r\000e\000n\000c\000e}{chapter.4}% 121
\BOOKMARK [2][-]{subsection.4.8.1}{\376\377\0004\000.\0008\000.\0001\000\040\000D\000e\000t\000a\000i\000l\000e\000d\000\040\000D\000e\000s\000c\000r\000i\000p\000t\000i\000o\000n}{section.4.8}% 122
\BOOKMARK [2][-]{subsection.4.8.2}{\376\377\0004\000.\0008\000.\0002\000\040\000M\000e\000m\000b\000e\000r\000\040\000F\000u\000n\000c\000t\000i\000o\000n\000\040\000D\000o\000c\000u\000m\000e\000n\000t\000a\000t\000i\000o\000n}{section.4.8}% 123
\BOOKMARK [3][-]{subsubsection.4.8.2.1}{\376\377\0004\000.\0008\000.\0002\000.\0001\000\040\000\137\000P\000r\000o\000c\000e\000s\000s\000\050\000\051}{subsection.4.8.2}% 124
\BOOKMARK [3][-]{subsubsection.4.8.2.2}{\376\377\0004\000.\0008\000.\0002\000.\0002\000\040\000\137\000R\000e\000a\000d\000y\000\050\000\051}{subsection.4.8.2}% 125
\BOOKMARK [3][-]{subsubsection.4.8.2.3}{\376\377\0004\000.\0008\000.\0002\000.\0003\000\040\000O\000n\000R\000e\000s\000u\000m\000e\000B\000u\000t\000t\000o\000n\000P\000r\000e\000s\000s\000e\000d\000\050\000\051}{subsection.4.8.2}% 126
\BOOKMARK [3][-]{subsubsection.4.8.2.4}{\376\377\0004\000.\0008\000.\0002\000.\0004\000\040\000O\000n\000S\000a\000v\000e\000B\000u\000t\000t\000o\000n\000P\000r\000e\000s\000s\000e\000d\000\050\000\051}{subsection.4.8.2}% 127
\BOOKMARK [3][-]{subsubsection.4.8.2.5}{\376\377\0004\000.\0008\000.\0002\000.\0005\000\040\000O\000n\000S\000a\000v\000e\000M\000e\000n\000u\000B\000u\000t\000t\000o\000n\000P\000r\000e\000s\000s\000e\000d\000\050\000\051}{subsection.4.8.2}% 128
\BOOKMARK [3][-]{subsubsection.4.8.2.6}{\376\377\0004\000.\0008\000.\0002\000.\0006\000\040\000O\000n\000S\000a\000v\000e\000Q\000u\000i\000t\000B\000u\000t\000t\000o\000n\000P\000r\000e\000s\000s\000e\000d\000\050\000\051}{subsection.4.8.2}% 129
\BOOKMARK [3][-]{subsubsection.4.8.2.7}{\376\377\0004\000.\0008\000.\0002\000.\0007\000\040\000T\000o\000g\000g\000l\000e\000P\000a\000u\000s\000e\000\050\000\051}{subsection.4.8.2}% 130
\BOOKMARK [2][-]{subsection.4.8.3}{\376\377\0004\000.\0008\000.\0003\000\040\000M\000e\000m\000b\000e\000r\000\040\000D\000a\000t\000a\000\040\000D\000o\000c\000u\000m\000e\000n\000t\000a\000t\000i\000o\000n}{section.4.8}% 131
\BOOKMARK [3][-]{subsubsection.4.8.3.1}{\376\377\0004\000.\0008\000.\0003\000.\0001\000\040\000A\000n\000i\000m\000a\000t\000i\000o\000n\000P\000l\000a\000y\000e\000r}{subsection.4.8.3}% 132
\BOOKMARK [3][-]{subsubsection.4.8.3.2}{\376\377\0004\000.\0008\000.\0003\000.\0002\000\040\000B\000u\000t\000t\000o\000n\000s}{subsection.4.8.3}% 133
\BOOKMARK [3][-]{subsubsection.4.8.3.3}{\376\377\0004\000.\0008\000.\0003\000.\0003\000\040\000E\000n\000a\000b\000l\000e\000d}{subsection.4.8.3}% 134
\BOOKMARK [1][-]{section.4.9}{\376\377\0004\000.\0009\000\040\000I\000n\000t\000e\000r\000a\000c\000t\000a\000b\000l\000e\000\040\000C\000l\000a\000s\000s\000\040\000R\000e\000f\000e\000r\000e\000n\000c\000e}{chapter.4}% 135
\BOOKMARK [2][-]{subsection.4.9.1}{\376\377\0004\000.\0009\000.\0001\000\040\000D\000e\000t\000a\000i\000l\000e\000d\000\040\000D\000e\000s\000c\000r\000i\000p\000t\000i\000o\000n}{section.4.9}% 136
\BOOKMARK [2][-]{subsection.4.9.2}{\376\377\0004\000.\0009\000.\0002\000\040\000M\000e\000m\000b\000e\000r\000\040\000F\000u\000n\000c\000t\000i\000o\000n\000\040\000D\000o\000c\000u\000m\000e\000n\000t\000a\000t\000i\000o\000n}{section.4.9}% 137
\BOOKMARK [3][-]{subsubsection.4.9.2.1}{\376\377\0004\000.\0009\000.\0002\000.\0001\000\040\000\137\000P\000r\000o\000c\000e\000s\000s\000\050\000\051}{subsection.4.9.2}% 138
\BOOKMARK [3][-]{subsubsection.4.9.2.2}{\376\377\0004\000.\0009\000.\0002\000.\0002\000\040\000\137\000R\000e\000a\000d\000y\000\050\000\051}{subsection.4.9.2}% 139
\BOOKMARK [3][-]{subsubsection.4.9.2.3}{\376\377\0004\000.\0009\000.\0002\000.\0003\000\040\000O\000n\000A\000r\000e\000a\000B\000o\000d\000y\000E\000x\000i\000t\000e\000d\000\050\000\051}{subsection.4.9.2}% 140
\BOOKMARK [2][-]{subsection.4.9.3}{\376\377\0004\000.\0009\000.\0003\000\040\000M\000e\000m\000b\000e\000r\000\040\000D\000a\000t\000a\000\040\000D\000o\000c\000u\000m\000e\000n\000t\000a\000t\000i\000o\000n}{section.4.9}% 141
\BOOKMARK [3][-]{subsubsection.4.9.3.1}{\376\377\0004\000.\0009\000.\0003\000.\0001\000\040\000A\000r\000e\000a}{subsection.4.9.3}% 142
\BOOKMARK [3][-]{subsubsection.4.9.3.2}{\376\377\0004\000.\0009\000.\0003\000.\0002\000\040\000P\000l\000a\000y\000e\000r}{subsection.4.9.3}% 143
\BOOKMARK [3][-]{subsubsection.4.9.3.3}{\376\377\0004\000.\0009\000.\0003\000.\0003\000\040\000P\000o\000p\000U\000p}{subsection.4.9.3}% 144
\BOOKMARK [3][-]{subsubsection.4.9.3.4}{\376\377\0004\000.\0009\000.\0003\000.\0004\000\040\000T\000e\000x\000t\000L\000a\000b\000e\000l}{subsection.4.9.3}% 145
\BOOKMARK [2][-]{subsection.4.9.4}{\376\377\0004\000.\0009\000.\0004\000\040\000P\000r\000o\000p\000e\000r\000t\000y\000\040\000D\000o\000c\000u\000m\000e\000n\000t\000a\000t\000i\000o\000n}{section.4.9}% 146
\BOOKMARK [3][-]{subsubsection.4.9.4.1}{\376\377\0004\000.\0009\000.\0004\000.\0001\000\040\000T\000e\000x\000t}{subsection.4.9.4}% 147
\BOOKMARK [1][-]{section.4.10}{\376\377\0004\000.\0001\0000\000\040\000L\000e\000v\000e\000l\000M\000a\000n\000a\000g\000e\000r\000\040\000C\000l\000a\000s\000s\000\040\000R\000e\000f\000e\000r\000e\000n\000c\000e}{chapter.4}% 148
\BOOKMARK [2][-]{subsection.4.10.1}{\376\377\0004\000.\0001\0000\000.\0001\000\040\000D\000e\000t\000a\000i\000l\000e\000d\000\040\000D\000e\000s\000c\000r\000i\000p\000t\000i\000o\000n}{section.4.10}% 149
\BOOKMARK [2][-]{subsection.4.10.2}{\376\377\0004\000.\0001\0000\000.\0002\000\040\000M\000e\000m\000b\000e\000r\000\040\000F\000u\000n\000c\000t\000i\000o\000n\000\040\000D\000o\000c\000u\000m\000e\000n\000t\000a\000t\000i\000o\000n}{section.4.10}% 150
\BOOKMARK [3][-]{subsubsection.4.10.2.1}{\376\377\0004\000.\0001\0000\000.\0002\000.\0001\000\040\000\137\000R\000e\000a\000d\000y\000\050\000\051}{subsection.4.10.2}% 151
\BOOKMARK [3][-]{subsubsection.4.10.2.2}{\376\377\0004\000.\0001\0000\000.\0002\000.\0002\000\040\000O\000n\000L\000e\000v\000e\000l\000S\000p\000a\000w\000n\000\050\000\051}{subsection.4.10.2}% 152
\BOOKMARK [1][-]{section.4.11}{\376\377\0004\000.\0001\0001\000\040\000M\000a\000i\000n\000M\000e\000n\000u\000\040\000C\000l\000a\000s\000s\000\040\000R\000e\000f\000e\000r\000e\000n\000c\000e}{chapter.4}% 153
\BOOKMARK [2][-]{subsection.4.11.1}{\376\377\0004\000.\0001\0001\000.\0001\000\040\000D\000e\000t\000a\000i\000l\000e\000d\000\040\000D\000e\000s\000c\000r\000i\000p\000t\000i\000o\000n}{section.4.11}% 154
\BOOKMARK [2][-]{subsection.4.11.2}{\376\377\0004\000.\0001\0001\000.\0002\000\040\000M\000e\000m\000b\000e\000r\000\040\000F\000u\000n\000c\000t\000i\000o\000n\000\040\000D\000o\000c\000u\000m\000e\000n\000t\000a\000t\000i\000o\000n}{section.4.11}% 155
\BOOKMARK [3][-]{subsubsection.4.11.2.1}{\376\377\0004\000.\0001\0001\000.\0002\000.\0001\000\040\000\137\000R\000e\000a\000d\000y\000\050\000\051}{subsection.4.11.2}% 156
\BOOKMARK [3][-]{subsubsection.4.11.2.2}{\376\377\0004\000.\0001\0001\000.\0002\000.\0002\000\040\000C\000h\000a\000n\000g\000e\000\050\000\051}{subsection.4.11.2}% 157
\BOOKMARK [3][-]{subsubsection.4.11.2.3}{\376\377\0004\000.\0001\0001\000.\0002\000.\0003\000\040\000O\000n\000B\000a\000c\000k\000B\000u\000t\000t\000o\000n\000P\000r\000e\000s\000s\000e\000d\000\050\000\051}{subsection.4.11.2}% 158
\BOOKMARK [3][-]{subsubsection.4.11.2.4}{\376\377\0004\000.\0001\0001\000.\0002\000.\0004\000\040\000O\000n\000C\000o\000n\000t\000i\000n\000u\000e\000B\000u\000t\000t\000o\000n\000P\000r\000e\000s\000s\000e\000d\000\050\000\051}{subsection.4.11.2}% 159
\BOOKMARK [3][-]{subsubsection.4.11.2.5}{\376\377\0004\000.\0001\0001\000.\0002\000.\0005\000\040\000O\000n\000D\000e\000l\000e\000t\000e\000C\000o\000n\000f\000i\000r\000m\000a\000t\000i\000o\000n\000C\000a\000n\000c\000e\000l\000e\000d\000\050\000\051}{subsection.4.11.2}% 160
\BOOKMARK [3][-]{subsubsection.4.11.2.6}{\376\377\0004\000.\0001\0001\000.\0002\000.\0006\000\040\000O\000n\000D\000e\000l\000e\000t\000e\000C\000o\000n\000f\000i\000r\000m\000a\000t\000i\000o\000n\000C\000l\000o\000s\000e\000R\000e\000q\000u\000e\000s\000t\000e\000d\000\050\000\051}{subsection.4.11.2}% 161
\BOOKMARK [3][-]{subsubsection.4.11.2.7}{\376\377\0004\000.\0001\0001\000.\0002\000.\0007\000\040\000O\000n\000D\000e\000l\000e\000t\000e\000C\000o\000n\000f\000i\000r\000m\000a\000t\000i\000o\000n\000C\000o\000n\000f\000i\000r\000m\000e\000d\000\050\000\051}{subsection.4.11.2}% 162
\BOOKMARK [3][-]{subsubsection.4.11.2.8}{\376\377\0004\000.\0001\0001\000.\0002\000.\0008\000\040\000O\000n\000L\000o\000a\000d\000G\000a\000m\000e\000B\000u\000t\000t\000o\000n\000P\000r\000e\000s\000s\000e\000d\000\050\000\051}{subsection.4.11.2}% 163
\BOOKMARK [3][-]{subsubsection.4.11.2.9}{\376\377\0004\000.\0001\0001\000.\0002\000.\0009\000\040\000O\000n\000N\000e\000w\000G\000a\000m\000e\000B\000u\000t\000t\000o\000n\000P\000r\000e\000s\000s\000e\000d\000\050\000\051}{subsection.4.11.2}% 164
\BOOKMARK [3][-]{subsubsection.4.11.2.10}{\376\377\0004\000.\0001\0001\000.\0002\000.\0001\0000\000\040\000O\000n\000Q\000u\000i\000t\000B\000u\000t\000t\000o\000n\000P\000r\000e\000s\000s\000e\000d\000\050\000\051}{subsection.4.11.2}% 165
\BOOKMARK [3][-]{subsubsection.4.11.2.11}{\376\377\0004\000.\0001\0001\000.\0002\000.\0001\0001\000\040\000O\000n\000S\000a\000v\000e\0001\000D\000e\000l\000e\000t\000e\000P\000r\000e\000s\000s\000e\000d\000\050\000\051}{subsection.4.11.2}% 166
\BOOKMARK [3][-]{subsubsection.4.11.2.12}{\376\377\0004\000.\0001\0001\000.\0002\000.\0001\0002\000\040\000O\000n\000S\000a\000v\000e\0001\000S\000e\000l\000e\000c\000t\000P\000r\000e\000s\000s\000e\000d\000\050\000\051}{subsection.4.11.2}% 167
\BOOKMARK [3][-]{subsubsection.4.11.2.13}{\376\377\0004\000.\0001\0001\000.\0002\000.\0001\0003\000\040\000O\000n\000S\000a\000v\000e\0002\000D\000e\000l\000e\000t\000e\000P\000r\000e\000s\000s\000e\000d\000\050\000\051}{subsection.4.11.2}% 168
\BOOKMARK [3][-]{subsubsection.4.11.2.14}{\376\377\0004\000.\0001\0001\000.\0002\000.\0001\0004\000\040\000O\000n\000S\000a\000v\000e\0002\000S\000e\000l\000e\000c\000t\000P\000r\000e\000s\000s\000e\000d\000\050\000\051}{subsection.4.11.2}% 169
\BOOKMARK [3][-]{subsubsection.4.11.2.15}{\376\377\0004\000.\0001\0001\000.\0002\000.\0001\0005\000\040\000O\000n\000S\000a\000v\000e\0003\000D\000e\000l\000e\000t\000e\000P\000r\000e\000s\000s\000e\000d\000\050\000\051}{subsection.4.11.2}% 170
\BOOKMARK [3][-]{subsubsection.4.11.2.16}{\376\377\0004\000.\0001\0001\000.\0002\000.\0001\0006\000\040\000O\000n\000S\000a\000v\000e\0003\000S\000e\000l\000e\000c\000t\000P\000r\000e\000s\000s\000e\000d\000\050\000\051}{subsection.4.11.2}% 171
\BOOKMARK [2][-]{subsection.4.11.3}{\376\377\0004\000.\0001\0001\000.\0003\000\040\000M\000e\000m\000b\000e\000r\000\040\000D\000a\000t\000a\000\040\000D\000o\000c\000u\000m\000e\000n\000t\000a\000t\000i\000o\000n}{section.4.11}% 172
\BOOKMARK [3][-]{subsubsection.4.11.3.1}{\376\377\0004\000.\0001\0001\000.\0003\000.\0001\000\040\000C\000o\000n\000t\000i\000n\000u\000e\000B\000u\000t\000t\000o\000n}{subsection.4.11.3}% 173
\BOOKMARK [3][-]{subsubsection.4.11.3.2}{\376\377\0004\000.\0001\0001\000.\0003\000.\0002\000\040\000D\000e\000l\000e\000t\000e\000B\000u\000t\000t\000o\000n}{subsection.4.11.3}% 174
\BOOKMARK [3][-]{subsubsection.4.11.3.3}{\376\377\0004\000.\0001\0001\000.\0003\000.\0003\000\040\000D\000e\000l\000e\000t\000e\000C\000o\000n\000f\000i\000r\000m\000a\000t\000i\000o\000n}{subsection.4.11.3}% 175
\BOOKMARK [3][-]{subsubsection.4.11.3.4}{\376\377\0004\000.\0001\0001\000.\0003\000.\0004\000\040\000I\000n\000f\000o\000L\000a\000b\000e\000l}{subsection.4.11.3}% 176
\BOOKMARK [3][-]{subsubsection.4.11.3.5}{\376\377\0004\000.\0001\0001\000.\0003\000.\0005\000\040\000M\000e\000n\000u\000S\000t\000a\000t\000e}{subsection.4.11.3}% 177
\BOOKMARK [3][-]{subsubsection.4.11.3.6}{\376\377\0004\000.\0001\0001\000.\0003\000.\0006\000\040\000N\000a\000v\000i\000g\000a\000t\000i\000o\000n}{subsection.4.11.3}% 178
\BOOKMARK [3][-]{subsubsection.4.11.3.7}{\376\377\0004\000.\0001\0001\000.\0003\000.\0007\000\040\000S\000a\000v\000e\000L\000a\000b\000e\000l}{subsection.4.11.3}% 179
\BOOKMARK [3][-]{subsubsection.4.11.3.8}{\376\377\0004\000.\0001\0001\000.\0003\000.\0008\000\040\000S\000a\000v\000e\000s\000C\000o\000n\000t\000a\000i\000n\000e\000r}{subsection.4.11.3}% 180
\BOOKMARK [3][-]{subsubsection.4.11.3.9}{\376\377\0004\000.\0001\0001\000.\0003\000.\0009\000\040\000S\000a\000v\000e\000T\000o\000D\000e\000l\000e\000t\000e}{subsection.4.11.3}% 181
\BOOKMARK [3][-]{subsubsection.4.11.3.10}{\376\377\0004\000.\0001\0001\000.\0003\000.\0001\0000\000\040\000S\000e\000l\000e\000c\000t\000B\000u\000t\000t\000o\000n}{subsection.4.11.3}% 182
\BOOKMARK [1][-]{section.4.12}{\376\377\0004\000.\0001\0002\000\040\000M\000a\000i\000n\000M\000e\000n\000u\000B\000a\000c\000k\000g\000r\000o\000u\000n\000d\000\040\000C\000l\000a\000s\000s\000\040\000R\000e\000f\000e\000r\000e\000n\000c\000e}{chapter.4}% 183
\BOOKMARK [2][-]{subsection.4.12.1}{\376\377\0004\000.\0001\0002\000.\0001\000\040\000D\000e\000t\000a\000i\000l\000e\000d\000\040\000D\000e\000s\000c\000r\000i\000p\000t\000i\000o\000n}{section.4.12}% 184
\BOOKMARK [2][-]{subsection.4.12.2}{\376\377\0004\000.\0001\0002\000.\0002\000\040\000M\000e\000m\000b\000e\000r\000\040\000F\000u\000n\000c\000t\000i\000o\000n\000\040\000D\000o\000c\000u\000m\000e\000n\000t\000a\000t\000i\000o\000n}{section.4.12}% 185
\BOOKMARK [3][-]{subsubsection.4.12.2.1}{\376\377\0004\000.\0001\0002\000.\0002\000.\0001\000\040\000\137\000P\000r\000o\000c\000e\000s\000s\000\050\000\051}{subsection.4.12.2}% 186
\BOOKMARK [2][-]{subsection.4.12.3}{\376\377\0004\000.\0001\0002\000.\0003\000\040\000M\000e\000m\000b\000e\000r\000\040\000D\000a\000t\000a\000\040\000D\000o\000c\000u\000m\000e\000n\000t\000a\000t\000i\000o\000n}{section.4.12}% 187
\BOOKMARK [3][-]{subsubsection.4.12.3.1}{\376\377\0004\000.\0001\0002\000.\0003\000.\0001\000\040\000S\000c\000r\000o\000l\000l\000S\000p\000e\000e\000d}{subsection.4.12.3}% 188
\BOOKMARK [1][-]{section.4.13}{\376\377\0004\000.\0001\0003\000\040\000N\000a\000v\000i\000g\000a\000t\000i\000o\000n\000M\000a\000n\000a\000g\000e\000r\000\040\000C\000l\000a\000s\000s\000\040\000R\000e\000f\000e\000r\000e\000n\000c\000e}{chapter.4}% 189
\BOOKMARK [2][-]{subsection.4.13.1}{\376\377\0004\000.\0001\0003\000.\0001\000\040\000D\000e\000t\000a\000i\000l\000e\000d\000\040\000D\000e\000s\000c\000r\000i\000p\000t\000i\000o\000n}{section.4.13}% 190
\BOOKMARK [2][-]{subsection.4.13.2}{\376\377\0004\000.\0001\0003\000.\0002\000\040\000M\000e\000m\000b\000e\000r\000\040\000F\000u\000n\000c\000t\000i\000o\000n\000\040\000D\000o\000c\000u\000m\000e\000n\000t\000a\000t\000i\000o\000n}{section.4.13}% 191
\BOOKMARK [3][-]{subsubsection.4.13.2.1}{\376\377\0004\000.\0001\0003\000.\0002\000.\0001\000\040\000\137\000R\000e\000a\000d\000y\000\050\000\051}{subsection.4.13.2}% 192
\BOOKMARK [3][-]{subsubsection.4.13.2.2}{\376\377\0004\000.\0001\0003\000.\0002\000.\0002\000\040\000D\000e\000f\000e\000r\000r\000e\000d\000C\000h\000a\000n\000g\000e\000S\000c\000e\000n\000e\000\050\000\051}{subsection.4.13.2}% 193
\BOOKMARK [3][-]{subsubsection.4.13.2.3}{\376\377\0004\000.\0001\0003\000.\0002\000.\0003\000\040\000G\000o\000T\000o\000L\000e\000v\000e\000l\000\050\000\051}{subsection.4.13.2}% 194
\BOOKMARK [3][-]{subsubsection.4.13.2.4}{\376\377\0004\000.\0001\0003\000.\0002\000.\0004\000\040\000O\000n\000T\000r\000i\000g\000g\000e\000r\000P\000l\000a\000y\000e\000r\000S\000p\000a\000w\000n\000E\000v\000e\000n\000t\000H\000a\000n\000d\000l\000e\000r\000\050\000\051}{subsection.4.13.2}% 195
\BOOKMARK [3][-]{subsubsection.4.13.2.5}{\376\377\0004\000.\0001\0003\000.\0002\000.\0005\000\040\000T\000r\000i\000g\000g\000e\000r\000P\000l\000a\000y\000e\000r\000S\000p\000a\000w\000n\000\050\000\051}{subsection.4.13.2}% 196
\BOOKMARK [2][-]{subsection.4.13.3}{\376\377\0004\000.\0001\0003\000.\0003\000\040\000M\000e\000m\000b\000e\000r\000\040\000D\000a\000t\000a\000\040\000D\000o\000c\000u\000m\000e\000n\000t\000a\000t\000i\000o\000n}{section.4.13}% 197
\BOOKMARK [3][-]{subsubsection.4.13.3.1}{\376\377\0004\000.\0001\0003\000.\0003\000.\0001\000\040\000S\000c\000e\000n\000e\000B\000o\000s\000s}{subsection.4.13.3}% 198
\BOOKMARK [3][-]{subsubsection.4.13.3.2}{\376\377\0004\000.\0001\0003\000.\0003\000.\0002\000\040\000S\000c\000e\000n\000e\000I\000n\000t\000r\000o}{subsection.4.13.3}% 199
\BOOKMARK [3][-]{subsubsection.4.13.3.3}{\376\377\0004\000.\0001\0003\000.\0003\000.\0003\000\040\000S\000c\000e\000n\000e\000L\000e\000v\000e\000l\0001}{subsection.4.13.3}% 200
\BOOKMARK [3][-]{subsubsection.4.13.3.4}{\376\377\0004\000.\0001\0003\000.\0003\000.\0004\000\040\000S\000c\000e\000n\000e\000L\000e\000v\000e\000l\000O\000n\000e}{subsection.4.13.3}% 201
\BOOKMARK [3][-]{subsubsection.4.13.3.5}{\376\377\0004\000.\0001\0003\000.\0003\000.\0005\000\040\000S\000c\000e\000n\000e\000L\000e\000v\000e\000l\000T\000w\000o}{subsection.4.13.3}% 202
\BOOKMARK [3][-]{subsubsection.4.13.3.6}{\376\377\0004\000.\0001\0003\000.\0003\000.\0006\000\040\000S\000c\000e\000n\000e\000M\000a\000i\000n\000M\000e\000n\000u}{subsection.4.13.3}% 203
\BOOKMARK [2][-]{subsection.4.13.4}{\376\377\0004\000.\0001\0003\000.\0004\000\040\000P\000r\000o\000p\000e\000r\000t\000y\000\040\000D\000o\000c\000u\000m\000e\000n\000t\000a\000t\000i\000o\000n}{section.4.13}% 204
\BOOKMARK [3][-]{subsubsection.4.13.4.1}{\376\377\0004\000.\0001\0003\000.\0004\000.\0001\000\040\000I\000n\000s\000t\000a\000n\000c\000e}{subsection.4.13.4}% 205
\BOOKMARK [3][-]{subsubsection.4.13.4.2}{\376\377\0004\000.\0001\0003\000.\0004\000.\0002\000\040\000S\000p\000a\000w\000n\000D\000o\000o\000r\000T\000a\000g}{subsection.4.13.4}% 206
\BOOKMARK [1][-]{section.4.14}{\376\377\0004\000.\0001\0004\000\040\000P\000l\000a\000y\000e\000r\000\040\000C\000l\000a\000s\000s\000\040\000R\000e\000f\000e\000r\000e\000n\000c\000e}{chapter.4}% 207
\BOOKMARK [2][-]{subsection.4.14.1}{\376\377\0004\000.\0001\0004\000.\0001\000\040\000D\000e\000t\000a\000i\000l\000e\000d\000\040\000D\000e\000s\000c\000r\000i\000p\000t\000i\000o\000n}{section.4.14}% 208
\BOOKMARK [2][-]{subsection.4.14.2}{\376\377\0004\000.\0001\0004\000.\0002\000\040\000M\000e\000m\000b\000e\000r\000\040\000F\000u\000n\000c\000t\000i\000o\000n\000\040\000D\000o\000c\000u\000m\000e\000n\000t\000a\000t\000i\000o\000n}{section.4.14}% 209
\BOOKMARK [3][-]{subsubsection.4.14.2.1}{\376\377\0004\000.\0001\0004\000.\0002\000.\0001\000\040\000\137\000P\000h\000y\000s\000i\000c\000s\000P\000r\000o\000c\000e\000s\000s\000\050\000\051}{subsection.4.14.2}% 210
\BOOKMARK [3][-]{subsubsection.4.14.2.2}{\376\377\0004\000.\0001\0004\000.\0002\000.\0002\000\040\000\137\000R\000e\000a\000d\000y\000\050\000\051}{subsection.4.14.2}% 211
\BOOKMARK [3][-]{subsubsection.4.14.2.3}{\376\377\0004\000.\0001\0004\000.\0002\000.\0003\000\040\000C\000r\000e\000a\000t\000e\000D\000a\000s\000h\000E\000f\000f\000e\000c\000t\000\050\000\051}{subsection.4.14.2}% 212
\BOOKMARK [3][-]{subsubsection.4.14.2.4}{\376\377\0004\000.\0001\0004\000.\0002\000.\0004\000\040\000D\000a\000s\000h\000I\000n\000P\000r\000o\000g\000r\000e\000s\000s\000\050\000\051}{subsection.4.14.2}% 213
\BOOKMARK [3][-]{subsubsection.4.14.2.5}{\376\377\0004\000.\0001\0004\000.\0002\000.\0005\000\040\000G\000e\000t\000B\000l\000o\000o\000d\000V\000i\000a\000l\000s\000\050\000\051}{subsection.4.14.2}% 214
\BOOKMARK [3][-]{subsubsection.4.14.2.6}{\376\377\0004\000.\0001\0004\000.\0002\000.\0006\000\040\000G\000e\000t\000D\000a\000m\000a\000g\000e\000\050\000\051}{subsection.4.14.2}% 215
\BOOKMARK [3][-]{subsubsection.4.14.2.7}{\376\377\0004\000.\0001\0004\000.\0002\000.\0007\000\040\000H\000a\000n\000d\000l\000e\000J\000u\000m\000p\000\050\000\051}{subsection.4.14.2}% 216
\BOOKMARK [3][-]{subsubsection.4.14.2.8}{\376\377\0004\000.\0001\0004\000.\0002\000.\0008\000\040\000H\000a\000n\000d\000l\000e\000M\000o\000v\000e\000m\000e\000n\000t\000\050\000\051}{subsection.4.14.2}% 217
\BOOKMARK [3][-]{subsubsection.4.14.2.9}{\376\377\0004\000.\0001\0004\000.\0002\000.\0009\000\040\000I\000s\000A\000t\000t\000a\000c\000k\000i\000n\000g\000\050\000\051}{subsection.4.14.2}% 218
\BOOKMARK [3][-]{subsubsection.4.14.2.10}{\376\377\0004\000.\0001\0004\000.\0002\000.\0001\0000\000\040\000I\000s\000B\000l\000o\000c\000k\000i\000n\000g\000\050\000\051}{subsection.4.14.2}% 219
\BOOKMARK [3][-]{subsubsection.4.14.2.11}{\376\377\0004\000.\0001\0004\000.\0002\000.\0001\0001\000\040\000M\000a\000x\000H\000e\000a\000l\000\050\000\051}{subsection.4.14.2}% 220
\BOOKMARK [3][-]{subsubsection.4.14.2.12}{\376\377\0004\000.\0001\0004\000.\0002\000.\0001\0002\000\040\000O\000n\000S\000p\000a\000w\000n\000\050\000\051}{subsection.4.14.2}% 221
\BOOKMARK [3][-]{subsubsection.4.14.2.13}{\376\377\0004\000.\0001\0004\000.\0002\000.\0001\0003\000\040\000R\000e\000g\000e\000n\000e\000r\000a\000t\000e\000S\000t\000a\000m\000i\000n\000a\000\050\000\051}{subsection.4.14.2}% 222
\BOOKMARK [3][-]{subsubsection.4.14.2.14}{\376\377\0004\000.\0001\0004\000.\0002\000.\0001\0004\000\040\000R\000e\000s\000p\000a\000w\000n\000\050\000\051}{subsection.4.14.2}% 223
\BOOKMARK [3][-]{subsubsection.4.14.2.15}{\376\377\0004\000.\0001\0004\000.\0002\000.\0001\0005\000\040\000S\000e\000t\000S\000i\000n\000A\000m\000o\000u\000n\000t\000\050\000\051}{subsection.4.14.2}% 224
\BOOKMARK [3][-]{subsubsection.4.14.2.16}{\376\377\0004\000.\0001\0004\000.\0002\000.\0001\0006\000\040\000S\000l\000o\000w\000P\000l\000a\000y\000e\000r\000\050\000\051}{subsection.4.14.2}% 225
\BOOKMARK [3][-]{subsubsection.4.14.2.17}{\376\377\0004\000.\0001\0004\000.\0002\000.\0001\0007\000\040\000S\000t\000a\000r\000t\000D\000a\000s\000h\000\050\000\051}{subsection.4.14.2}% 226
\BOOKMARK [3][-]{subsubsection.4.14.2.18}{\376\377\0004\000.\0001\0004\000.\0002\000.\0001\0008\000\040\000S\000t\000o\000p\000D\000a\000s\000h\000\050\000\051}{subsection.4.14.2}% 227
\BOOKMARK [3][-]{subsubsection.4.14.2.19}{\376\377\0004\000.\0001\0004\000.\0002\000.\0001\0009\000\040\000T\000a\000k\000e\000D\000a\000m\000a\000g\000e\000\050\000\051}{subsection.4.14.2}% 228
\BOOKMARK [3][-]{subsubsection.4.14.2.20}{\376\377\0004\000.\0001\0004\000.\0002\000.\0002\0000\000\040\000U\000p\000d\000a\000t\000e\000A\000n\000i\000m\000a\000t\000i\000o\000n\000s\000\050\000\051}{subsection.4.14.2}% 229
\BOOKMARK [3][-]{subsubsection.4.14.2.21}{\376\377\0004\000.\0001\0004\000.\0002\000.\0002\0001\000\040\000U\000s\000e\000S\000t\000a\000m\000i\000n\000a\000\050\000\051}{subsection.4.14.2}% 230
\BOOKMARK [2][-]{subsection.4.14.3}{\376\377\0004\000.\0001\0004\000.\0003\000\040\000M\000e\000m\000b\000e\000r\000\040\000D\000a\000t\000a\000\040\000D\000o\000c\000u\000m\000e\000n\000t\000a\000t\000i\000o\000n}{section.4.14}% 231
\BOOKMARK [3][-]{subsubsection.4.14.3.1}{\376\377\0004\000.\0001\0004\000.\0003\000.\0001\000\040\000A\000n\000i\000m\000a\000t\000i\000o\000n\000P\000l\000a\000y\000e\000r}{subsection.4.14.3}% 232
\BOOKMARK [3][-]{subsubsection.4.14.3.2}{\376\377\0004\000.\0001\0004\000.\0003\000.\0002\000\040\000B\000l\000o\000o\000d\000V\000i\000a\000l\000s}{subsection.4.14.3}% 233
\BOOKMARK [3][-]{subsubsection.4.14.3.3}{\376\377\0004\000.\0001\0004\000.\0003\000.\0003\000\040\000C\000a\000n\000D\000a\000s\000h}{subsection.4.14.3}% 234
\BOOKMARK [3][-]{subsubsection.4.14.3.4}{\376\377\0004\000.\0001\0004\000.\0003\000.\0004\000\040\000D\000a\000s\000h\000D\000i\000r\000e\000c\000t\000i\000o\000n}{subsection.4.14.3}% 235
\BOOKMARK [3][-]{subsubsection.4.14.3.5}{\376\377\0004\000.\0001\0004\000.\0003\000.\0005\000\040\000D\000a\000s\000h\000E\000f\000f\000e\000c\000t}{subsection.4.14.3}% 236
\BOOKMARK [3][-]{subsubsection.4.14.3.6}{\376\377\0004\000.\0001\0004\000.\0003\000.\0006\000\040\000D\000a\000s\000h\000S\000p\000e\000e\000d}{subsection.4.14.3}% 237
\BOOKMARK [3][-]{subsubsection.4.14.3.7}{\376\377\0004\000.\0001\0004\000.\0003\000.\0007\000\040\000D\000a\000s\000h\000T\000i\000m\000e\000r}{subsection.4.14.3}% 238
\BOOKMARK [3][-]{subsubsection.4.14.3.8}{\376\377\0004\000.\0001\0004\000.\0003\000.\0008\000\040\000D\000a\000s\000h\000T\000r\000a\000i\000l\000I\000n\000t\000e\000r\000v\000a\000l}{subsection.4.14.3}% 239
\BOOKMARK [3][-]{subsubsection.4.14.3.9}{\376\377\0004\000.\0001\0004\000.\0003\000.\0009\000\040\000D\000a\000s\000h\000T\000r\000a\000i\000l\000T\000i\000m\000e\000r}{subsection.4.14.3}% 240
\BOOKMARK [3][-]{subsubsection.4.14.3.10}{\376\377\0004\000.\0001\0004\000.\0003\000.\0001\0000\000\040\000H\000a\000u\000p\000t\000H\000i\000t\000b\000o\000x}{subsection.4.14.3}% 241
\BOOKMARK [3][-]{subsubsection.4.14.3.11}{\376\377\0004\000.\0001\0004\000.\0003\000.\0001\0001\000\040\000I\000s\000D\000a\000s\000h\000i\000n\000g}{subsection.4.14.3}% 242
\BOOKMARK [3][-]{subsubsection.4.14.3.12}{\376\377\0004\000.\0001\0004\000.\0003\000.\0001\0002\000\040\000J\000U\000M\000P\000\137\000V\000E\000L\000O\000C\000I\000T\000Y}{subsection.4.14.3}% 243
\BOOKMARK [3][-]{subsubsection.4.14.3.13}{\376\377\0004\000.\0001\0004\000.\0003\000.\0001\0003\000\040\000J\000u\000m\000p\000C\000o\000u\000n\000t}{subsection.4.14.3}% 244
\BOOKMARK [3][-]{subsubsection.4.14.3.14}{\376\377\0004\000.\0001\0004\000.\0003\000.\0001\0004\000\040\000J\000u\000m\000p\000M\000a\000x}{subsection.4.14.3}% 245
\BOOKMARK [3][-]{subsubsection.4.14.3.15}{\376\377\0004\000.\0001\0004\000.\0003\000.\0001\0005\000\040\000L\000a\000s\000t\000A\000t\000t\000a\000c\000k}{subsection.4.14.3}% 246
\BOOKMARK [3][-]{subsubsection.4.14.3.16}{\376\377\0004\000.\0001\0004\000.\0003\000.\0001\0006\000\040\000P\000l\000a\000y\000e\000r\000H\000i\000t\000b\000o\000x}{subsection.4.14.3}% 247
\BOOKMARK [3][-]{subsubsection.4.14.3.17}{\376\377\0004\000.\0001\0004\000.\0003\000.\0001\0007\000\040\000S\000i\000n\000D\000i\000s\000p\000l\000a\000y}{subsection.4.14.3}% 248
\BOOKMARK [3][-]{subsubsection.4.14.3.18}{\376\377\0004\000.\0001\0004\000.\0003\000.\0001\0008\000\040\000S\000P\000E\000E\000D}{subsection.4.14.3}% 249
\BOOKMARK [3][-]{subsubsection.4.14.3.19}{\376\377\0004\000.\0001\0004\000.\0003\000.\0001\0009\000\040\000S\000p\000r\000i\000t\000e}{subsection.4.14.3}% 250
\BOOKMARK [3][-]{subsubsection.4.14.3.20}{\376\377\0004\000.\0001\0004\000.\0003\000.\0002\0000\000\040\000S\000w\000o\000r\000d\000C\000o\000l\000l\000i\000s\000i\000o\000n}{subsection.4.14.3}% 251
\BOOKMARK [3][-]{subsubsection.4.14.3.21}{\376\377\0004\000.\0001\0004\000.\0003\000.\0002\0001\000\040\000T\000i\000m\000e\000S\000i\000n\000c\000e\000L\000a\000s\000t\000S\000t\000a\000m\000i\000n\000a\000U\000s\000e}{subsection.4.14.3}% 252
\BOOKMARK [1][-]{section.4.15}{\376\377\0004\000.\0001\0005\000\040\000P\000l\000a\000y\000e\000r\000S\000t\000a\000t\000s\000\040\000C\000l\000a\000s\000s\000\040\000R\000e\000f\000e\000r\000e\000n\000c\000e}{chapter.4}% 253
\BOOKMARK [2][-]{subsection.4.15.1}{\376\377\0004\000.\0001\0005\000.\0001\000\040\000D\000e\000t\000a\000i\000l\000e\000d\000\040\000D\000e\000s\000c\000r\000i\000p\000t\000i\000o\000n}{section.4.15}% 254
\BOOKMARK [2][-]{subsection.4.15.2}{\376\377\0004\000.\0001\0005\000.\0002\000\040\000M\000e\000m\000b\000e\000r\000\040\000F\000u\000n\000c\000t\000i\000o\000n\000\040\000D\000o\000c\000u\000m\000e\000n\000t\000a\000t\000i\000o\000n}{section.4.15}% 255
\BOOKMARK [3][-]{subsubsection.4.15.2.1}{\376\377\0004\000.\0001\0005\000.\0002\000.\0001\000\040\000\137\000R\000e\000a\000d\000y\000\050\000\051}{subsection.4.15.2}% 256
\BOOKMARK [3][-]{subsubsection.4.15.2.2}{\376\377\0004\000.\0001\0005\000.\0002\000.\0002\000\040\000G\000e\000t\000B\000V\000C\000u\000r\000r\000e\000n\000t\000U\000s\000e\000s\000\050\000\051}{subsection.4.15.2}% 257
\BOOKMARK [3][-]{subsubsection.4.15.2.3}{\376\377\0004\000.\0001\0005\000.\0002\000.\0003\000\040\000G\000e\000t\000B\000V\000H\000e\000a\000l\000A\000m\000o\000u\000n\000t\000\050\000\051}{subsection.4.15.2}% 258
\BOOKMARK [3][-]{subsubsection.4.15.2.4}{\376\377\0004\000.\0001\0005\000.\0002\000.\0004\000\040\000G\000e\000t\000B\000V\000M\000a\000x\000U\000s\000e\000s\000\050\000\051}{subsection.4.15.2}% 259
\BOOKMARK [3][-]{subsubsection.4.15.2.5}{\376\377\0004\000.\0001\0005\000.\0002\000.\0005\000\040\000G\000e\000t\000C\000u\000r\000r\000e\000n\000t\000H\000e\000a\000l\000t\000h\000\050\000\051}{subsection.4.15.2}% 260
\BOOKMARK [3][-]{subsubsection.4.15.2.6}{\376\377\0004\000.\0001\0005\000.\0002\000.\0006\000\040\000G\000e\000t\000C\000u\000r\000r\000e\000n\000t\000L\000e\000v\000e\000l\000T\000a\000g\000\050\000\051}{subsection.4.15.2}% 261
\BOOKMARK [3][-]{subsubsection.4.15.2.7}{\376\377\0004\000.\0001\0005\000.\0002\000.\0007\000\040\000G\000e\000t\000M\000a\000x\000H\000e\000a\000l\000t\000h\000P\000o\000i\000n\000t\000s\000\050\000\051}{subsection.4.15.2}% 262
\BOOKMARK [3][-]{subsubsection.4.15.2.8}{\376\377\0004\000.\0001\0005\000.\0002\000.\0008\000\040\000G\000e\000t\000M\000a\000x\000S\000t\000a\000m\000i\000n\000a\000\050\000\051}{subsection.4.15.2}% 263
\BOOKMARK [3][-]{subsubsection.4.15.2.9}{\376\377\0004\000.\0001\0005\000.\0002\000.\0009\000\040\000G\000e\000t\000P\000o\000s\000i\000t\000i\000o\000n\000\050\000\051}{subsection.4.15.2}% 264
\BOOKMARK [3][-]{subsubsection.4.15.2.10}{\376\377\0004\000.\0001\0005\000.\0002\000.\0001\0000\000\040\000G\000e\000t\000R\000e\000s\000p\000a\000w\000n\000L\000e\000v\000e\000l\000T\000a\000g\000\050\000\051}{subsection.4.15.2}% 265
\BOOKMARK [3][-]{subsubsection.4.15.2.11}{\376\377\0004\000.\0001\0005\000.\0002\000.\0001\0001\000\040\000G\000e\000t\000S\000i\000n\000A\000m\000o\000u\000n\000t\000\050\000\051}{subsection.4.15.2}% 266
\BOOKMARK [3][-]{subsubsection.4.15.2.12}{\376\377\0004\000.\0001\0005\000.\0002\000.\0001\0002\000\040\000G\000e\000t\000S\000p\000a\000w\000n\000P\000o\000i\000n\000t\000\050\000\051}{subsection.4.15.2}% 267
\BOOKMARK [3][-]{subsubsection.4.15.2.13}{\376\377\0004\000.\0001\0005\000.\0002\000.\0001\0003\000\040\000G\000e\000t\000S\000t\000a\000m\000i\000n\000a\000\050\000\051}{subsection.4.15.2}% 268
\BOOKMARK [3][-]{subsubsection.4.15.2.14}{\376\377\0004\000.\0001\0005\000.\0002\000.\0001\0004\000\040\000R\000e\000l\000o\000a\000d\000\050\000\051}{subsection.4.15.2}% 269
\BOOKMARK [3][-]{subsubsection.4.15.2.15}{\376\377\0004\000.\0001\0005\000.\0002\000.\0001\0005\000\040\000S\000e\000t\000B\000V\000C\000u\000r\000r\000e\000n\000t\000U\000s\000e\000s\000\050\000\051}{subsection.4.15.2}% 270
\BOOKMARK [3][-]{subsubsection.4.15.2.16}{\376\377\0004\000.\0001\0005\000.\0002\000.\0001\0006\000\040\000S\000e\000t\000B\000V\000H\000e\000a\000l\000A\000m\000o\000u\000n\000t\000\050\000\051}{subsection.4.15.2}% 271
\BOOKMARK [3][-]{subsubsection.4.15.2.17}{\376\377\0004\000.\0001\0005\000.\0002\000.\0001\0007\000\040\000S\000e\000t\000B\000V\000M\000a\000x\000U\000s\000e\000s\000\050\000\051}{subsection.4.15.2}% 272
\BOOKMARK [3][-]{subsubsection.4.15.2.18}{\376\377\0004\000.\0001\0005\000.\0002\000.\0001\0008\000\040\000S\000e\000t\000C\000u\000r\000r\000e\000n\000t\000H\000e\000a\000l\000t\000h\000\050\000\051}{subsection.4.15.2}% 273
\BOOKMARK [3][-]{subsubsection.4.15.2.19}{\376\377\0004\000.\0001\0005\000.\0002\000.\0001\0009\000\040\000S\000e\000t\000C\000u\000r\000r\000e\000n\000t\000L\000e\000v\000e\000l\000T\000a\000g\000\050\000\051}{subsection.4.15.2}% 274
\BOOKMARK [3][-]{subsubsection.4.15.2.20}{\376\377\0004\000.\0001\0005\000.\0002\000.\0002\0000\000\040\000S\000e\000t\000M\000a\000x\000H\000e\000a\000l\000t\000h\000P\000o\000i\000n\000t\000s\000\050\000\051}{subsection.4.15.2}% 275
\BOOKMARK [3][-]{subsubsection.4.15.2.21}{\376\377\0004\000.\0001\0005\000.\0002\000.\0002\0001\000\040\000S\000e\000t\000M\000a\000x\000S\000t\000a\000m\000i\000n\000a\000\050\000\051}{subsection.4.15.2}% 276
\BOOKMARK [3][-]{subsubsection.4.15.2.22}{\376\377\0004\000.\0001\0005\000.\0002\000.\0002\0002\000\040\000S\000e\000t\000P\000o\000s\000i\000t\000i\000o\000n\000\050\000\051}{subsection.4.15.2}% 277
\BOOKMARK [3][-]{subsubsection.4.15.2.23}{\376\377\0004\000.\0001\0005\000.\0002\000.\0002\0003\000\040\000S\000e\000t\000R\000e\000s\000p\000a\000w\000n\000L\000e\000v\000e\000l\000T\000a\000g\000\050\000\051}{subsection.4.15.2}% 278
\BOOKMARK [3][-]{subsubsection.4.15.2.24}{\376\377\0004\000.\0001\0005\000.\0002\000.\0002\0004\000\040\000S\000e\000t\000S\000i\000n\000A\000m\000o\000u\000n\000t\000\050\000\051}{subsection.4.15.2}% 279
\BOOKMARK [3][-]{subsubsection.4.15.2.25}{\376\377\0004\000.\0001\0005\000.\0002\000.\0002\0005\000\040\000S\000e\000t\000S\000p\000a\000w\000n\000P\000o\000i\000n\000t\000\050\000\051}{subsection.4.15.2}% 280
\BOOKMARK [3][-]{subsubsection.4.15.2.26}{\376\377\0004\000.\0001\0005\000.\0002\000.\0002\0006\000\040\000S\000e\000t\000S\000t\000a\000m\000i\000n\000a\000\050\000\051}{subsection.4.15.2}% 281
\BOOKMARK [2][-]{subsection.4.15.3}{\376\377\0004\000.\0001\0005\000.\0003\000\040\000M\000e\000m\000b\000e\000r\000\040\000D\000a\000t\000a\000\040\000D\000o\000c\000u\000m\000e\000n\000t\000a\000t\000i\000o\000n}{section.4.15}% 282
\BOOKMARK [3][-]{subsubsection.4.15.3.1}{\376\377\0004\000.\0001\0005\000.\0003\000.\0001\000\040\000B\000V\000C\000u\000r\000r\000e\000n\000t\000U\000s\000e\000s}{subsection.4.15.3}% 283
\BOOKMARK [3][-]{subsubsection.4.15.3.2}{\376\377\0004\000.\0001\0005\000.\0003\000.\0002\000\040\000B\000V\000H\000e\000a\000l\000A\000m\000o\000u\000n\000t}{subsection.4.15.3}% 284
\BOOKMARK [3][-]{subsubsection.4.15.3.3}{\376\377\0004\000.\0001\0005\000.\0003\000.\0003\000\040\000B\000V\000M\000a\000x\000U\000s\000e\000s}{subsection.4.15.3}% 285
\BOOKMARK [3][-]{subsubsection.4.15.3.4}{\376\377\0004\000.\0001\0005\000.\0003\000.\0004\000\040\000C\000u\000r\000r\000e\000n\000t\000H\000e\000a\000l\000t\000h}{subsection.4.15.3}% 286
\BOOKMARK [3][-]{subsubsection.4.15.3.5}{\376\377\0004\000.\0001\0005\000.\0003\000.\0005\000\040\000C\000u\000r\000r\000e\000n\000t\000L\000e\000v\000e\000l\000T\000a\000g}{subsection.4.15.3}% 287
\BOOKMARK [3][-]{subsubsection.4.15.3.6}{\376\377\0004\000.\0001\0005\000.\0003\000.\0006\000\040\000C\000u\000r\000r\000e\000n\000t\000S\000t\000a\000m\000i\000n\000a}{subsection.4.15.3}% 288
\BOOKMARK [3][-]{subsubsection.4.15.3.7}{\376\377\0004\000.\0001\0005\000.\0003\000.\0007\000\040\000M\000a\000x\000H\000e\000a\000l\000t\000h\000P\000o\000i\000n\000t\000s}{subsection.4.15.3}% 289
\BOOKMARK [3][-]{subsubsection.4.15.3.8}{\376\377\0004\000.\0001\0005\000.\0003\000.\0008\000\040\000M\000a\000x\000S\000t\000a\000m\000i\000n\000a}{subsection.4.15.3}% 290
\BOOKMARK [3][-]{subsubsection.4.15.3.9}{\376\377\0004\000.\0001\0005\000.\0003\000.\0009\000\040\000P\000o\000s\000i\000t\000i\000o\000n}{subsection.4.15.3}% 291
\BOOKMARK [3][-]{subsubsection.4.15.3.10}{\376\377\0004\000.\0001\0005\000.\0003\000.\0001\0000\000\040\000R\000e\000s\000p\000a\000w\000n\000L\000e\000v\000e\000l\000T\000a\000g}{subsection.4.15.3}% 292
\BOOKMARK [3][-]{subsubsection.4.15.3.11}{\376\377\0004\000.\0001\0005\000.\0003\000.\0001\0001\000\040\000S\000i\000n\000A\000m\000o\000u\000n\000t}{subsection.4.15.3}% 293
\BOOKMARK [3][-]{subsubsection.4.15.3.12}{\376\377\0004\000.\0001\0005\000.\0003\000.\0001\0002\000\040\000S\000p\000a\000w\000n\000P\000o\000i\000n\000t}{subsection.4.15.3}% 294
\BOOKMARK [2][-]{subsection.4.15.4}{\376\377\0004\000.\0001\0005\000.\0004\000\040\000P\000r\000o\000p\000e\000r\000t\000y\000\040\000D\000o\000c\000u\000m\000e\000n\000t\000a\000t\000i\000o\000n}{section.4.15}% 295
\BOOKMARK [3][-]{subsubsection.4.15.4.1}{\376\377\0004\000.\0001\0005\000.\0004\000.\0001\000\040\000I\000n\000s\000t\000a\000n\000c\000e}{subsection.4.15.4}% 296
\BOOKMARK [1][-]{section.4.16}{\376\377\0004\000.\0001\0006\000\040\000S\000p\000i\000k\000e\000\040\000C\000l\000a\000s\000s\000\040\000R\000e\000f\000e\000r\000e\000n\000c\000e}{chapter.4}% 297
\BOOKMARK [2][-]{subsection.4.16.1}{\376\377\0004\000.\0001\0006\000.\0001\000\040\000D\000e\000t\000a\000i\000l\000e\000d\000\040\000D\000e\000s\000c\000r\000i\000p\000t\000i\000o\000n}{section.4.16}% 298
\BOOKMARK [2][-]{subsection.4.16.2}{\376\377\0004\000.\0001\0006\000.\0002\000\040\000M\000e\000m\000b\000e\000r\000\040\000F\000u\000n\000c\000t\000i\000o\000n\000\040\000D\000o\000c\000u\000m\000e\000n\000t\000a\000t\000i\000o\000n}{section.4.16}% 299
\BOOKMARK [3][-]{subsubsection.4.16.2.1}{\376\377\0004\000.\0001\0006\000.\0002\000.\0001\000\040\000\137\000R\000e\000a\000d\000y\000\050\000\051}{subsection.4.16.2}% 300
\BOOKMARK [3][-]{subsubsection.4.16.2.2}{\376\377\0004\000.\0001\0006\000.\0002\000.\0002\000\040\000G\000e\000t\000D\000a\000m\000a\000g\000e\000\050\000\051}{subsection.4.16.2}% 301
\BOOKMARK [3][-]{subsubsection.4.16.2.3}{\376\377\0004\000.\0001\0006\000.\0002\000.\0003\000\040\000O\000n\000P\000l\000a\000y\000e\000r\000B\000o\000d\000y\000E\000n\000t\000e\000r\000e\000d\000\050\000\051}{subsection.4.16.2}% 302
\BOOKMARK [3][-]{subsubsection.4.16.2.4}{\376\377\0004\000.\0001\0006\000.\0002\000.\0004\000\040\000O\000n\000P\000l\000a\000y\000e\000r\000B\000o\000d\000y\000E\000x\000i\000t\000e\000d\000\050\000\051}{subsection.4.16.2}% 303
\BOOKMARK [3][-]{subsubsection.4.16.2.5}{\376\377\0004\000.\0001\0006\000.\0002\000.\0005\000\040\000O\000n\000T\000i\000m\000e\000r\000T\000i\000m\000e\000o\000u\000t\000\050\000\051}{subsection.4.16.2}% 304
\BOOKMARK [2][-]{subsection.4.16.3}{\376\377\0004\000.\0001\0006\000.\0003\000\040\000M\000e\000m\000b\000e\000r\000\040\000D\000a\000t\000a\000\040\000D\000o\000c\000u\000m\000e\000n\000t\000a\000t\000i\000o\000n}{section.4.16}% 305
\BOOKMARK [3][-]{subsubsection.4.16.3.1}{\376\377\0004\000.\0001\0006\000.\0003\000.\0001\000\040\000D\000a\000m\000a\000g\000e}{subsection.4.16.3}% 306
\BOOKMARK [3][-]{subsubsection.4.16.3.2}{\376\377\0004\000.\0001\0006\000.\0003\000.\0002\000\040\000P\000l\000a\000y\000e\000r}{subsection.4.16.3}% 307
\BOOKMARK [1][-]{section.4.17}{\376\377\0004\000.\0001\0007\000\040\000S\000p\000i\000k\000e\000D\000y\000n\000a\000m\000i\000c\000\040\000C\000l\000a\000s\000s\000\040\000R\000e\000f\000e\000r\000e\000n\000c\000e}{chapter.4}% 308
\BOOKMARK [2][-]{subsection.4.17.1}{\376\377\0004\000.\0001\0007\000.\0001\000\040\000D\000e\000t\000a\000i\000l\000e\000d\000\040\000D\000e\000s\000c\000r\000i\000p\000t\000i\000o\000n}{section.4.17}% 309
\BOOKMARK [2][-]{subsection.4.17.2}{\376\377\0004\000.\0001\0007\000.\0002\000\040\000M\000e\000m\000b\000e\000r\000\040\000F\000u\000n\000c\000t\000i\000o\000n\000\040\000D\000o\000c\000u\000m\000e\000n\000t\000a\000t\000i\000o\000n}{section.4.17}% 310
\BOOKMARK [3][-]{subsubsection.4.17.2.1}{\376\377\0004\000.\0001\0007\000.\0002\000.\0001\000\040\000\137\000R\000e\000a\000d\000y\000\050\000\051}{subsection.4.17.2}% 311
\BOOKMARK [3][-]{subsubsection.4.17.2.2}{\376\377\0004\000.\0001\0007\000.\0002\000.\0002\000\040\000G\000e\000t\000D\000a\000m\000a\000g\000e\000\050\000\051}{subsection.4.17.2}% 312
\BOOKMARK [3][-]{subsubsection.4.17.2.3}{\376\377\0004\000.\0001\0007\000.\0002\000.\0003\000\040\000O\000n\000P\000l\000a\000y\000e\000r\000B\000o\000d\000y\000E\000n\000t\000e\000r\000e\000d\000\050\000\051}{subsection.4.17.2}% 313
\BOOKMARK [3][-]{subsubsection.4.17.2.4}{\376\377\0004\000.\0001\0007\000.\0002\000.\0004\000\040\000O\000n\000P\000l\000a\000y\000e\000r\000B\000o\000d\000y\000E\000x\000i\000t\000e\000d\000\050\000\051}{subsection.4.17.2}% 314
\BOOKMARK [3][-]{subsubsection.4.17.2.5}{\376\377\0004\000.\0001\0007\000.\0002\000.\0005\000\040\000O\000n\000T\000i\000m\000e\000r\000T\000i\000m\000e\000o\000u\000t\000\050\000\051}{subsection.4.17.2}% 315
\BOOKMARK [2][-]{subsection.4.17.3}{\376\377\0004\000.\0001\0007\000.\0003\000\040\000M\000e\000m\000b\000e\000r\000\040\000D\000a\000t\000a\000\040\000D\000o\000c\000u\000m\000e\000n\000t\000a\000t\000i\000o\000n}{section.4.17}% 316
\BOOKMARK [3][-]{subsubsection.4.17.3.1}{\376\377\0004\000.\0001\0007\000.\0003\000.\0001\000\040\000D\000a\000m\000a\000g\000e}{subsection.4.17.3}% 317
\BOOKMARK [3][-]{subsubsection.4.17.3.2}{\376\377\0004\000.\0001\0007\000.\0003\000.\0002\000\040\000P\000l\000a\000y\000e\000r}{subsection.4.17.3}% 318
\BOOKMARK [1][-]{section.4.18}{\376\377\0004\000.\0001\0008\000\040\000S\000t\000a\000m\000i\000n\000a\000B\000a\000r\000\040\000C\000l\000a\000s\000s\000\040\000R\000e\000f\000e\000r\000e\000n\000c\000e}{chapter.4}% 319
\BOOKMARK [2][-]{subsection.4.18.1}{\376\377\0004\000.\0001\0008\000.\0001\000\040\000D\000e\000t\000a\000i\000l\000e\000d\000\040\000D\000e\000s\000c\000r\000i\000p\000t\000i\000o\000n}{section.4.18}% 320
\BOOKMARK [2][-]{subsection.4.18.2}{\376\377\0004\000.\0001\0008\000.\0002\000\040\000M\000e\000m\000b\000e\000r\000\040\000F\000u\000n\000c\000t\000i\000o\000n\000\040\000D\000o\000c\000u\000m\000e\000n\000t\000a\000t\000i\000o\000n}{section.4.18}% 321
\BOOKMARK [3][-]{subsubsection.4.18.2.1}{\376\377\0004\000.\0001\0008\000.\0002\000.\0001\000\040\000\137\000P\000r\000o\000c\000e\000s\000s\000\050\000\051}{subsection.4.18.2}% 322
\BOOKMARK [3][-]{subsubsection.4.18.2.2}{\376\377\0004\000.\0001\0008\000.\0002\000.\0002\000\040\000\137\000R\000e\000a\000d\000y\000\050\000\051}{subsection.4.18.2}% 323
\BOOKMARK [1][-]{section.4.19}{\376\377\0004\000.\0001\0009\000\040\000S\000t\000o\000r\000a\000g\000e\000M\000a\000n\000a\000g\000e\000r\000\040\000C\000l\000a\000s\000s\000\040\000R\000e\000f\000e\000r\000e\000n\000c\000e}{chapter.4}% 324
\BOOKMARK [2][-]{subsection.4.19.1}{\376\377\0004\000.\0001\0009\000.\0001\000\040\000D\000e\000t\000a\000i\000l\000e\000d\000\040\000D\000e\000s\000c\000r\000i\000p\000t\000i\000o\000n}{section.4.19}% 325
\BOOKMARK [2][-]{subsection.4.19.2}{\376\377\0004\000.\0001\0009\000.\0002\000\040\000M\000e\000m\000b\000e\000r\000\040\000F\000u\000n\000c\000t\000i\000o\000n\000\040\000D\000o\000c\000u\000m\000e\000n\000t\000a\000t\000i\000o\000n}{section.4.19}% 326
\BOOKMARK [3][-]{subsubsection.4.19.2.1}{\376\377\0004\000.\0001\0009\000.\0002\000.\0001\000\040\000\137\000R\000e\000a\000d\000y\000\050\000\051}{subsection.4.19.2}% 327
\BOOKMARK [3][-]{subsubsection.4.19.2.2}{\376\377\0004\000.\0001\0009\000.\0002\000.\0002\000\040\000G\000e\000t\000L\000a\000s\000t\000S\000a\000v\000e\000I\000d\000\050\000\051}{subsection.4.19.2}% 328
\BOOKMARK [3][-]{subsubsection.4.19.2.3}{\376\377\0004\000.\0001\0009\000.\0002\000.\0003\000\040\000G\000e\000t\000S\000a\000v\000e\000s\000\050\000\051}{subsection.4.19.2}% 329
\BOOKMARK [3][-]{subsubsection.4.19.2.4}{\376\377\0004\000.\0001\0009\000.\0002\000.\0004\000\040\000L\000o\000a\000d\000G\000a\000m\000e\000F\000i\000l\000e\000\050\000\051}{subsection.4.19.2}% 330
\BOOKMARK [3][-]{subsubsection.4.19.2.5}{\376\377\0004\000.\0001\0009\000.\0002\000.\0005\000\040\000L\000o\000a\000d\000S\000e\000t\000t\000i\000n\000g\000s\000\050\000\051}{subsection.4.19.2}% 331
\BOOKMARK [3][-]{subsubsection.4.19.2.6}{\376\377\0004\000.\0001\0009\000.\0002\000.\0006\000\040\000S\000a\000v\000e\000A\000l\000l\000\050\000\051}{subsection.4.19.2}% 332
\BOOKMARK [3][-]{subsubsection.4.19.2.7}{\376\377\0004\000.\0001\0009\000.\0002\000.\0007\000\040\000S\000a\000v\000e\000G\000a\000m\000e\000F\000i\000l\000e\000\050\000\051}{subsection.4.19.2}% 333
\BOOKMARK [3][-]{subsubsection.4.19.2.8}{\376\377\0004\000.\0001\0009\000.\0002\000.\0008\000\040\000S\000a\000v\000e\000S\000e\000t\000t\000i\000n\000g\000s\000\050\000\051}{subsection.4.19.2}% 334
\BOOKMARK [3][-]{subsubsection.4.19.2.9}{\376\377\0004\000.\0001\0009\000.\0002\000.\0009\000\040\000S\000e\000t\000L\000a\000s\000t\000S\000a\000v\000e\000I\000d\000\050\000\051}{subsection.4.19.2}% 335
\BOOKMARK [3][-]{subsubsection.4.19.2.10}{\376\377\0004\000.\0001\0009\000.\0002\000.\0001\0000\000\040\000S\000e\000t\000S\000a\000v\000e\000s\000\050\000\051}{subsection.4.19.2}% 336
\BOOKMARK [2][-]{subsection.4.19.3}{\376\377\0004\000.\0001\0009\000.\0003\000\040\000M\000e\000m\000b\000e\000r\000\040\000D\000a\000t\000a\000\040\000D\000o\000c\000u\000m\000e\000n\000t\000a\000t\000i\000o\000n}{section.4.19}% 337
\BOOKMARK [3][-]{subsubsection.4.19.3.1}{\376\377\0004\000.\0001\0009\000.\0003\000.\0001\000\040\000L\000a\000s\000t\000S\000a\000v\000e\000I\000d}{subsection.4.19.3}% 338
\BOOKMARK [3][-]{subsubsection.4.19.3.2}{\376\377\0004\000.\0001\0009\000.\0003\000.\0002\000\040\000P\000a\000t\000h\000S\000a\000v\000e}{subsection.4.19.3}% 339
\BOOKMARK [3][-]{subsubsection.4.19.3.3}{\376\377\0004\000.\0001\0009\000.\0003\000.\0003\000\040\000P\000a\000t\000h\000S\000e\000t\000t\000i\000n\000g\000s}{subsection.4.19.3}% 340
\BOOKMARK [3][-]{subsubsection.4.19.3.4}{\376\377\0004\000.\0001\0009\000.\0003\000.\0004\000\040\000S\000a\000v\000e\000s}{subsection.4.19.3}% 341
\BOOKMARK [2][-]{subsection.4.19.4}{\376\377\0004\000.\0001\0009\000.\0004\000\040\000P\000r\000o\000p\000e\000r\000t\000y\000\040\000D\000o\000c\000u\000m\000e\000n\000t\000a\000t\000i\000o\000n}{section.4.19}% 342
\BOOKMARK [3][-]{subsubsection.4.19.4.1}{\376\377\0004\000.\0001\0009\000.\0004\000.\0001\000\040\000I\000n\000s\000t\000a\000n\000c\000e}{subsection.4.19.4}% 343
\BOOKMARK [0][-]{chapter.5}{\376\377\0005\000\040\000F\000i\000l\000e\000\040\000D\000o\000c\000u\000m\000e\000n\000t\000a\000t\000i\000o\000n}{}% 344
\BOOKMARK [1][-]{section.5.1}{\376\377\0005\000.\0001\000\040\000B\000a\000s\000e\000E\000n\000e\000m\000y\000.\000c\000s\000\040\000F\000i\000l\000e\000\040\000R\000e\000f\000e\000r\000e\000n\000c\000e}{chapter.5}% 345
\BOOKMARK [1][-]{section.5.2}{\376\377\0005\000.\0002\000\040\000B\000a\000s\000e\000E\000n\000e\000m\000y\000.\000c\000s}{chapter.5}% 346
\BOOKMARK [1][-]{section.5.3}{\376\377\0005\000.\0003\000\040\000B\000l\000o\000o\000d\000V\000i\000a\000l\000.\000c\000s\000\040\000F\000i\000l\000e\000\040\000R\000e\000f\000e\000r\000e\000n\000c\000e}{chapter.5}% 347
\BOOKMARK [1][-]{section.5.4}{\376\377\0005\000.\0004\000\040\000B\000l\000o\000o\000d\000V\000i\000a\000l\000.\000c\000s}{chapter.5}% 348
\BOOKMARK [1][-]{section.5.5}{\376\377\0005\000.\0005\000\040\000B\000o\000s\000s\0001\000.\000c\000s\000\040\000F\000i\000l\000e\000\040\000R\000e\000f\000e\000r\000e\000n\000c\000e}{chapter.5}% 349
\BOOKMARK [1][-]{section.5.6}{\376\377\0005\000.\0006\000\040\000B\000o\000s\000s\0001\000.\000c\000s}{chapter.5}% 350
\BOOKMARK [1][-]{section.5.7}{\376\377\0005\000.\0007\000\040\000C\000h\000e\000c\000k\000p\000o\000i\000n\000t\000.\000c\000s\000\040\000F\000i\000l\000e\000\040\000R\000e\000f\000e\000r\000e\000n\000c\000e}{chapter.5}% 351
\BOOKMARK [1][-]{section.5.8}{\376\377\0005\000.\0008\000\040\000C\000h\000e\000c\000k\000p\000o\000i\000n\000t\000.\000c\000s}{chapter.5}% 352
\BOOKMARK [1][-]{section.5.9}{\376\377\0005\000.\0009\000\040\000D\000a\000m\000a\000g\000e\000.\000c\000s\000\040\000F\000i\000l\000e\000\040\000R\000e\000f\000e\000r\000e\000n\000c\000e}{chapter.5}% 353
\BOOKMARK [1][-]{section.5.10}{\376\377\0005\000.\0001\0000\000\040\000D\000a\000m\000a\000g\000e\000.\000c\000s}{chapter.5}% 354
\BOOKMARK [1][-]{section.5.11}{\376\377\0005\000.\0001\0001\000\040\000D\000o\000o\000r\000.\000c\000s\000\040\000F\000i\000l\000e\000\040\000R\000e\000f\000e\000r\000e\000n\000c\000e}{chapter.5}% 355
\BOOKMARK [1][-]{section.5.12}{\376\377\0005\000.\0001\0002\000\040\000D\000o\000o\000r\000.\000c\000s}{chapter.5}% 356
\BOOKMARK [1][-]{section.5.13}{\376\377\0005\000.\0001\0003\000\040\000H\000e\000a\000l\000t\000h\000B\000a\000r\000.\000c\000s\000\040\000F\000i\000l\000e\000\040\000R\000e\000f\000e\000r\000e\000n\000c\000e}{chapter.5}% 357
\BOOKMARK [1][-]{section.5.14}{\376\377\0005\000.\0001\0004\000\040\000H\000e\000a\000l\000t\000h\000B\000a\000r\000.\000c\000s}{chapter.5}% 358
\BOOKMARK [1][-]{section.5.15}{\376\377\0005\000.\0001\0005\000\040\000H\000u\000d\000.\000c\000s\000\040\000F\000i\000l\000e\000\040\000R\000e\000f\000e\000r\000e\000n\000c\000e}{chapter.5}% 359
\BOOKMARK [1][-]{section.5.16}{\376\377\0005\000.\0001\0006\000\040\000H\000u\000d\000.\000c\000s}{chapter.5}% 360
\BOOKMARK [1][-]{section.5.17}{\376\377\0005\000.\0001\0007\000\040\000I\000n\000t\000e\000r\000a\000c\000t\000a\000b\000l\000e\000.\000c\000s\000\040\000F\000i\000l\000e\000\040\000R\000e\000f\000e\000r\000e\000n\000c\000e}{chapter.5}% 361
\BOOKMARK [1][-]{section.5.18}{\376\377\0005\000.\0001\0008\000\040\000I\000n\000t\000e\000r\000a\000c\000t\000a\000b\000l\000e\000.\000c\000s}{chapter.5}% 362
\BOOKMARK [1][-]{section.5.19}{\376\377\0005\000.\0001\0009\000\040\000L\000e\000v\000e\000l\000M\000a\000n\000a\000g\000e\000r\000.\000c\000s\000\040\000F\000i\000l\000e\000\040\000R\000e\000f\000e\000r\000e\000n\000c\000e}{chapter.5}% 363
\BOOKMARK [1][-]{section.5.20}{\376\377\0005\000.\0002\0000\000\040\000L\000e\000v\000e\000l\000M\000a\000n\000a\000g\000e\000r\000.\000c\000s}{chapter.5}% 364
\BOOKMARK [1][-]{section.5.21}{\376\377\0005\000.\0002\0001\000\040\000M\000a\000i\000n\000M\000e\000n\000u\000.\000c\000s\000\040\000F\000i\000l\000e\000\040\000R\000e\000f\000e\000r\000e\000n\000c\000e}{chapter.5}% 365
\BOOKMARK [1][-]{section.5.22}{\376\377\0005\000.\0002\0002\000\040\000M\000a\000i\000n\000M\000e\000n\000u\000.\000c\000s}{chapter.5}% 366
\BOOKMARK [1][-]{section.5.23}{\376\377\0005\000.\0002\0003\000\040\000M\000a\000i\000n\000M\000e\000n\000u\000B\000a\000c\000k\000g\000r\000o\000u\000n\000d\000.\000c\000s\000\040\000F\000i\000l\000e\000\040\000R\000e\000f\000e\000r\000e\000n\000c\000e}{chapter.5}% 367
\BOOKMARK [1][-]{section.5.24}{\376\377\0005\000.\0002\0004\000\040\000M\000a\000i\000n\000M\000e\000n\000u\000B\000a\000c\000k\000g\000r\000o\000u\000n\000d\000.\000c\000s}{chapter.5}% 368
\BOOKMARK [1][-]{section.5.25}{\376\377\0005\000.\0002\0005\000\040\000N\000a\000v\000i\000g\000a\000t\000i\000o\000n\000M\000a\000n\000a\000g\000e\000r\000.\000c\000s\000\040\000F\000i\000l\000e\000\040\000R\000e\000f\000e\000r\000e\000n\000c\000e}{chapter.5}% 369
\BOOKMARK [1][-]{section.5.26}{\376\377\0005\000.\0002\0006\000\040\000N\000a\000v\000i\000g\000a\000t\000i\000o\000n\000M\000a\000n\000a\000g\000e\000r\000.\000c\000s}{chapter.5}% 370
\BOOKMARK [1][-]{section.5.27}{\376\377\0005\000.\0002\0007\000\040\000P\000l\000a\000y\000e\000r\000.\000c\000s\000\040\000F\000i\000l\000e\000\040\000R\000e\000f\000e\000r\000e\000n\000c\000e}{chapter.5}% 371
\BOOKMARK [1][-]{section.5.28}{\376\377\0005\000.\0002\0008\000\040\000P\000l\000a\000y\000e\000r\000.\000c\000s}{chapter.5}% 372
\BOOKMARK [1][-]{section.5.29}{\376\377\0005\000.\0002\0009\000\040\000P\000l\000a\000y\000e\000r\000S\000t\000a\000t\000s\000.\000c\000s\000\040\000F\000i\000l\000e\000\040\000R\000e\000f\000e\000r\000e\000n\000c\000e}{chapter.5}% 373
\BOOKMARK [1][-]{section.5.30}{\376\377\0005\000.\0003\0000\000\040\000P\000l\000a\000y\000e\000r\000S\000t\000a\000t\000s\000.\000c\000s}{chapter.5}% 374
\BOOKMARK [1][-]{section.5.31}{\376\377\0005\000.\0003\0001\000\040\000S\000p\000i\000k\000e\000.\000c\000s\000\040\000F\000i\000l\000e\000\040\000R\000e\000f\000e\000r\000e\000n\000c\000e}{chapter.5}% 375
\BOOKMARK [1][-]{section.5.32}{\376\377\0005\000.\0003\0002\000\040\000S\000p\000i\000k\000e\000.\000c\000s}{chapter.5}% 376
\BOOKMARK [1][-]{section.5.33}{\376\377\0005\000.\0003\0003\000\040\000S\000p\000i\000k\000e\000D\000y\000n\000a\000m\000i\000c\000.\000c\000s\000\040\000F\000i\000l\000e\000\040\000R\000e\000f\000e\000r\000e\000n\000c\000e}{chapter.5}% 377
\BOOKMARK [1][-]{section.5.34}{\376\377\0005\000.\0003\0004\000\040\000S\000p\000i\000k\000e\000D\000y\000n\000a\000m\000i\000c\000.\000c\000s}{chapter.5}% 378
\BOOKMARK [1][-]{section.5.35}{\376\377\0005\000.\0003\0005\000\040\000S\000t\000a\000m\000i\000n\000a\000B\000a\000r\000.\000c\000s\000\040\000F\000i\000l\000e\000\040\000R\000e\000f\000e\000r\000e\000n\000c\000e}{chapter.5}% 379
\BOOKMARK [1][-]{section.5.36}{\376\377\0005\000.\0003\0006\000\040\000S\000t\000a\000m\000i\000n\000a\000B\000a\000r\000.\000c\000s}{chapter.5}% 380
\BOOKMARK [1][-]{section.5.37}{\376\377\0005\000.\0003\0007\000\040\000S\000t\000o\000r\000a\000g\000e\000M\000a\000n\000a\000g\000e\000r\000.\000c\000s\000\040\000F\000i\000l\000e\000\040\000R\000e\000f\000e\000r\000e\000n\000c\000e}{chapter.5}% 381
\BOOKMARK [1][-]{section.5.38}{\376\377\0005\000.\0003\0008\000\040\000S\000t\000o\000r\000a\000g\000e\000M\000a\000n\000a\000g\000e\000r\000.\000c\000s}{chapter.5}% 382
\BOOKMARK [0][-]{section*.102}{\376\377\000I\000n\000d\000e\000x}{}% 383
