This is pdfTeX, Version 3.141592653-2.6-1.40.25 (TeX Live 2023) (preloaded format=pdflatex 2023.5.20)  22 MAY 2025 21:12
entering extended mode
 restricted \write18 enabled.
 %&-line parsing enabled.
**refman
(./refman.tex
LaTeX2e <2022-11-01> patch level 1
L3 programming layer <2023-05-15>
(c:/texlive/2023/texmf-dist/tex/generic/iftex/iftex.sty
Package: iftex 2022/02/03 v1.0f TeX engine tests
)
(c:/texlive/2023/texmf-dist/tex/latex/base/book.cls
Document Class: book 2022/07/02 v1.4n Standard LaTeX document class
(c:/texlive/2023/texmf-dist/tex/latex/base/bk10.clo
File: bk10.clo 2022/07/02 v1.4n Standard LaTeX file (size option)
)
\c@part=\count185
\c@chapter=\count186
\c@section=\count187
\c@subsection=\count188
\c@subsubsection=\count189
\c@paragraph=\count190
\c@subparagraph=\count191
\c@figure=\count192
\c@table=\count193
\abovecaptionskip=\skip48
\belowcaptionskip=\skip49
\bibindent=\dimen140
)
(c:/texlive/2023/texmf-dist/tex/latex/base/ifthen.sty
Package: ifthen 2022/04/13 v1.1d Standard LaTeX ifthen package (DPC)
)
(c:/texlive/2023/texmf-dist/tex/latex/tools/array.sty
Rollback for package 'array' requested -> date 2016-10-06.
         Best approximation is the release introduced on 2016-10-06.

(c:/texlive/2023/texmf-dist/tex/latex/tools/array-2016-10-06.sty
Package: array 2016/10/06 v2.4d Tabular extension package (FMi)
\col@sep=\dimen141
\extrarowheight=\dimen142
\NC@list=\toks16
\extratabsurround=\skip50
\backup@length=\skip51
))
(c:/texlive/2023/texmf-dist/tex/generic/infwarerr/infwarerr.sty
package info suppressed
) (./doxygen.sty
Package: doxygen 
(c:/texlive/2023/texmf-dist/tex/latex/base/alltt.sty
Package: alltt 2021/01/29 v2.0g defines alltt environment
)
(c:/texlive/2023/texmf-dist/tex/latex/tools/calc.sty
Package: calc 2017/05/25 v4.3 Infix arithmetic (KKT,FJ)
\calc@Acount=\count194
\calc@Bcount=\count195
\calc@Adimen=\dimen143
\calc@Bdimen=\dimen144
\calc@Askip=\skip52
\calc@Bskip=\skip53
LaTeX Info: Redefining \setlength on input line 80.
LaTeX Info: Redefining \addtolength on input line 81.
\calc@Ccount=\count196
\calc@Cskip=\skip54
)
(c:/texlive/2023/texmf-dist/tex/latex/float/float.sty
Package: float 2001/11/08 v1.3d Float enhancements (AL)
\c@float@type=\count197
\float@exts=\toks17
\float@box=\box51
\@float@everytoks=\toks18
\@floatcapt=\box52
)
(c:/texlive/2023/texmf-dist/tex/latex/tools/verbatim.sty
Package: verbatim 2022-07-02 v1.5u LaTeX2e package for verbatim enhancements
\every@verbatim=\toks19
\verbatim@line=\toks20
\verbatim@in@stream=\read2
)
(c:/texlive/2023/texmf-dist/tex/latex/xcolor/xcolor.sty
Package: xcolor 2022/06/12 v2.14 LaTeX color extensions (UK)

(c:/texlive/2023/texmf-dist/tex/latex/graphics-cfg/color.cfg
File: color.cfg 2016/01/02 v1.6 sample color configuration
)
Package xcolor Info: Driver file: pdftex.def on input line 227.

(c:/texlive/2023/texmf-dist/tex/latex/graphics-def/pdftex.def
File: pdftex.def 2022/09/22 v1.2b Graphics/color driver for pdftex
)
(c:/texlive/2023/texmf-dist/tex/latex/colortbl/colortbl.sty
Package: colortbl 2022/06/20 v1.0f Color table columns (DPC)
\everycr=\toks21
\minrowclearance=\skip55
\rownum=\count198
)
(c:/texlive/2023/texmf-dist/tex/latex/graphics/mathcolor.ltx)
Package xcolor Info: Model `cmy' substituted by `cmy0' on input line 1353.
Package xcolor Info: Model `hsb' substituted by `rgb' on input line 1357.
Package xcolor Info: Model `RGB' extended on input line 1369.
Package xcolor Info: Model `HTML' substituted by `rgb' on input line 1371.
Package xcolor Info: Model `Hsb' substituted by `hsb' on input line 1372.
Package xcolor Info: Model `tHsb' substituted by `hsb' on input line 1373.
Package xcolor Info: Model `HSB' substituted by `hsb' on input line 1374.
Package xcolor Info: Model `Gray' substituted by `gray' on input line 1375.
Package xcolor Info: Model `wave' substituted by `hsb' on input line 1376.
)
(./longtable_doxygen.sty
Package: longtable_doxygen 2014/10/28 v4.11 Multi-page Table package (DPC) - fr
ozen version for doxygen
\LTleft=\skip56
\LTright=\skip57
\LTpre=\skip58
\LTpost=\skip59
\LTchunksize=\count199
\LTcapwidth=\dimen145
\LT@head=\box53
\LT@firsthead=\box54
\LT@foot=\box55
\LT@lastfoot=\box56
\LT@cols=\count266
\LT@rows=\count267
\c@LT@tables=\count268
\c@LT@chunks=\count269
\LT@p@ftn=\toks22
) (./tabu_doxygen.sty
Package: tabu_doxygen 2011/02/26 v2.8 - flexible LaTeX tabulars (FC), frozen ve
rsion for doxygen

(c:/texlive/2023/texmf-dist/tex/latex/varwidth/varwidth.sty
Package: varwidth 2009/03/30 ver 0.92;  Variable-width minipages
\@vwid@box=\box57
\sift@deathcycles=\count270
\@vwid@loff=\dimen146
\@vwid@roff=\dimen147
)
\c@taburow=\count271
\tabu@nbcols=\count272
\tabu@cnt=\count273
\tabu@Xcol=\count274
\tabu@alloc=\count275
\tabu@nested=\count276
\tabu@target=\dimen148
\tabu@spreadtarget=\dimen149
\tabu@naturalX=\dimen150
\tabucolX=\dimen151
\tabu@Xsum=\dimen152
\extrarowdepth=\dimen153
\abovetabulinesep=\dimen154
\belowtabulinesep=\dimen155
\tabustrutrule=\dimen156
\tabu@thebody=\toks23
\tabu@footnotes=\toks24
\tabu@box=\box58
\tabu@arstrutbox=\box59
\tabu@hleads=\box60
\tabu@vleads=\box61
\tabu@cellskip=\skip60
)
(c:/texlive/2023/texmf-dist/tex/latex/fancyvrb/fancyvrb.sty
Package: fancyvrb 2023/01/19 4.5a verbatim text (tvz,hv)

(c:/texlive/2023/texmf-dist/tex/latex/graphics/keyval.sty
Package: keyval 2022/05/29 v1.15 key=value parser (DPC)
\KV@toks@=\toks25
)
\FV@CodeLineNo=\count277
\FV@InFile=\read3
\FV@TabBox=\box62
\c@FancyVerbLine=\count278
\FV@StepNumber=\count279
\FV@OutFile=\write3
)
(c:/texlive/2023/texmf-dist/tex/latex/tools/tabularx.sty
Package: tabularx 2020/01/15 v2.11c `tabularx' package (DPC)
\TX@col@width=\dimen157
\TX@old@table=\dimen158
\TX@old@col=\dimen159
\TX@target=\dimen160
\TX@delta=\dimen161
\TX@cols=\count280
\TX@ftn=\toks26
)
(c:/texlive/2023/texmf-dist/tex/latex/tools/multicol.sty
Package: multicol 2021/11/30 v1.9d multicolumn formatting (FMi)
\c@tracingmulticols=\count281
\mult@box=\box63
\multicol@leftmargin=\dimen162
\c@unbalance=\count282
\c@collectmore=\count283
\doublecol@number=\count284
\multicoltolerance=\count285
\multicolpretolerance=\count286
\full@width=\dimen163
\page@free=\dimen164
\premulticols=\dimen165
\postmulticols=\dimen166
\multicolsep=\skip61
\multicolbaselineskip=\skip62
\partial@page=\box64
\last@line=\box65
\maxbalancingoverflow=\dimen167
\mult@rightbox=\box66
\mult@grightbox=\box67
\mult@firstbox=\box68
\mult@gfirstbox=\box69
\@tempa=\box70
\@tempa=\box71
\@tempa=\box72
\@tempa=\box73
\@tempa=\box74
\@tempa=\box75
\@tempa=\box76
\@tempa=\box77
\@tempa=\box78
\@tempa=\box79
\@tempa=\box80
\@tempa=\box81
\@tempa=\box82
\@tempa=\box83
\@tempa=\box84
\@tempa=\box85
\@tempa=\box86
\@tempa=\box87
\@tempa=\box88
\@tempa=\box89
\@tempa=\box90
\@tempa=\box91
\@tempa=\box92
\@tempa=\box93
\@tempa=\box94
\@tempa=\box95
\@tempa=\box96
\@tempa=\box97
\@tempa=\box98
\@tempa=\box99
\@tempa=\box100
\@tempa=\box101
\@tempa=\box102
\@tempa=\box103
\@tempa=\box104
\@tempa=\box105
\c@minrows=\count287
\c@columnbadness=\count288
\c@finalcolumnbadness=\count289
\last@try=\dimen168
\multicolovershoot=\dimen169
\multicolundershoot=\dimen170
\mult@nat@firstbox=\box106
\colbreak@box=\box107
\mc@col@check@num=\count290
)
(c:/texlive/2023/texmf-dist/tex/latex/multirow/multirow.sty
Package: multirow 2021/03/15 v2.8 Span multiple rows of a table
\multirow@colwidth=\skip63
\multirow@cntb=\count291
\multirow@dima=\skip64
\bigstrutjot=\dimen171
)
(c:/texlive/2023/texmf-dist/tex/latex/hanging/hanging.sty
Package: hanging 2009/09/02 v1.2b hanging paragraphs and punctuation
\h@ngcommawd=\skip65
\h@ngfstopwd=\skip66
\h@ngquotewd=\skip67
\h@ngdquotewd=\skip68
\h@ngquerywd=\skip69
\h@ngexclwd=\skip70
\h@ngcolonwd=\skip71
\h@ngscolonwd=\skip72
)
(c:/texlive/2023/texmf-dist/tex/generic/iftex/ifpdf.sty
Package: ifpdf 2019/10/25 v3.4 ifpdf legacy package. Use iftex instead.
)
(c:/texlive/2023/texmf-dist/tex/latex/adjustbox/adjustbox.sty
Package: adjustbox 2022/10/17 v1.3a Adjusting TeX boxes (trim, clip, ...)

(c:/texlive/2023/texmf-dist/tex/latex/xkeyval/xkeyval.sty
Package: xkeyval 2022/06/16 v2.9 package option processing (HA)

(c:/texlive/2023/texmf-dist/tex/generic/xkeyval/xkeyval.tex
(c:/texlive/2023/texmf-dist/tex/generic/xkeyval/xkvutils.tex
\XKV@toks=\toks27
\XKV@tempa@toks=\toks28
)
\XKV@depth=\count292
File: xkeyval.tex 2014/12/03 v2.7a key=value parser (HA)
))
(c:/texlive/2023/texmf-dist/tex/latex/adjustbox/adjcalc.sty
Package: adjcalc 2012/05/16 v1.1 Provides advanced setlength with multiple back
-ends (calc, etex, pgfmath)
)
(c:/texlive/2023/texmf-dist/tex/latex/adjustbox/trimclip.sty
Package: trimclip 2020/08/19 v1.2 Trim and clip general TeX material

(c:/texlive/2023/texmf-dist/tex/latex/graphics/graphicx.sty
Package: graphicx 2021/09/16 v1.2d Enhanced LaTeX Graphics (DPC,SPQR)

(c:/texlive/2023/texmf-dist/tex/latex/graphics/graphics.sty
Package: graphics 2022/03/10 v1.4e Standard LaTeX Graphics (DPC,SPQR)

(c:/texlive/2023/texmf-dist/tex/latex/graphics/trig.sty
Package: trig 2021/08/11 v1.11 sin cos tan (DPC)
)
(c:/texlive/2023/texmf-dist/tex/latex/graphics-cfg/graphics.cfg
File: graphics.cfg 2016/06/04 v1.11 sample graphics configuration
)
Package graphics Info: Driver file: pdftex.def on input line 107.
)
\Gin@req@height=\dimen172
\Gin@req@width=\dimen173
)
(c:/texlive/2023/texmf-dist/tex/latex/collectbox/collectbox.sty
Package: collectbox 2022/10/17 v0.4c Collect macro arguments as boxes
\collectedbox=\box108
)
\tc@llx=\dimen174
\tc@lly=\dimen175
\tc@urx=\dimen176
\tc@ury=\dimen177
Package trimclip Info: Using driver 'tc-pdftex.def'.

(c:/texlive/2023/texmf-dist/tex/latex/adjustbox/tc-pdftex.def
File: tc-pdftex.def 2019/01/04 v2.2 Clipping driver for pdftex
))
\adjbox@Width=\dimen178
\adjbox@Height=\dimen179
\adjbox@Depth=\dimen180
\adjbox@Totalheight=\dimen181
\adjbox@pwidth=\dimen182
\adjbox@pheight=\dimen183
\adjbox@pdepth=\dimen184
\adjbox@ptotalheight=\dimen185

(c:/texlive/2023/texmf-dist/tex/latex/ifoddpage/ifoddpage.sty
Package: ifoddpage 2022/10/18 v1.2 Conditionals for odd/even page detection
\c@checkoddpage=\count293
))
(c:/texlive/2023/texmf-dist/tex/latex/amsfonts/amssymb.sty
Package: amssymb 2013/01/14 v3.01 AMS font symbols

(c:/texlive/2023/texmf-dist/tex/latex/amsfonts/amsfonts.sty
Package: amsfonts 2013/01/14 v3.01 Basic AMSFonts support
\@emptytoks=\toks29
\symAMSa=\mathgroup4
\symAMSb=\mathgroup5
LaTeX Font Info:    Redeclaring math symbol \hbar on input line 98.
LaTeX Font Info:    Overwriting math alphabet `\mathfrak' in version `bold'
(Font)                  U/euf/m/n --> U/euf/b/n on input line 106.
))
(c:/texlive/2023/texmf-dist/tex/latex/stackengine/stackengine.sty
Package: stackengine 2021/07/22 v4.11\ Stacking text and objects in convenient 
ways

(c:/texlive/2023/texmf-dist/tex/latex/etoolbox/etoolbox.sty
Package: etoolbox 2020/10/05 v2.5k e-TeX tools for LaTeX (JAW)
\etb@tempcnta=\count294
)
(c:/texlive/2023/texmf-dist/tex/generic/listofitems/listofitems.sty
(c:/texlive/2023/texmf-dist/tex/generic/listofitems/listofitems.tex
\loi_cnt_foreach_nest=\count295
\loi_nestcnt=\count296
)
Package: listofitems 2019/08/21 v1.63 Grab items in lists using user-specified 
sep char (CT)
)
\c@@stackindex=\count297
\@boxshift=\skip73
\stack@tmplength=\skip74
\temp@stkl=\skip75
\@stackedboxwidth=\skip76
\@addedbox=\box109
\@anchorbox=\box110
\@insetbox=\box111
\se@backgroundbox=\box112
\stackedbox=\box113
\@centerbox=\box114
\c@ROWcellindex@=\count298
)
(c:/texlive/2023/texmf-dist/tex/latex/enumitem/enumitem.sty
Package: enumitem 2019/06/20 v3.9 Customized lists
\labelindent=\skip77
\enit@outerparindent=\dimen186
\enit@toks=\toks30
\enit@inbox=\box115
\enit@count@id=\count299
\enitdp@description=\count300
)
(c:/texlive/2023/texmf-dist/tex/generic/alphalph/alphalph.sty
Package: alphalph 2019/12/09 v2.6 Convert numbers to letters (HO)

(c:/texlive/2023/texmf-dist/tex/generic/intcalc/intcalc.sty
Package: intcalc 2019/12/15 v1.3 Expandable calculations with integers (HO)
))
(c:/texlive/2023/texmf-dist/tex/generic/ulem/ulem.sty
\UL@box=\box116
\UL@hyphenbox=\box117
\UL@skip=\skip78
\UL@hook=\toks31
\UL@height=\dimen187
\UL@pe=\count301
\UL@pixel=\dimen188
\ULC@box=\box118
Package: ulem 2019/11/18
\ULdepth=\dimen189
)
\xrefbox=\box119
\xreflength=\skip79
\CodeWidthChar=\skip80
\CodeHeightChar=\skip81
\DoxyCodeWidth=\skip82
\c@DoxyEnumeratei=\count302
\c@DoxyEnumerateii=\count303
\c@DoxyEnumerateiii=\count304
\c@DoxyEnumerateiv=\count305
\c@DoxyEnumeratev=\count306
\c@DoxyEnumeratevi=\count307
\c@DoxyEnumeratevii=\count308
\c@DoxyEnumerateviii=\count309
\c@DoxyEnumerateix=\count310
\c@DoxyEnumeratex=\count311
\c@DoxyEnumeratexi=\count312
\c@DoxyEnumeratexii=\count313
\enitdp@DoxyEnumerate=\count314
\enitdp@DoxyItemize=\count315
\c@subsubsubsection=\count316
\c@subsubsubsubsection=\count317
\c@subsubsubsubsubsection=\count318
\c@subsubsubsubsubsubsection=\count319
)
(c:/texlive/2023/texmf-dist/tex/latex/base/inputenc.sty
Package: inputenc 2021/02/14 v1.3d Input encoding file
\inpenc@prehook=\toks32
\inpenc@posthook=\toks33
)
(c:/texlive/2023/texmf-dist/tex/latex/base/makeidx.sty
Package: makeidx 2021/10/04 v1.0m Standard LaTeX package
)
(c:/texlive/2023/texmf-dist/tex/latex/base/textcomp.sty
Package: textcomp 2020/02/02 v2.0n Standard LaTeX package
)
(c:/texlive/2023/texmf-dist/tex/latex/wasysym/wasysym.sty
Package: wasysym 2020/01/19 v2.4 Wasy-2 symbol support package
\symwasy=\mathgroup6
LaTeX Font Info:    Overwriting symbol font `wasy' in version `bold'
(Font)                  U/wasy/m/n --> U/wasy/b/n on input line 93.
)
(c:/texlive/2023/texmf-dist/tex/generic/iftex/ifxetex.sty
Package: ifxetex 2019/10/25 v0.7 ifxetex legacy package. Use iftex instead.
)
(c:/texlive/2023/texmf-dist/tex/latex/base/fontenc.sty
Package: fontenc 2021/04/29 v2.0v Standard LaTeX package
)
(c:/texlive/2023/texmf-dist/tex/latex/psnfss/helvet.sty
Package: helvet 2020/03/25 PSNFSS-v9.3 (WaS) 
)
(c:/texlive/2023/texmf-dist/tex/latex/psnfss/courier.sty
Package: courier 2020/03/25 PSNFSS-v9.3 (WaS) 
)
(c:/texlive/2023/texmf-dist/tex/latex/geometry/geometry.sty
Package: geometry 2020/01/02 v5.9 Page Geometry

(c:/texlive/2023/texmf-dist/tex/generic/iftex/ifvtex.sty
Package: ifvtex 2019/10/25 v1.7 ifvtex legacy package. Use iftex instead.
)
\Gm@cnth=\count320
\Gm@cntv=\count321
\c@Gm@tempcnt=\count322
\Gm@bindingoffset=\dimen190
\Gm@wd@mp=\dimen191
\Gm@odd@mp=\dimen192
\Gm@even@mp=\dimen193
\Gm@layoutwidth=\dimen194
\Gm@layoutheight=\dimen195
\Gm@layouthoffset=\dimen196
\Gm@layoutvoffset=\dimen197
\Gm@dimlist=\toks34
)
(c:/texlive/2023/texmf-dist/tex/latex/changepage/changepage.sty
Package: changepage 2009/10/20 v1.0c check page and change page layout
\c@cp@cntr=\count323
\cp@tempcnt=\count324
LaTeX Info: Redefining \checkoddpage on input line 59.
)
(c:/texlive/2023/texmf-dist/tex/latex/fancyhdr/fancyhdr.sty
Package: fancyhdr 2022/11/09 v4.1 Extensive control of page headers and footers

\f@nch@headwidth=\skip83
\f@nch@O@elh=\skip84
\f@nch@O@erh=\skip85
\f@nch@O@olh=\skip86
\f@nch@O@orh=\skip87
\f@nch@O@elf=\skip88
\f@nch@O@erf=\skip89
\f@nch@O@olf=\skip90
\f@nch@O@orf=\skip91
)
(c:/texlive/2023/texmf-dist/tex/latex/natbib/natbib.sty
Package: natbib 2010/09/13 8.31b (PWD, AO)
\bibhang=\skip92
\bibsep=\skip93
LaTeX Info: Redefining \cite on input line 694.
\c@NAT@ctr=\count325
)
(c:/texlive/2023/texmf-dist/tex/latex/tocloft/tocloft.sty
Package: tocloft 2017/08/31 v2.3i parameterised ToC, etc., typesetting
Package tocloft Info: The document has chapter divisions on input line 51.
\cftparskip=\skip94
\cftbeforetoctitleskip=\skip95
\cftaftertoctitleskip=\skip96
\cftbeforepartskip=\skip97
\cftpartnumwidth=\skip98
\cftpartindent=\skip99
\cftbeforechapskip=\skip100
\cftchapindent=\skip101
\cftchapnumwidth=\skip102
\cftbeforesecskip=\skip103
\cftsecindent=\skip104
\cftsecnumwidth=\skip105
\cftbeforesubsecskip=\skip106
\cftsubsecindent=\skip107
\cftsubsecnumwidth=\skip108
\cftbeforesubsubsecskip=\skip109
\cftsubsubsecindent=\skip110
\cftsubsubsecnumwidth=\skip111
\cftbeforeparaskip=\skip112
\cftparaindent=\skip113
\cftparanumwidth=\skip114
\cftbeforesubparaskip=\skip115
\cftsubparaindent=\skip116
\cftsubparanumwidth=\skip117
\cftbeforeloftitleskip=\skip118
\cftafterloftitleskip=\skip119
\cftbeforefigskip=\skip120
\cftfigindent=\skip121
\cftfignumwidth=\skip122
\c@lofdepth=\count326
\c@lotdepth=\count327
\cftbeforelottitleskip=\skip123
\cftafterlottitleskip=\skip124
\cftbeforetabskip=\skip125
\cfttabindent=\skip126
\cfttabnumwidth=\skip127
)
\@indexfile=\write4
\openout4 = `refman.idx'.


Writing index file refman.idx
(c:/texlive/2023/texmf-dist/tex/latex/newunicodechar/newunicodechar.sty
Package: newunicodechar 2018/04/08 v1.2 Defining Unicode characters
)
(c:/texlive/2023/texmf-dist/tex/latex/hyperref/hyperref.sty
Package: hyperref 2023-04-22 v7.00x Hypertext links for LaTeX

(c:/texlive/2023/texmf-dist/tex/generic/ltxcmds/ltxcmds.sty
Package: ltxcmds 2020-05-10 v1.25 LaTeX kernel commands for general use (HO)
)
(c:/texlive/2023/texmf-dist/tex/generic/pdftexcmds/pdftexcmds.sty
Package: pdftexcmds 2020-06-27 v0.33 Utility functions of pdfTeX for LuaTeX (HO
)
Package pdftexcmds Info: \pdf@primitive is available.
Package pdftexcmds Info: \pdf@ifprimitive is available.
Package pdftexcmds Info: \pdfdraftmode found.
)
(c:/texlive/2023/texmf-dist/tex/latex/kvsetkeys/kvsetkeys.sty
Package: kvsetkeys 2022-10-05 v1.19 Key value parser (HO)
)
(c:/texlive/2023/texmf-dist/tex/generic/kvdefinekeys/kvdefinekeys.sty
Package: kvdefinekeys 2019-12-19 v1.6 Define keys (HO)
)
(c:/texlive/2023/texmf-dist/tex/generic/pdfescape/pdfescape.sty
Package: pdfescape 2019/12/09 v1.15 Implements pdfTeX's escape features (HO)
)
(c:/texlive/2023/texmf-dist/tex/latex/hycolor/hycolor.sty
Package: hycolor 2020-01-27 v1.10 Color options for hyperref/bookmark (HO)
)
(c:/texlive/2023/texmf-dist/tex/latex/letltxmacro/letltxmacro.sty
Package: letltxmacro 2019/12/03 v1.6 Let assignment for LaTeX macros (HO)
)
(c:/texlive/2023/texmf-dist/tex/latex/auxhook/auxhook.sty
Package: auxhook 2019-12-17 v1.6 Hooks for auxiliary files (HO)
)
(c:/texlive/2023/texmf-dist/tex/latex/hyperref/nameref.sty
Package: nameref 2022-05-17 v2.50 Cross-referencing by name of section

(c:/texlive/2023/texmf-dist/tex/latex/refcount/refcount.sty
Package: refcount 2019/12/15 v3.6 Data extraction from label references (HO)
)
(c:/texlive/2023/texmf-dist/tex/generic/gettitlestring/gettitlestring.sty
Package: gettitlestring 2019/12/15 v1.6 Cleanup title references (HO)

(c:/texlive/2023/texmf-dist/tex/latex/kvoptions/kvoptions.sty
Package: kvoptions 2022-06-15 v3.15 Key value format for package options (HO)
))
\c@section@level=\count328
)
\@linkdim=\dimen198
\Hy@linkcounter=\count329
\Hy@pagecounter=\count330

(c:/texlive/2023/texmf-dist/tex/latex/hyperref/pd1enc.def
File: pd1enc.def 2023-04-22 v7.00x Hyperref: PDFDocEncoding definition (HO)
Now handling font encoding PD1 ...
... no UTF-8 mapping file for font encoding PD1
)
\Hy@SavedSpaceFactor=\count331

(c:/texlive/2023/texmf-dist/tex/latex/hyperref/puenc.def
File: puenc.def 2023-04-22 v7.00x Hyperref: PDF Unicode definition (HO)
Now handling font encoding PU ...
... no UTF-8 mapping file for font encoding PU
)
Package hyperref Info: Hyper figures OFF on input line 4182.
Package hyperref Info: Link nesting OFF on input line 4187.
Package hyperref Info: Hyper index ON on input line 4190.
Package hyperref Info: Plain pages OFF on input line 4197.
Package hyperref Info: Backreferencing ON on input line 4200.
Package hyperref Info: Implicit mode ON; LaTeX internals redefined.
Package hyperref Info: Bookmarks ON on input line 4449.

(c:/texlive/2023/texmf-dist/tex/latex/hyperref/backref.sty
Package: backref 2023/04/20 v1.42 Bibliographical back referencing

(c:/texlive/2023/texmf-dist/tex/latex/rerunfilecheck/rerunfilecheck.sty
Package: rerunfilecheck 2022-07-10 v1.10 Rerun checks for auxiliary files (HO)

(c:/texlive/2023/texmf-dist/tex/latex/base/atveryend-ltx.sty
Package: atveryend-ltx 2020/08/19 v1.0a Emulation of the original atveryend pac
kage
with kernel methods
)
(c:/texlive/2023/texmf-dist/tex/generic/uniquecounter/uniquecounter.sty
Package: uniquecounter 2019/12/15 v1.4 Provide unlimited unique counter (HO)

(c:/texlive/2023/texmf-dist/tex/generic/bigintcalc/bigintcalc.sty
Package: bigintcalc 2019/12/15 v1.5 Expandable calculations on big integers (HO
)
))
Package uniquecounter Info: New unique counter `rerunfilecheck' on input line 2
85.
))
\c@Hy@tempcnt=\count332

(c:/texlive/2023/texmf-dist/tex/latex/url/url.sty
\Urlmuskip=\muskip16
Package: url 2013/09/16  ver 3.4  Verb mode for urls, etc.
)
LaTeX Info: Redefining \url on input line 4787.
\XeTeXLinkMargin=\dimen199

(c:/texlive/2023/texmf-dist/tex/generic/bitset/bitset.sty
Package: bitset 2019/12/09 v1.3 Handle bit-vector datatype (HO)
)
\Fld@menulength=\count333
\Field@Width=\dimen256
\Fld@charsize=\dimen257
Package hyperref Info: Hyper figures OFF on input line 6066.
Package hyperref Info: Link nesting OFF on input line 6071.
Package hyperref Info: Hyper index ON on input line 6074.
Package hyperref Info: backreferencing ON on input line 6079.
Package hyperref Info: Link coloring OFF on input line 6086.
Package hyperref Info: Link coloring with OCG OFF on input line 6091.
Package hyperref Info: PDF/A mode OFF on input line 6096.

(c:/texlive/2023/texmf-dist/tex/latex/base/atbegshi-ltx.sty
Package: atbegshi-ltx 2021/01/10 v1.0c Emulation of the original atbegshi
package with kernel methods
)
\Hy@abspage=\count334
\c@Item=\count335
\c@Hfootnote=\count336
)
Package hyperref Info: Driver: hpdftex.

(c:/texlive/2023/texmf-dist/tex/latex/hyperref/hpdftex.def
File: hpdftex.def 2023-04-22 v7.00x Hyperref driver for pdfTeX
\Fld@listcount=\count337
\c@bookmark@seq@number=\count338
\Hy@SectionHShift=\skip128
)
Package hyperref Info: Option `colorlinks' set `true' on input line 187.
Package hyperref Info: Option `unicode' set `true' on input line 187.

(c:/texlive/2023/texmf-dist/tex/latex/caption/caption.sty
Package: caption 2023/03/12 v3.6j Customizing captions (AR)

(c:/texlive/2023/texmf-dist/tex/latex/caption/caption3.sty
Package: caption3 2023/03/12 v2.4 caption3 kernel (AR)
\caption@tempdima=\dimen258
\captionmargin=\dimen259
\caption@leftmargin=\dimen260
\caption@rightmargin=\dimen261
\caption@width=\dimen262
\caption@indent=\dimen263
\caption@parindent=\dimen264
\caption@hangindent=\dimen265
Package caption Info: Standard document class detected.
)
\c@caption@flags=\count339
\c@continuedfloat=\count340
Package caption Info: changepage package is loaded.
\caption@adjustwidth@hsize=\dimen266
\caption@adjustwidth@linewidth=\dimen267
Package caption Info: float package is loaded.
Package caption Info: hyperref package is loaded.
Package caption Info: longtable package is loaded.

(c:/texlive/2023/texmf-dist/tex/latex/caption/ltcaption.sty
Package: ltcaption 2021/01/08 v1.4c longtable captions (AR)
))
(./etoc_doxygen.sty
Package: etoc_doxygen 2023/07/01 v1.2b Completely customisable TOCs (JFB)
\Etoc@toctoks=\toks35
\c@etoc@tocid=\count341
\etoc@framed@titlebox=\box120
\etoc@framed@contentsbox=\box121
)
LaTeX Font Info:    Trying to load font information for T1+phv on input line 20
9.
 (c:/texlive/2023/texmf-dist/tex/latex/psnfss/t1phv.fd
File: t1phv.fd 2020/03/25 scalable font definitions for T1/phv.
)
LaTeX Font Info:    Font shape `T1/phv/m/n' will be
(Font)              scaled to size 8.99994pt on input line 209.

(c:/texlive/2023/texmf-dist/tex/latex/l3backend/l3backend-pdftex.def
File: l3backend-pdftex.def 2023-04-19 L3 backend support: PDF output (pdfTeX)
\l__color_backend_stack_int=\count342
\l__pdf_internal_box=\box122
)
(./refman.aux

LaTeX Warning: Label `class_base_enemy_ac529914117dfe8158325b43be1f1c6dd' multi
ply defined.


LaTeX Warning: Label `class_base_enemy_ac529914117dfe8158325b43be1f1c6dd' multi
ply defined.


LaTeX Warning: Label `class_base_enemy_ac529914117dfe8158325b43be1f1c6dd' multi
ply defined.


LaTeX Warning: Label `class_base_enemy_ac529914117dfe8158325b43be1f1c6dd' multi
ply defined.

)
\openout1 = `refman.aux'.

LaTeX Font Info:    Checking defaults for OML/cmm/m/it on input line 209.
LaTeX Font Info:    ... okay on input line 209.
LaTeX Font Info:    Checking defaults for OMS/cmsy/m/n on input line 209.
LaTeX Font Info:    ... okay on input line 209.
LaTeX Font Info:    Checking defaults for OT1/cmr/m/n on input line 209.
LaTeX Font Info:    ... okay on input line 209.
LaTeX Font Info:    Checking defaults for T1/cmr/m/n on input line 209.
LaTeX Font Info:    ... okay on input line 209.
LaTeX Font Info:    Checking defaults for TS1/cmr/m/n on input line 209.
LaTeX Font Info:    ... okay on input line 209.
LaTeX Font Info:    Checking defaults for OMX/cmex/m/n on input line 209.
LaTeX Font Info:    ... okay on input line 209.
LaTeX Font Info:    Checking defaults for U/cmr/m/n on input line 209.
LaTeX Font Info:    ... okay on input line 209.
LaTeX Font Info:    Checking defaults for PD1/pdf/m/n on input line 209.
LaTeX Font Info:    ... okay on input line 209.
LaTeX Font Info:    Checking defaults for PU/pdf/m/n on input line 209.
LaTeX Font Info:    ... okay on input line 209.
 (c:/texlive/2023/texmf-dist/tex/context/base/mkii/supp-pdf.mkii
[Loading MPS to PDF converter (version 2006.09.02).]
\scratchcounter=\count343
\scratchdimen=\dimen268
\scratchbox=\box123
\nofMPsegments=\count344
\nofMParguments=\count345
\everyMPshowfont=\toks36
\MPscratchCnt=\count346
\MPscratchDim=\dimen269
\MPnumerator=\count347
\makeMPintoPDFobject=\count348
\everyMPtoPDFconversion=\toks37
) (c:/texlive/2023/texmf-dist/tex/latex/epstopdf-pkg/epstopdf-base.sty
Package: epstopdf-base 2020-01-24 v2.11 Base part for package epstopdf
Package epstopdf-base Info: Redefining graphics rule for `.eps' on input line 4
85.

(c:/texlive/2023/texmf-dist/tex/latex/latexconfig/epstopdf-sys.cfg
File: epstopdf-sys.cfg 2010/07/13 v1.3 Configuration of (r)epstopdf for TeX Liv
e
))
*geometry* driver: auto-detecting
*geometry* detected driver: pdftex
*geometry* verbose mode - [ preamble ] result:
* driver: pdftex
* paper: a4paper
* layout: <same size as paper>
* layoutoffset:(h,v)=(0.0pt,0.0pt)
* modes: twoside 
* h-part:(L,W,R)=(71.13188pt, 455.24411pt, 71.13188pt)
* v-part:(T,H,B)=(71.13188pt, 702.78308pt, 71.13188pt)
* \paperwidth=597.50787pt
* \paperheight=845.04684pt
* \textwidth=455.24411pt
* \textheight=702.78308pt
* \oddsidemargin=-1.1381pt
* \evensidemargin=-1.1381pt
* \topmargin=-31.2056pt
* \headheight=12.0pt
* \headsep=18.06749pt
* \topskip=10.0pt
* \footskip=25.29494pt
* \marginparwidth=125.0pt
* \marginparsep=7.0pt
* \columnsep=10.0pt
* \skip\footins=9.0pt plus 4.0pt minus 2.0pt
* \hoffset=0.0pt
* \voffset=0.0pt
* \mag=1000
* \@twocolumnfalse
* \@twosidetrue
* \@mparswitchtrue
* \@reversemarginfalse
* (1in=72.27pt=25.4mm, 1cm=28.453pt)

Package backref Info: ** backref set up for natbib ** on input line 209.
Package hyperref Info: Link coloring ON on input line 209.
(./refman.out) (./refman.out)
\@outlinefile=\write5
\openout5 = `refman.out'.

Package caption Info: Begin \AtBeginDocument code.
Package caption Info: End \AtBeginDocument code.
\Etoc@tf=\read4
Package hyperref Info: Option `pageanchor' set `false' on input line 217.
Package hyperref Info: Option `bookmarksnumbered' set `true' on input line 217.

Package hyperref Info: Option `unicode' set `true' on input line 217.
LaTeX Font Info:    Font shape `T1/phv/m/n' will be
(Font)              scaled to size 12.9599pt on input line 222.
LaTeX Font Info:    Font shape `T1/phv/m/n' will be
(Font)              scaled to size 10.79993pt on input line 223.
LaTeX Font Info:    Font shape `T1/phv/m/n' will be
(Font)              scaled to size 6.29996pt on input line 223.
LaTeX Font Info:    Trying to load font information for U+msa on input line 223
.

(c:/texlive/2023/texmf-dist/tex/latex/amsfonts/umsa.fd
File: umsa.fd 2013/01/14 v3.01 AMS symbols A
)
LaTeX Font Info:    Trying to load font information for U+msb on input line 223
.

(c:/texlive/2023/texmf-dist/tex/latex/amsfonts/umsb.fd
File: umsb.fd 2013/01/14 v3.01 AMS symbols B
)
LaTeX Font Info:    Trying to load font information for U+wasy on input line 22
3.

(c:/texlive/2023/texmf-dist/tex/latex/wasysym/uwasy.fd
File: uwasy.fd 2020/01/19 v2.4 Wasy-2 symbol font definitions
) [1


{c:/texlive/2023/texmf-var/fonts/map/pdftex/updmap/pdftex.map}{c:/texlive/2023/
texmf-dist/fonts/enc/dvips/base/8r.enc}] [2

]
\tf@toc=\write6
\openout6 = `refman.toc'.

LaTeX Font Info:    Font shape `T1/phv/b/n' will be
(Font)              scaled to size 8.99994pt on input line 231.
LaTeX Font Info:    Font shape `T1/phv/b/n' will be
(Font)              scaled to size 6.29996pt on input line 231.
 [1] [2] [3] [4] [5] [6] [7] [8] [9]
Overfull \hbox (26.74469pt too wide) in paragraph at lines 231--231
 [][] [][]\T1/phv/m/n/10 9.15 C[]:/[]Users/[]Youssef/[]Desktop/[]UNI/[]S4/[]Com
puterspiel[]Entwicklung/[]Das[]Spiel/anfaengerpraktikum/addons/godot- 
 []


Underfull \hbox (badness 10000) in paragraph at lines 231--231
 [][] [][]\T1/phv/m/n/10 9.16 C[]:/[]Users/[]Youssef/[]Desktop/[]UNI/[]S4/[]Com
puterspiel[]Entwicklung/[]Das[]Spiel/anfaengerpraktikum/[] 
 []

[10]
Underfull \hbox (badness 3291) in paragraph at lines 231--231
 [][] [][]\T1/phv/m/n/10 9.55 C[]:/[]Users/[]Youssef/[]Desktop/[]UNI/[]S4/[]Com
puterspiel[]Entwicklung/[]Das[]Spiel/anfaengerpraktikum/[]Test[] 
 []


Underfull \hbox (badness 3291) in paragraph at lines 231--231
 [][] [][]\T1/phv/m/n/10 9.56 C[]:/[]Users/[]Youssef/[]Desktop/[]UNI/[]S4/[]Com
puterspiel[]Entwicklung/[]Das[]Spiel/anfaengerpraktikum/[]Test[] 
 []

[11] [12

]
Package hyperref Info: Option `pageanchor' set `true' on input line 234.
 (./index.tex
Chapter 1.
LaTeX Font Info:    Font shape `T1/phv/m/n' will be
(Font)              scaled to size 18.66588pt on input line 1.
LaTeX Font Info:    Font shape `T1/phv/b/n' will be
(Font)              scaled to size 18.66588pt on input line 1.
LaTeX Font Info:    Font shape `T1/phv/b/n' will be
(Font)              scaled to size 22.39185pt on input line 1.
)
(./md__c_1_2_users_2_youssef_2_desktop_2_u_n_i_2_s4_2_computerspiel_entwicklung
_2_das_spiel_2anfaene077cc7c5bcf0a389cded2b1f693474f.tex [1

] [2

]
Chapter 2.
LaTeX Font Info:    Trying to load font information for T1+pcr on input line 11
.
(c:/texlive/2023/texmf-dist/tex/latex/psnfss/t1pcr.fd
File: t1pcr.fd 2001/06/04 font definitions for T1/pcr.
)
Overfull \hbox (245.85947pt too wide) in paragraph at lines 11--12
[]\T1/phv/m/n/10 godotengine/godot-cpp - MIT Li-cense - [][] \T1/pcr/m/n/10 htt
ps[]://github.[]com/godotengine/godot-cpp/tree/02336831735fd6affbe0a6fa252ec98d
3e78120c[][] 
 []


Overfull \hbox (272.99388pt too wide) in paragraph at lines 12--13
[]\T1/phv/m/n/10 libgit2/libgit2 - GPLv2 with a spe-cial Link-ing Ex-cep-tion -
 [][] \T1/pcr/m/n/10 https[]://github.[]com/libgit2/libgit2/tree/b7bad55e4bb0a2
85b073ba5e02b01d3f522fc95d[][] 
 []


Overfull \hbox (218.32924pt too wide) in paragraph at lines 13--14
[]\T1/phv/m/n/10 libssh2/libssh2 - BSD-3-[]Clause Li-cense - [][] \T1/pcr/m/n/1
0 https[]://github.[]com/libssh2/libssh2/tree/635caa90787220ac3773c1d5ba11f1236
c22eae8[][] 
 []


Underfull \hbox (badness 5050) in paragraph at lines 20--21
[]\T1/phv/m/n/10 Open[]SSL - Only on Linux and Mac[]OS - Open[]SSL Li-cense - [
][] \T1/pcr/m/n/10 http[]://www.[]openssl.[]
 []

LaTeX Font Info:    Font shape `T1/phv/b/n' will be
(Font)              scaled to size 12.9599pt on input line 21.
LaTeX Font Info:    Font shape `T1/phv/b/n' will be
(Font)              scaled to size 10.79993pt on input line 22.
[3] [4] [5] [6] [7] [8] [9] [10] [11] [12] [13] [14] [15] [16] [17] [18])
[19] [20

]
Chapter 3.
(./namespaces.tex) [21] [22

]
Chapter 4.
(./hierarchy.tex) [23] [24

]
Chapter 5.
(./annotated.tex [25]) [26]
Chapter 6.
(./files.tex
Underfull \hbox (badness 10000) in paragraph at lines 4--4
 [][] \T1/phv/m/n/10 C[]:/[]Users/[]Youssef/[]Desktop/[]UNI/[]S4/[]Computerspie
l[]Entwicklung/[]Das[]Spiel/anfaengerpraktikum/addons/[] 
 []


Underfull \hbox (badness 10000) in paragraph at lines 5--5
 [][] \T1/phv/m/n/10 C[]:/[]Users/[]Youssef/[]Desktop/[]UNI/[]S4/[]Computerspie
l[]Entwicklung/[]Das[]Spiel/anfaengerpraktikum/addons/[] 
 []


Underfull \hbox (badness 10000) in paragraph at lines 6--6
 [][] \T1/phv/m/n/10 C[]:/[]Users/[]Youssef/[]Desktop/[]UNI/[]S4/[]Computerspie
l[]Entwicklung/[]Das[]Spiel/anfaengerpraktikum/addons/[] 
 []


Underfull \hbox (badness 10000) in paragraph at lines 7--7
 [][] \T1/phv/m/n/10 C[]:/[]Users/[]Youssef/[]Desktop/[]UNI/[]S4/[]Computerspie
l[]Entwicklung/[]Das[]Spiel/anfaengerpraktikum/addons/[] 
 []


Underfull \hbox (badness 10000) in paragraph at lines 8--8
 [][] \T1/phv/m/n/10 C[]:/[]Users/[]Youssef/[]Desktop/[]UNI/[]S4/[]Computerspie
l[]Entwicklung/[]Das[]Spiel/anfaengerpraktikum/addons/[] 
 []


Underfull \hbox (badness 10000) in paragraph at lines 9--9
 [][] \T1/phv/m/n/10 C[]:/[]Users/[]Youssef/[]Desktop/[]UNI/[]S4/[]Computerspie
l[]Entwicklung/[]Das[]Spiel/anfaengerpraktikum/addons/[] 
 []


Underfull \hbox (badness 10000) in paragraph at lines 10--10
 [][] \T1/phv/m/n/10 C[]:/[]Users/[]Youssef/[]Desktop/[]UNI/[]S4/[]Computerspie
l[]Entwicklung/[]Das[]Spiel/anfaengerpraktikum/addons/[] 
 []


Overfull \hbox (36.63982pt too wide) in paragraph at lines 11--11
 [][] \T1/phv/m/n/10 C[]:/[]Users/[]Youssef/[]Desktop/[]UNI/[]S4/[]Computerspie
l[]Entwicklung/[]Das[]Spiel/anfaengerpraktikum/scripts/[] 
 []


Underfull \hbox (badness 10000) in paragraph at lines 11--11
 []  
 []


Overfull \hbox (27.17177pt too wide) in paragraph at lines 12--12
 [][] \T1/phv/m/n/10 C[]:/[]Users/[]Youssef/[]Desktop/[]UNI/[]S4/[]Computerspie
l[]Entwicklung/[]Das[]Spiel/anfaengerpraktikum/scripts/[] 
 []


Underfull \hbox (badness 10000) in paragraph at lines 12--12
 []  
 []


Underfull \hbox (badness 10000) in paragraph at lines 13--13
 []  
 []


Overfull \hbox (33.99379pt too wide) in paragraph at lines 14--14
 [][] \T1/phv/m/n/10 C[]:/[]Users/[]Youssef/[]Desktop/[]UNI/[]S4/[]Computerspie
l[]Entwicklung/[]Das[]Spiel/anfaengerpraktikum/scripts/[] 
 []


Underfull \hbox (badness 10000) in paragraph at lines 14--14
 []  
 []


Overfull \hbox (23.03204pt too wide) in paragraph at lines 15--15
 [][] \T1/phv/m/n/10 C[]:/[]Users/[]Youssef/[]Desktop/[]UNI/[]S4/[]Computerspie
l[]Entwicklung/[]Das[]Spiel/anfaengerpraktikum/scripts/[] 
 []


Underfull \hbox (badness 10000) in paragraph at lines 15--15
 []  
 []


Underfull \hbox (badness 10000) in paragraph at lines 16--16
 []  
 []


Overfull \hbox (28.71971pt too wide) in paragraph at lines 17--17
 [][] \T1/phv/m/n/10 C[]:/[]Users/[]Youssef/[]Desktop/[]UNI/[]S4/[]Computerspie
l[]Entwicklung/[]Das[]Spiel/anfaengerpraktikum/scripts/[] 
 []


Underfull \hbox (badness 10000) in paragraph at lines 17--17
 []  
 []


Underfull \hbox (badness 10000) in paragraph at lines 18--18
 []  
 []


Overfull \hbox (35.7756pt too wide) in paragraph at lines 19--19
 [][] \T1/phv/m/n/10 C[]:/[]Users/[]Youssef/[]Desktop/[]UNI/[]S4/[]Computerspie
l[]Entwicklung/[]Das[]Spiel/anfaengerpraktikum/scripts/[] 
 []


Underfull \hbox (badness 10000) in paragraph at lines 19--19
 []  
 []


Overfull \hbox (45.23456pt too wide) in paragraph at lines 20--20
 [][] \T1/phv/m/n/10 C[]:/[]Users/[]Youssef/[]Desktop/[]UNI/[]S4/[]Computerspie
l[]Entwicklung/[]Das[]Spiel/anfaengerpraktikum/scripts/[] 
 []


Underfull \hbox (badness 10000) in paragraph at lines 20--20
 []  
 []


Overfull \hbox (31.0778pt too wide) in paragraph at lines 21--21
 [][] \T1/phv/m/n/10 C[]:/[]Users/[]Youssef/[]Desktop/[]UNI/[]S4/[]Computerspie
l[]Entwicklung/[]Das[]Spiel/anfaengerpraktikum/scripts/[] 
 []


Underfull \hbox (badness 10000) in paragraph at lines 21--21
 []  
 []


Overfull \hbox (78.83104pt too wide) in paragraph at lines 22--22
 [][] \T1/phv/m/n/10 C[]:/[]Users/[]Youssef/[]Desktop/[]UNI/[]S4/[]Computerspie
l[]Entwicklung/[]Das[]Spiel/anfaengerpraktikum/scripts/[] 
 []


Underfull \hbox (badness 10000) in paragraph at lines 22--22
 []  
 []

[27

]
Overfull \hbox (66.55513pt too wide) in paragraph at lines 23--23
 [][] \T1/phv/m/n/10 C[]:/[]Users/[]Youssef/[]Desktop/[]UNI/[]S4/[]Computerspie
l[]Entwicklung/[]Das[]Spiel/anfaengerpraktikum/scripts/[] 
 []


Underfull \hbox (badness 10000) in paragraph at lines 23--23
 []  
 []


Underfull \hbox (badness 10000) in paragraph at lines 24--24
 []  
 []


Overfull \hbox (34.58778pt too wide) in paragraph at lines 25--25
 [][] \T1/phv/m/n/10 C[]:/[]Users/[]Youssef/[]Desktop/[]UNI/[]S4/[]Computerspie
l[]Entwicklung/[]Das[]Spiel/anfaengerpraktikum/scripts/[] 
 []


Underfull \hbox (badness 10000) in paragraph at lines 25--25
 []  
 []


Underfull \hbox (badness 10000) in paragraph at lines 26--26
 []  
 []


Overfull \hbox (46.4857pt too wide) in paragraph at lines 27--27
 [][] \T1/phv/m/n/10 C[]:/[]Users/[]Youssef/[]Desktop/[]UNI/[]S4/[]Computerspie
l[]Entwicklung/[]Das[]Spiel/anfaengerpraktikum/scripts/[] 
 []


Underfull \hbox (badness 10000) in paragraph at lines 27--27
 []  
 []


Overfull \hbox (35.72157pt too wide) in paragraph at lines 28--28
 [][] \T1/phv/m/n/10 C[]:/[]Users/[]Youssef/[]Desktop/[]UNI/[]S4/[]Computerspie
l[]Entwicklung/[]Das[]Spiel/anfaengerpraktikum/scripts/[] 
 []


Underfull \hbox (badness 10000) in paragraph at lines 28--28
 []  
 []


Overfull \hbox (55.6472pt too wide) in paragraph at lines 29--29
 [][] \T1/phv/m/n/10 C[]:/[]Users/[]Youssef/[]Desktop/[]UNI/[]S4/[]Computerspie
l[]Entwicklung/[]Das[]Spiel/anfaengerpraktikum/scripts/[] 
 []


Underfull \hbox (badness 10000) in paragraph at lines 29--29
 []  
 []

) [28]
Chapter 7.
(./namespace_gd_m_u_t.tex
LaTeX Font Info:    Trying to load font information for TS1+phv on input line 6
.

(c:/texlive/2023/texmf-dist/tex/latex/psnfss/ts1phv.fd
File: ts1phv.fd 2020/03/25 scalable font definitions for TS1/phv.
)
LaTeX Font Info:    Font shape `TS1/phv/m/n' will be
(Font)              scaled to size 8.99994pt on input line 6.
LaTeX Font Info:    Font shape `T1/phv/m/n' will be
(Font)              scaled to size 8.09995pt on input line 12.
LaTeX Font Info:    Font shape `T1/phv/m/it' in size <9> not available
(Font)              Font shape `T1/phv/m/sl' tried instead on input line 12.
LaTeX Font Info:    Font shape `T1/phv/m/sl' will be
(Font)              scaled to size 8.09995pt on input line 12.
)
(./namespace_gd_m_u_t_1_1_components.tex) [29

] [30

]
Chapter 8.
(./class_base_enemy.tex
Package epstopdf Info: Source file: <class_base_enemy.eps>
(epstopdf)                    date: 2025-05-22 21:07:36
(epstopdf)                    size: 3891 bytes
(epstopdf)             Output file: <class_base_enemy-eps-converted-to.pdf>
(epstopdf)                    date: 2025-05-22 21:10:35
(epstopdf)                    size: 6281 bytes
(epstopdf)             Command: <repstopdf --outfile=class_base_enemy-eps-conve
rted-to.pdf class_base_enemy.eps>
(epstopdf)             \includegraphics on input line 11.
Package epstopdf Info: Output file is already uptodate.
 <./class_base_enemy-eps-converted-to.pdf>
<class_base_enemy-eps-converted-to.pdf, id=2482, 501.875pt x 493.64424pt>
File: class_base_enemy-eps-converted-to.pdf Graphic file (type pdf)
<use class_base_enemy-eps-converted-to.pdf>
Package pdftex.def Info: class_base_enemy-eps-converted-to.pdf  used on input l
ine 11.
(pdftex.def)             Requested size: 86.78029pt x 85.35826pt.
LaTeX Font Info:    Font shape `T1/phv/m/it' in size <7> not available
(Font)              Font shape `T1/phv/m/sl' tried instead on input line 26.
LaTeX Font Info:    Font shape `T1/phv/m/sl' will be
(Font)              scaled to size 6.29996pt on input line 26.
 [31] [32]
LaTeX Font Info:    Font shape `T1/phv/m/n' will be
(Font)              scaled to size 7.19995pt on input line 148.
LaTeX Font Info:    Font shape `T1/pcr/m/it' in size <8> not available
(Font)              Font shape `T1/pcr/m/sl' tried instead on input line 187.
LaTeX Font Info:    Font shape `T1/pcr/m/it' in size <7> not available
(Font)              Font shape `T1/pcr/m/sl' tried instead on input line 187.

[33]
Underfull \hbox (badness 10000) detected at line 280
[][][]
 []

[34]
Underfull \hbox (badness 2020) in paragraph at lines 391--392
[]\T1/phv/m/n/10 References [], [], [], [], [],
 []

[35] [36]
Overfull \hbox (17.40155pt too wide) in paragraph at lines 515--516
[]\T1/phv/m/n/10 References [], [], [], [], [], [], [],
 []

[37] [38]
Underfull \hbox (badness 10000) detected at line 540
[][][]
 []


Underfull \hbox (badness 10000) detected at line 568
[][][]
 []

[39] [40] [41]
Overfull \hbox (42.83537pt too wide) in paragraph at lines 836--837
[]\T1/phv/m/n/10 References [], [], [], [], [], [], [],
 []

[42]
Underfull \hbox (badness 5726) in paragraph at lines 963--964
[]\T1/phv/m/n/10 Referenced by [], [], [], [], [],
 []

[43] [44] [45] [46]
Overfull \hbox (24.46362pt too wide) in paragraph at lines 1315--1315
[]\T1/phv/m/n/10 C[]:/[]Users/[]Youssef/[]Desktop/[]UNI/[]S4/[]Computerspiel[]E
ntwicklung/[]Das[]Spiel/anfaengerpraktikum/scripts/[] 
 []

) (./class_blood_vial.tex
Package epstopdf Info: Source file: <class_blood_vial.eps>
(epstopdf)                    date: 2025-03-05 10:19:59
(epstopdf)                    size: 3770 bytes
(epstopdf)             Output file: <class_blood_vial-eps-converted-to.pdf>
(epstopdf)                    date: 2025-05-22 21:10:40
(epstopdf)                    size: 5058 bytes
(epstopdf)             Command: <repstopdf --outfile=class_blood_vial-eps-conve
rted-to.pdf class_blood_vial.eps>
(epstopdf)             \includegraphics on input line 11.
Package epstopdf Info: Output file is already uptodate.
 <./class_blood_vial-eps-converted-to.pdf>
<class_blood_vial-eps-converted-to.pdf, id=3225, 501.875pt x 542.567pt>
File: class_blood_vial-eps-converted-to.pdf Graphic file (type pdf)
<use class_blood_vial-eps-converted-to.pdf>
Package pdftex.def Info: class_blood_vial-eps-converted-to.pdf  used on input l
ine 11.
(pdftex.def)             Requested size: 52.63333pt x 56.9055pt.
 [47]
[48]
Overfull \hbox (86.2095pt too wide) in paragraph at lines 142--143
[]\T1/phv/m/n/10 References [], [], [], and []. 
 []

) (./class_boss1.tex
Package epstopdf Info: Source file: <class_boss1.eps>
(epstopdf)                    date: 2025-05-22 21:07:36
(epstopdf)                    size: 3891 bytes
(epstopdf)             Output file: <class_boss1-eps-converted-to.pdf>
(epstopdf)                    date: 2025-05-22 21:10:43
(epstopdf)                    size: 6283 bytes
(epstopdf)             Command: <repstopdf --outfile=class_boss1-eps-converted-
to.pdf class_boss1.eps>
(epstopdf)             \includegraphics on input line 11.
Package epstopdf Info: Output file is already uptodate.
 <./class_boss1-eps-converted-to.pdf>
<class_boss1-eps-converted-to.pdf, id=3341, 501.875pt x 493.64424pt>
File: class_boss1-eps-converted-to.pdf Graphic file (type pdf)
<use class_boss1-eps-converted-to.pdf>
Package pdftex.def Info: class_boss1-eps-converted-to.pdf  used on input line 1
1.
(pdftex.def)             Requested size: 86.78029pt x 85.35826pt.
 [49] [50] [51]
Underfull \hbox (badness 6641) in paragraph at lines 179--180
[]\T1/phv/m/n/10 References [], [], [], [],
 []


Overfull \hbox (25.32565pt too wide) in paragraph at lines 214--215
[]\T1/phv/m/n/10 References [], [], [], [],
 []

[52] [53] [54]) (./class_checkpoint.tex
Package epstopdf Info: Source file: <class_checkpoint.eps>
(epstopdf)                    date: 2025-03-05 10:19:59
(epstopdf)                    size: 3774 bytes
(epstopdf)             Output file: <class_checkpoint-eps-converted-to.pdf>
(epstopdf)                    date: 2025-05-22 21:10:47
(epstopdf)                    size: 5570 bytes
(epstopdf)             Command: <repstopdf --outfile=class_checkpoint-eps-conve
rted-to.pdf class_checkpoint.eps>
(epstopdf)             \includegraphics on input line 6.
Package epstopdf Info: Output file is already uptodate.
 <./class_checkpoint-eps-converted-to.pdf>
<class_checkpoint-eps-converted-to.pdf, id=3573, 501.875pt x 483.73723pt>
File: class_checkpoint-eps-converted-to.pdf Graphic file (type pdf)
<use class_checkpoint-eps-converted-to.pdf>
Package pdftex.def Info: class_checkpoint-eps-converted-to.pdf  used on input l
ine 6.
(pdftex.def)             Requested size: 59.0354pt x 56.9055pt.
 [55]
Overfull \hbox (40.2293pt too wide) in paragraph at lines 86--87
[]\T1/phv/m/n/10 References [], [], [], [],
 []


Overfull \hbox (21.8176pt too wide) in paragraph at lines 105--105
[]\T1/phv/m/n/10 C[]:/[]Users/[]Youssef/[]Desktop/[]UNI/[]S4/[]Computerspiel[]E
ntwicklung/[]Das[]Spiel/anfaengerpraktikum/scripts/[] 
 []

) (./class_damage.tex [56] [57]
Underfull \hbox (badness 10000) detected at line 92
[][][]
 []


Underfull \hbox (badness 10000) detected at line 124
[][][]
 []


Underfull \hbox (badness 10000) detected at line 156
[][][]
 []


Underfull \hbox (badness 10000) detected at line 188
[][][]
 []

[58]) (./class_door.tex
Package epstopdf Info: Source file: <class_door.eps>
(epstopdf)                    date: 2025-03-05 10:19:59
(epstopdf)                    size: 3762 bytes
(epstopdf)             Output file: <class_door-eps-converted-to.pdf>
(epstopdf)                    date: 2025-05-22 21:10:51
(epstopdf)                    size: 4778 bytes
(epstopdf)             Command: <repstopdf --outfile=class_door-eps-converted-t
o.pdf class_door.eps>
(epstopdf)             \includegraphics on input line 11.
Package epstopdf Info: Output file is already uptodate.
 <./class_door-eps-converted-to.pdf>
<class_door-eps-converted-to.pdf, id=3752, 501.875pt x 627.34375pt>
File: class_door-eps-converted-to.pdf Graphic file (type pdf)
<use class_door-eps-converted-to.pdf>
Package pdftex.def Info: class_door-eps-converted-to.pdf  used on input line 11
.
(pdftex.def)             Requested size: 45.51906pt x 56.9055pt.
 [59] [60] [61])
(./class_health_bar.tex
Package epstopdf Info: Source file: <class_health_bar.eps>
(epstopdf)                    date: 2025-03-05 10:19:59
(epstopdf)                    size: 3796 bytes
(epstopdf)             Output file: <class_health_bar-eps-converted-to.pdf>
(epstopdf)                    date: 2025-05-22 21:10:55
(epstopdf)                    size: 5789 bytes
(epstopdf)             Command: <repstopdf --outfile=class_health_bar-eps-conve
rted-to.pdf class_health_bar.eps>
(epstopdf)             \includegraphics on input line 11.
Package epstopdf Info: Output file is already uptodate.
 <./class_health_bar-eps-converted-to.pdf>
<class_health_bar-eps-converted-to.pdf, id=3832, 501.875pt x 301.8778pt>
File: class_health_bar-eps-converted-to.pdf Graphic file (type pdf)
<use class_health_bar-eps-converted-to.pdf>
Package pdftex.def Info: class_health_bar-eps-converted-to.pdf  used on input l
ine 11.
(pdftex.def)             Requested size: 94.59909pt x 56.9055pt.
 [62]
Overfull \hbox (16.54352pt too wide) in paragraph at lines 93--93
[]\T1/phv/m/n/10 C[]:/[]Users/[]Youssef/[]Desktop/[]UNI/[]S4/[]Computerspiel[]E
ntwicklung/[]Das[]Spiel/anfaengerpraktikum/scripts/[] 
 []

) (./class_hud.tex
Package epstopdf Info: Source file: <class_hud.eps>
(epstopdf)                    date: 2025-05-22 21:07:36
(epstopdf)                    size: 3770 bytes
(epstopdf)             Output file: <class_hud-eps-converted-to.pdf>
(epstopdf)                    date: 2025-05-22 21:10:59
(epstopdf)                    size: 5381 bytes
(epstopdf)             Command: <repstopdf --outfile=class_hud-eps-converted-to
.pdf class_hud.eps>
(epstopdf)             \includegraphics on input line 11.
Package epstopdf Info: Output file is already uptodate.
 <./class_hud-eps-converted-to.pdf>
<class_hud-eps-converted-to.pdf, id=3875, 501.875pt x 418.23253pt>
File: class_hud-eps-converted-to.pdf Graphic file (type pdf)
<use class_hud-eps-converted-to.pdf>
Package pdftex.def Info: class_hud-eps-converted-to.pdf  used on input line 11.

(pdftex.def)             Requested size: 68.2786pt x 56.9055pt.
 [63] [64]
Underfull \hbox (badness 4144) in paragraph at lines 188--189
[]\T1/phv/m/n/10 References [], [], [],
 []

[65] [66]) (./class_interactable.tex
Package epstopdf Info: Source file: <class_interactable.eps>
(epstopdf)                    date: 2025-03-05 10:19:59
(epstopdf)                    size: 3798 bytes
(epstopdf)             Output file: <class_interactable-eps-converted-to.pdf>
(epstopdf)                    date: 2025-05-22 21:11:04
(epstopdf)                    size: 5927 bytes
(epstopdf)             Command: <repstopdf --outfile=class_interactable-eps-con
verted-to.pdf class_interactable.eps>
(epstopdf)             \includegraphics on input line 11.
Package epstopdf Info: Output file is already uptodate.
 <./class_interactable-eps-converted-to.pdf>
<class_interactable-eps-converted-to.pdf, id=4039, 501.875pt x 331.81966pt>
File: class_interactable-eps-converted-to.pdf Graphic file (type pdf)
<use class_interactable-eps-converted-to.pdf>
Package pdftex.def Info: class_interactable-eps-converted-to.pdf  used on input
 line 11.
(pdftex.def)             Requested size: 86.0681pt x 56.9055pt.
 [67] [68]
Overfull \hbox (23.59941pt too wide) in paragraph at lines 231--231
[]\T1/phv/m/n/10 C[]:/[]Users/[]Youssef/[]Desktop/[]UNI/[]S4/[]Computerspiel[]E
ntwicklung/[]Das[]Spiel/anfaengerpraktikum/scripts/[] 
 []

) (./class_level_manager.tex [69]
Package epstopdf Info: Source file: <class_level_manager.eps>
(epstopdf)                    date: 2025-03-05 10:19:59
(epstopdf)                    size: 3778 bytes
(epstopdf)             Output file: <class_level_manager-eps-converted-to.pdf>
(epstopdf)                    date: 2025-05-22 21:11:08
(epstopdf)                    size: 5586 bytes
(epstopdf)             Command: <repstopdf --outfile=class_level_manager-eps-co
nverted-to.pdf class_level_manager.eps>
(epstopdf)             \includegraphics on input line 11.
Package epstopdf Info: Output file is already uptodate.
 <./class_level_manager-eps-converted-to.pdf>
<class_level_manager-eps-converted-to.pdf, id=4137, 501.875pt x 393.6306pt>
File: class_level_manager-eps-converted-to.pdf Graphic file (type pdf)
<use class_level_manager-eps-converted-to.pdf>
Package pdftex.def Info: class_level_manager-eps-converted-to.pdf  used on inpu
t line 11.
(pdftex.def)             Requested size: 72.55176pt x 56.9055pt.

[70]
Overfull \hbox (33.05836pt too wide) in paragraph at lines 114--114
[]\T1/phv/m/n/10 C[]:/[]Users/[]Youssef/[]Desktop/[]UNI/[]S4/[]Computerspiel[]E
ntwicklung/[]Das[]Spiel/anfaengerpraktikum/scripts/[] 
 []

) (./class_main_menu.tex
Package epstopdf Info: Source file: <class_main_menu.eps>
(epstopdf)                    date: 2025-05-22 21:07:36
(epstopdf)                    size: 3770 bytes
(epstopdf)             Output file: <class_main_menu-eps-converted-to.pdf>
(epstopdf)                    date: 2025-05-22 21:11:12
(epstopdf)                    size: 5234 bytes
(epstopdf)             Command: <repstopdf --outfile=class_main_menu-eps-conver
ted-to.pdf class_main_menu.eps>
(epstopdf)             \includegraphics on input line 11.
Package epstopdf Info: Output file is already uptodate.
 <./class_main_menu-eps-converted-to.pdf>
<class_main_menu-eps-converted-to.pdf, id=4186, 501.875pt x 501.875pt>
File: class_main_menu-eps-converted-to.pdf Graphic file (type pdf)
<use class_main_menu-eps-converted-to.pdf>
Package pdftex.def Info: class_main_menu-eps-converted-to.pdf  used on input li
ne 11.
(pdftex.def)             Requested size: 56.89883pt x 56.9055pt.
 [71] [72]
Underfull \hbox (badness 1552) in paragraph at lines 127--128
[]\T1/phv/m/n/10 References [], [], [], [], [],
 []

[73]
Underfull \hbox (badness 1122) in paragraph at lines 192--193
[]\T1/phv/m/n/10 Referenced by [], [], [],
 []

[74]
Overfull \hbox (53.20827pt too wide) in paragraph at lines 325--326
[]\T1/phv/m/n/10 References [], [], [], [], and []. 
 []

[75]
Underfull \hbox (badness 4181) in paragraph at lines 460--461
[]\T1/phv/m/n/10 References [], [], [],
 []

[76]
Underfull \hbox (badness 4181) in paragraph at lines 517--518
[]\T1/phv/m/n/10 References [], [], [],
 []

[77]
Underfull \hbox (badness 4181) in paragraph at lines 574--575
[]\T1/phv/m/n/10 References [], [], [],
 []

[78] [79]
Overfull \hbox (18.90161pt too wide) in paragraph at lines 723--723
[]\T1/phv/m/n/10 C[]:/[]Users/[]Youssef/[]Desktop/[]UNI/[]S4/[]Computerspiel[]E
ntwicklung/[]Das[]Spiel/anfaengerpraktikum/scripts/[] 
 []

) (./class_main_menu_background.tex
Package epstopdf Info: Source file: <class_main_menu_background.eps>
(epstopdf)                    date: 2025-05-22 21:07:36
(epstopdf)                    size: 3804 bytes
(epstopdf)             Output file: <class_main_menu_background-eps-converted-t
o.pdf>
(epstopdf)                    date: 2025-05-22 21:11:18
(epstopdf)                    size: 6151 bytes
(epstopdf)             Command: <repstopdf --outfile=class_main_menu_background
-eps-converted-to.pdf class_main_menu_background.eps>
(epstopdf)             \includegraphics on input line 11.
Package epstopdf Info: Output file is already uptodate.
 <./class_main_menu_background-eps-converted-to.pdf>
<class_main_menu_background-eps-converted-to.pdf, id=4634, 501.875pt x 271.2835
1pt>
File: class_main_menu_background-eps-converted-to.pdf Graphic file (type pdf)
<use class_main_menu_background-eps-converted-to.pdf>
Package pdftex.def Info: class_main_menu_background-eps-converted-to.pdf  used 
on input line 11.
(pdftex.def)             Requested size: 105.27432pt x 56.9055pt.
 [80]
Overfull \hbox (66.65485pt too wide) in paragraph at lines 87--87
[]\T1/phv/m/n/10 C[]:/[]Users/[]Youssef/[]Desktop/[]UNI/[]S4/[]Computerspiel[]E
ntwicklung/[]Das[]Spiel/anfaengerpraktikum/scripts/[] 
 []

) (./class_navigation_manager.tex
Package epstopdf Info: Source file: <class_navigation_manager.eps>
(epstopdf)                    date: 2025-03-05 10:19:59
(epstopdf)                    size: 3784 bytes
(epstopdf)             Output file: <class_navigation_manager-eps-converted-to.
pdf>
(epstopdf)                    date: 2025-05-22 21:11:23
(epstopdf)                    size: 5381 bytes
(epstopdf)             Command: <repstopdf --outfile=class_navigation_manager-e
ps-converted-to.pdf class_navigation_manager.eps>
(epstopdf)             \includegraphics on input line 11.
Package epstopdf Info: Output file is already uptodate.
 <./class_navigation_manager-eps-converted-to.pdf>
<class_navigation_manager-eps-converted-to.pdf, id=4665, 501.875pt x 306.48502p
t>
File: class_navigation_manager-eps-converted-to.pdf Graphic file (type pdf)
<use class_navigation_manager-eps-converted-to.pdf>
Package pdftex.def Info: class_navigation_manager-eps-converted-to.pdf  used on
 input line 11.
(pdftex.def)             Requested size: 93.18236pt x 56.9055pt.
 [81] [82]
Overfull \hbox (35.2774pt too wide) in paragraph at lines 184--185
[]\T1/phv/m/n/10 Referenced by [], [], [],
 []


Underfull \hbox (badness 4266) in paragraph at lines 184--185
[]\T1/phv/m/n/10 , [], [],
 []

[83]
Underfull \hbox (badness 10000) in paragraph at lines 238--239
\T1/pcr/m/n/8 readonly Packed[]Scene Navigation[]Manager.[]Scene[]Boss = (Packe
d[]Scene)GD.[]Load("res[]://Scenes/boss[]
 []

[84]
Underfull \hbox (badness 10000) in paragraph at lines 338--339
[]\T1/phv/m/n/10 Referenced by [], [], [],
 []


Overfull \hbox (54.37894pt too wide) in paragraph at lines 363--363
[]\T1/phv/m/n/10 C[]:/[]Users/[]Youssef/[]Desktop/[]UNI/[]S4/[]Computerspiel[]E
ntwicklung/[]Das[]Spiel/anfaengerpraktikum/scripts/[] 
 []

) (./class_player.tex
Package epstopdf Info: Source file: <class_player.eps>
(epstopdf)                    date: 2025-03-05 10:19:59
(epstopdf)                    size: 3784 bytes
(epstopdf)             Output file: <class_player-eps-converted-to.pdf>
(epstopdf)                    date: 2025-05-22 21:11:28
(epstopdf)                    size: 5719 bytes
(epstopdf)             Command: <repstopdf --outfile=class_player-eps-converted
-to.pdf class_player.eps>
(epstopdf)             \includegraphics on input line 11.
Package epstopdf Info: Output file is already uptodate.
 <./class_player-eps-converted-to.pdf>
<class_player-eps-converted-to.pdf, id=4817, 501.875pt x 329.0995pt>
File: class_player-eps-converted-to.pdf Graphic file (type pdf)
<use class_player-eps-converted-to.pdf>
Package pdftex.def Info: class_player-eps-converted-to.pdf  used on input line 
11.
(pdftex.def)             Requested size: 86.78029pt x 56.9055pt.
 [85]
LaTeX Font Info:    Font shape `T1/pcr/m/it' in size <9> not available
(Font)              Font shape `T1/pcr/m/sl' tried instead on input line 26.
 [86] [87]
Overfull \hbox (25.33797pt too wide) in paragraph at lines 207--208
[]\T1/phv/m/n/10 References [], [], [], [], [], [],
 []

[88] [89]
Underfull \hbox (badness 10000) detected at line 332
[][][]
 []


Underfull \hbox (badness 10000) detected at line 364
[][][]
 []

[90] [91]
Underfull \hbox (badness 10000) detected at line 531
[][][]
 []


Underfull \hbox (badness 10000) detected at line 559
[][][]
 []

[92] [93]
Overfull \hbox (17.79248pt too wide) in paragraph at lines 686--687
[]\T1/phv/m/n/10 References [], [], [], and []. 
 []

[94] [95]
Overfull \hbox (53.90886pt too wide) in paragraph at lines 907--908
[]\T1/phv/m/n/10 References [], [], [], [],
 []


Underfull \hbox (badness 1742) in paragraph at lines 907--908
[]\T1/phv/m/n/10 , [], [], [], [], and
 []

[96]
Underfull \hbox (badness 10000) detected at line 989
[][][]
 []


Overfull \hbox (17.79248pt too wide) in paragraph at lines 1013--1014
[]\T1/phv/m/n/10 References [], [], [], and []. 
 []

[97] [98] [99]) (./class_player_stats.tex
Package epstopdf Info: Source file: <class_player_stats.eps>
(epstopdf)                    date: 2025-03-05 10:19:59
(epstopdf)                    size: 3772 bytes
(epstopdf)             Output file: <class_player_stats-eps-converted-to.pdf>
(epstopdf)                    date: 2025-05-22 21:11:33
(epstopdf)                    size: 5404 bytes
(epstopdf)             Command: <repstopdf --outfile=class_player_stats-eps-con
verted-to.pdf class_player_stats.eps>
(epstopdf)             \includegraphics on input line 11.
Package epstopdf Info: Output file is already uptodate.
 <./class_player_stats-eps-converted-to.pdf>
<class_player_stats-eps-converted-to.pdf, id=5487, 501.875pt x 477.97571pt>
File: class_player_stats-eps-converted-to.pdf Graphic file (type pdf)
<use class_player_stats-eps-converted-to.pdf>
Package pdftex.def Info: class_player_stats-eps-converted-to.pdf  used on input
 line 11.
(pdftex.def)             Requested size: 59.7476pt x 56.9055pt.
 [100] [101] [102]
Underfull \hbox (badness 1226) in paragraph at lines 137--138
[]\T1/phv/m/n/10 References [], [], [], [], [], [], and
 []


Underfull \hbox (badness 10000) detected at line 153
[][][]
 []


Overfull \hbox (39.824pt too wide) in paragraph at lines 173--174
[]\T1/phv/m/n/10 Referenced by [], [], [], and []. 
 []


Underfull \hbox (badness 10000) detected at line 185
[][][]
 []

[103]
Underfull \hbox (badness 10000) detected at line 217
[][][]
 []


Underfull \hbox (badness 10000) detected at line 249
[][][]
 []


Underfull \hbox (badness 10000) detected at line 281
[][][]
 []


Overfull \hbox (64.19398pt too wide) in paragraph at lines 301--302
[]\T1/phv/m/n/10 Referenced by [], [], [],
 []


Underfull \hbox (badness 10000) detected at line 313
[][][]
 []

[104]
Underfull \hbox (badness 10000) detected at line 345
[][][]
 []


Underfull \hbox (badness 10000) detected at line 377
[][][]
 []


Underfull \hbox (badness 10000) detected at line 409
[][][]
 []

[105]
Underfull \hbox (badness 10000) detected at line 441
[][][]
 []


Underfull \hbox (badness 10000) detected at line 473
[][][]
 []


Underfull \hbox (badness 10000) detected at line 505
[][][]
 []


Overfull \hbox (46.02477pt too wide) in paragraph at lines 525--526
[]\T1/phv/m/n/10 Referenced by [], [], [], [],
 []

[106] [107]
Overfull \hbox (26.15353pt too wide) in paragraph at lines 692--693
[]\T1/phv/m/n/10 Referenced by [], [], [], and []. 
 []

[108] [109] [110] [111] [112]
Underfull \hbox (badness 1286) in paragraph at lines 1161--1162
[]\T1/phv/m/n/10 Referenced by [], [], [], [],
 []


Overfull \hbox (31.78177pt too wide) in paragraph at lines 1161--1162
[]\T1/phv/m/n/10 , [], [], [], [], [],
 []


Overfull \hbox (74.80647pt too wide) in paragraph at lines 1161--1162
[]\T1/phv/m/n/10 , [], [], [],
 []


Underfull \hbox (badness 4266) in paragraph at lines 1161--1162
[]\T1/phv/m/n/10 , [], [],
 []


Overfull \hbox (22.41159pt too wide) in paragraph at lines 1167--1167
[]\T1/phv/m/n/10 C[]:/[]Users/[]Youssef/[]Desktop/[]UNI/[]S4/[]Computerspiel[]E
ntwicklung/[]Das[]Spiel/anfaengerpraktikum/scripts/[] 
 []

) (./class_spike.tex
Package epstopdf Info: Source file: <class_spike.eps>
(epstopdf)                    date: 2025-03-05 10:19:59
(epstopdf)                    size: 3764 bytes
(epstopdf)             Output file: <class_spike-eps-converted-to.pdf>
(epstopdf)                    date: 2025-05-22 21:11:38
(epstopdf)                    size: 5202 bytes
(epstopdf)             Command: <repstopdf --outfile=class_spike-eps-converted-
to.pdf class_spike.eps>
(epstopdf)             \includegraphics on input line 11.
Package epstopdf Info: Output file is already uptodate.
 <./class_spike-eps-converted-to.pdf>
<class_spike-eps-converted-to.pdf, id=5934, 501.875pt x 608.33272pt>
File: class_spike-eps-converted-to.pdf Graphic file (type pdf)
<use class_spike-eps-converted-to.pdf>
Package pdftex.def Info: class_spike-eps-converted-to.pdf  used on input line 1
1.
(pdftex.def)             Requested size: 46.94345pt x 56.9055pt.
 [113] [114]
Underfull \hbox (badness 10000) detected at line 80
[][][]
 []

[115]) (./class_spike_dynamic.tex
Package epstopdf Info: Source file: <class_spike_dynamic.eps>
(epstopdf)                    date: 2025-05-22 21:07:36
(epstopdf)                    size: 3778 bytes
(epstopdf)             Output file: <class_spike_dynamic-eps-converted-to.pdf>
(epstopdf)                    date: 2025-05-22 21:11:44
(epstopdf)                    size: 5875 bytes
(epstopdf)             Command: <repstopdf --outfile=class_spike_dynamic-eps-co
nverted-to.pdf class_spike_dynamic.eps>
(epstopdf)             \includegraphics on input line 11.
Package epstopdf Info: Output file is already uptodate.
 <./class_spike_dynamic-eps-converted-to.pdf>
<class_spike_dynamic-eps-converted-to.pdf, id=6037, 501.875pt x 401.5pt>
File: class_spike_dynamic-eps-converted-to.pdf Graphic file (type pdf)
<use class_spike_dynamic-eps-converted-to.pdf>
Package pdftex.def Info: class_spike_dynamic-eps-converted-to.pdf  used on inpu
t line 11.
(pdftex.def)             Requested size: 71.12737pt x 56.9055pt.

[116]
Underfull \hbox (badness 10000) detected at line 80
[][][]
 []

[117] [118]
Overfull \hbox (34.30951pt too wide) in paragraph at lines 224--224
[]\T1/phv/m/n/10 C[]:/[]Users/[]Youssef/[]Desktop/[]UNI/[]S4/[]Computerspiel[]E
ntwicklung/[]Das[]Spiel/anfaengerpraktikum/scripts/[] 
 []

) (./class_stamina_bar.tex
Package epstopdf Info: Source file: <class_stamina_bar.eps>
(epstopdf)                    date: 2025-03-05 10:19:59
(epstopdf)                    size: 3798 bytes
(epstopdf)             Output file: <class_stamina_bar-eps-converted-to.pdf>
(epstopdf)                    date: 2025-05-22 21:11:48
(epstopdf)                    size: 6055 bytes
(epstopdf)             Command: <repstopdf --outfile=class_stamina_bar-eps-conv
erted-to.pdf class_stamina_bar.eps>
(epstopdf)             \includegraphics on input line 11.
Package epstopdf Info: Output file is already uptodate.
 <./class_stamina_bar-eps-converted-to.pdf>
<class_stamina_bar-eps-converted-to.pdf, id=6140, 501.875pt x 301.8778pt>
File: class_stamina_bar-eps-converted-to.pdf Graphic file (type pdf)
<use class_stamina_bar-eps-converted-to.pdf>
Package pdftex.def Info: class_stamina_bar-eps-converted-to.pdf  used on input 
line 11.
(pdftex.def)             Requested size: 94.59909pt x 56.9055pt.
 [119]
Overfull \hbox (23.54538pt too wide) in paragraph at lines 93--93
[]\T1/phv/m/n/10 C[]:/[]Users/[]Youssef/[]Desktop/[]UNI/[]S4/[]Computerspiel[]E
ntwicklung/[]Das[]Spiel/anfaengerpraktikum/scripts/[] 
 []

) (./class_storage_manager.tex
Package epstopdf Info: Source file: <class_storage_manager.eps>
(epstopdf)                    date: 2025-05-22 21:07:36
(epstopdf)                    size: 3778 bytes
(epstopdf)             Output file: <class_storage_manager-eps-converted-to.pdf
>
(epstopdf)                    date: 2025-05-22 21:11:53
(epstopdf)                    size: 5348 bytes
(epstopdf)             Command: <repstopdf --outfile=class_storage_manager-eps-
converted-to.pdf class_storage_manager.eps>
(epstopdf)             \includegraphics on input line 11.
Package epstopdf Info: Output file is already uptodate.
 <./class_storage_manager-eps-converted-to.pdf>
<class_storage_manager-eps-converted-to.pdf, id=6182, 501.875pt x 349.13435pt>
File: class_storage_manager-eps-converted-to.pdf Graphic file (type pdf)
<use class_storage_manager-eps-converted-to.pdf>
Package pdftex.def Info: class_storage_manager-eps-converted-to.pdf  used on in
put line 11.
(pdftex.def)             Requested size: 81.79494pt x 56.9055pt.

[120] [121]
Underfull \hbox (badness 10000) detected at line 102
[][][]
 []


Underfull \hbox (badness 6608) in paragraph at lines 122--123
[]\T1/phv/m/n/10 Referenced by [], [], [],
 []


Underfull \hbox (badness 10000) detected at line 134
[][][]
 []


Overfull \hbox (24.59485pt too wide) in paragraph at lines 154--155
[]\T1/phv/m/n/10 Referenced by [], [], [],
 []

[122]
Overfull \hbox (69.12749pt too wide) in paragraph at lines 201--202
[]\T1/phv/m/n/10 , [], [], [],
 []


Overfull \hbox (28.95222pt too wide) in paragraph at lines 201--202
[]\T1/phv/m/n/10 , [], [], [],
 []


Overfull \hbox (64.19398pt too wide) in paragraph at lines 205--206
[]\T1/phv/m/n/10 Referenced by [], [], [],
 []

[123]
Overfull \hbox (19.97757pt too wide) in paragraph at lines 276--277
[]\T1/phv/m/n/10 Referenced by [], [], and []. 
 []


Underfull \hbox (badness 2671) in paragraph at lines 320--321
[]\T1/phv/m/n/10 References [], [], [],
 []


Overfull \hbox (73.62721pt too wide) in paragraph at lines 320--321
[]\T1/phv/m/n/10 , [], [], [],
 []


Overfull \hbox (30.3291pt too wide) in paragraph at lines 320--321
[]\T1/phv/m/n/10 , [], [], [],
 []

[124]
Overfull \hbox (69.2881pt too wide) in paragraph at lines 391--392
[]\T1/phv/m/n/10 Referenced by [], [], and []. 
 []


Overfull \hbox (88.21475pt too wide) in paragraph at lines 425--426
[]\T1/phv/m/n/10 Referenced by [], [], [],
 []


Underfull \hbox (badness 10000) in paragraph at lines 448--449
\T1/pcr/m/n/8 String []$ $[] Storage[]Manager.[]Path[]Save = {"user[]://save1.[
]dat", "user[]://save2.[]dat", "user[]://save3.[]
 []

[125]
Underfull \hbox (badness 1147) in paragraph at lines 511--512
[]\T1/phv/m/n/10 Referenced by [], [], [], [],
 []


Overfull \hbox (21.22856pt too wide) in paragraph at lines 511--512
[]\T1/phv/m/n/10 , [], [],
 []


Underfull \hbox (badness 10000) in paragraph at lines 511--512
[]\T1/phv/m/n/10 , [], [],
 []


Overfull \hbox (43.47101pt too wide) in paragraph at lines 517--517
[]\T1/phv/m/n/10 C[]:/[]Users/[]Youssef/[]Desktop/[]UNI/[]S4/[]Computerspiel[]E
ntwicklung/[]Das[]Spiel/anfaengerpraktikum/scripts/[] 
 []

) [126]
Chapter 9.
(./_dock_8cs.tex) (./_dock_8cs_source.tex [127

] [128]) (./_g_d_m_u_t_8cs.tex)
(./_g_d_m_u_t_8cs_source.tex

Package fancyhdr Warning: \headheight is too small (12.0pt): 
(fancyhdr)                Make it at least 22.16548pt, for example:
(fancyhdr)                \setlength{\headheight}{22.16548pt}.
(fancyhdr)                You might also make \topmargin smaller to compensate:

(fancyhdr)                \addtolength{\topmargin}{-10.16548pt}.

[129]) (./_method_result_8cs.tex) (./_method_result_8cs_source.tex)
(./_result_8cs.tex) (./_result_8cs_source.tex [130]) (./_test_function_8cs.tex)
(./_test_function_8cs_source.tex) (./_test_loader_8cs.tex)
(./_test_loader_8cs_source.tex

Package fancyhdr Warning: \headheight is too small (12.0pt): 
(fancyhdr)                Make it at least 22.16548pt, for example:
(fancyhdr)                \setlength{\headheight}{22.16548pt}.
(fancyhdr)                You might also make \topmargin smaller to compensate:

(fancyhdr)                \addtolength{\topmargin}{-10.16548pt}.

[131] [132]) (./_test_result_8cs.tex) (./_test_result_8cs_source.tex

Package fancyhdr Warning: \headheight is too small (12.0pt): 
(fancyhdr)                Make it at least 22.16548pt, for example:
(fancyhdr)                \setlength{\headheight}{22.16548pt}.
(fancyhdr)                You might also make \topmargin smaller to compensate:

(fancyhdr)                \addtolength{\topmargin}{-10.16548pt}.

[133]) (./_t_h_i_r_d_p_a_r_t_y_8md.tex) (./_r_e_a_d_m_e_8md.tex)
(./_base_enemy_8cs.tex) (./_base_enemy_8cs_source.tex [134] [135] [136]
[137]) (./_blood_vial_8cs.tex) (./_blood_vial_8cs_source.tex) (./_boss1_8cs.tex
[138]) (./_boss1_8cs_source.tex

Package fancyhdr Warning: \headheight is too small (12.0pt): 
(fancyhdr)                Make it at least 22.16548pt, for example:
(fancyhdr)                \setlength{\headheight}{22.16548pt}.
(fancyhdr)                You might also make \topmargin smaller to compensate:

(fancyhdr)                \addtolength{\topmargin}{-10.16548pt}.

[139]) (./_checkpoint_8cs.tex) (./_checkpoint_8cs_source.tex [140])
(./_damage_8cs.tex) (./_damage_8cs_source.tex) (./_door_8cs.tex)
(./_door_8cs_source.tex

Package fancyhdr Warning: \headheight is too small (12.0pt): 
(fancyhdr)                Make it at least 22.16548pt, for example:
(fancyhdr)                \setlength{\headheight}{22.16548pt}.
(fancyhdr)                You might also make \topmargin smaller to compensate:

(fancyhdr)                \addtolength{\topmargin}{-10.16548pt}.

[141]) (./_health_bar_8cs.tex) (./_health_bar_8cs_source.tex) (./_hud_8cs.tex
[142]) (./_hud_8cs_source.tex) (./_interactable_8cs.tex

Package fancyhdr Warning: \headheight is too small (12.0pt): 
(fancyhdr)                Make it at least 33.97194pt, for example:
(fancyhdr)                \setlength{\headheight}{33.97194pt}.
(fancyhdr)                You might also make \topmargin smaller to compensate:

(fancyhdr)                \addtolength{\topmargin}{-21.97194pt}.

[143]) (./_interactable_8cs_source.tex) (./_level_manager_8cs.tex)
(./_level_manager_8cs_source.tex [144]) (./_main_menu_8cs.tex)
(./_main_menu_8cs_source.tex

Package fancyhdr Warning: \headheight is too small (12.0pt): 
(fancyhdr)                Make it at least 22.16548pt, for example:
(fancyhdr)                \setlength{\headheight}{22.16548pt}.
(fancyhdr)                You might also make \topmargin smaller to compensate:

(fancyhdr)                \addtolength{\topmargin}{-10.16548pt}.

[145] [146]) (./_main_menu_background_8cs.tex)
(./_main_menu_background_8cs_source.tex) (./_navigation_manager_8cs.tex

Package fancyhdr Warning: \headheight is too small (12.0pt): 
(fancyhdr)                Make it at least 22.16548pt, for example:
(fancyhdr)                \setlength{\headheight}{22.16548pt}.
(fancyhdr)                You might also make \topmargin smaller to compensate:

(fancyhdr)                \addtolength{\topmargin}{-10.16548pt}.

[147]
Underfull \hbox (badness 836) in paragraph at lines 7--7
[]\T1/phv/m/sl/9 Der [] ist fr das Laden von Lev-eln und das Spaw-nen des Spie
l-ers ve-r-ant-wortlich. Der
 []

) (./_navigation_manager_8cs_source.tex [148]) (./_player_8cs.tex)
(./_player_8cs_source.tex

Package fancyhdr Warning: \headheight is too small (12.0pt): 
(fancyhdr)                Make it at least 22.16548pt, for example:
(fancyhdr)                \setlength{\headheight}{22.16548pt}.
(fancyhdr)                You might also make \topmargin smaller to compensate:

(fancyhdr)                \addtolength{\topmargin}{-10.16548pt}.

[149] [150] [151] [152]) (./_player_stats_8cs.tex)
(./_player_stats_8cs_source.tex

Package fancyhdr Warning: \headheight is too small (12.0pt): 
(fancyhdr)                Make it at least 22.16548pt, for example:
(fancyhdr)                \setlength{\headheight}{22.16548pt}.
(fancyhdr)                You might also make \topmargin smaller to compensate:

(fancyhdr)                \addtolength{\topmargin}{-10.16548pt}.

[153] [154]) (./_spike_8cs.tex) (./_spike_8cs_source.tex

Package fancyhdr Warning: \headheight is too small (12.0pt): 
(fancyhdr)                Make it at least 22.16548pt, for example:
(fancyhdr)                \setlength{\headheight}{22.16548pt}.
(fancyhdr)                You might also make \topmargin smaller to compensate:

(fancyhdr)                \addtolength{\topmargin}{-10.16548pt}.

[155]) (./_spike_dynamic_8cs.tex) (./_spike_dynamic_8cs_source.tex [156])
(./_stamina_bar_8cs.tex) (./_stamina_bar_8cs_source.tex)
(./_storage_manager_8cs.tex

Package fancyhdr Warning: \headheight is too small (12.0pt): 
(fancyhdr)                Make it at least 22.16548pt, for example:
(fancyhdr)                \setlength{\headheight}{22.16548pt}.
(fancyhdr)                You might also make \topmargin smaller to compensate:

(fancyhdr)                \addtolength{\topmargin}{-10.16548pt}.

[157]) (./_storage_manager_8cs_source.tex [158]) (./_test_class_8cs.tex)
(./_test_class_8cs_source.tex

Package fancyhdr Warning: \headheight is too small (12.0pt): 
(fancyhdr)                Make it at least 33.97194pt, for example:
(fancyhdr)                \setlength{\headheight}{33.97194pt}.
(fancyhdr)                You might also make \topmargin smaller to compensate:

(fancyhdr)                \addtolength{\topmargin}{-21.97194pt}.

[159]) [160] (./refman.ind
LaTeX Font Info:    Font shape `T1/phv/m/n' will be
(Font)              scaled to size 22.39185pt on input line 1.
 [161



]
Overfull \hbox (246.3055pt too wide) in paragraph at lines 136--138
[]\T1/phv/m/n/10 C:/Users/Youssef/Desktop/UNI/S4/ComputerspielEntwicklung/DasSp
iel/anfaengerpraktikum/addons/GDMUT/Dock.cs,
 []


Overfull \hbox (257.8973pt too wide) in paragraph at lines 138--140
[]\T1/phv/m/n/10 C:/Users/Youssef/Desktop/UNI/S4/ComputerspielEntwicklung/DasSp
iel/anfaengerpraktikum/addons/GDMUT/GDMUT.cs,
 []


Overfull \hbox (281.50366pt too wide) in paragraph at lines 140--142
[]\T1/phv/m/n/10 C:/Users/Youssef/Desktop/UNI/S4/ComputerspielEntwicklung/DasSp
iel/anfaengerpraktikum/addons/GDMUT/MethodResult.cs,
 []


Overfull \hbox (251.48924pt too wide) in paragraph at lines 142--144
[]\T1/phv/m/n/10 C:/Users/Youssef/Desktop/UNI/S4/ComputerspielEntwicklung/DasSp
iel/anfaengerpraktikum/addons/GDMUT/Result.cs,
 []


Overfull \hbox (276.92284pt too wide) in paragraph at lines 144--146
[]\T1/phv/m/n/10 C:/Users/Youssef/Desktop/UNI/S4/ComputerspielEntwicklung/DasSp
iel/anfaengerpraktikum/addons/GDMUT/TestFunction.cs,
 []


Overfull \hbox (269.9749pt too wide) in paragraph at lines 146--148
[]\T1/phv/m/n/10 C:/Users/Youssef/Desktop/UNI/S4/ComputerspielEntwicklung/DasSp
iel/anfaengerpraktikum/addons/GDMUT/TestLoader.cs,
 []


Overfull \hbox (267.914pt too wide) in paragraph at lines 148--150
[]\T1/phv/m/n/10 C:/Users/Youssef/Desktop/UNI/S4/ComputerspielEntwicklung/DasSp
iel/anfaengerpraktikum/addons/GDMUT/TestResult.cs,
 []


Overfull \hbox (201.99896pt too wide) in paragraph at lines 150--152
[]\T1/phv/m/n/10 C:/Users/Youssef/Desktop/UNI/S4/ComputerspielEntwicklung/DasSp
iel/anfaengerpraktikum/addons/godot-
 []


Overfull \hbox (200.46912pt too wide) in paragraph at lines 152--154
[]\T1/phv/m/n/10 C:/Users/Youssef/Desktop/UNI/S4/ComputerspielEntwicklung/DasSp
iel/anfaengerpraktikum/README.md,
 []


Overfull \hbox (234.58754pt too wide) in paragraph at lines 154--156
[]\T1/phv/m/n/10 C:/Users/Youssef/Desktop/UNI/S4/ComputerspielEntwicklung/DasSp
iel/anfaengerpraktikum/scripts/BaseEnemy.cs,
 []


Overfull \hbox (225.11949pt too wide) in paragraph at lines 156--158
[]\T1/phv/m/n/10 C:/Users/Youssef/Desktop/UNI/S4/ComputerspielEntwicklung/DasSp
iel/anfaengerpraktikum/scripts/BloodVial.cs,
 []


Overfull \hbox (212.11487pt too wide) in paragraph at lines 158--160
[]\T1/phv/m/n/10 C:/Users/Youssef/Desktop/UNI/S4/ComputerspielEntwicklung/DasSp
iel/anfaengerpraktikum/scripts/Boss1.cs,
 []


Overfull \hbox (231.94151pt too wide) in paragraph at lines 160--162
[]\T1/phv/m/n/10 C:/Users/Youssef/Desktop/UNI/S4/ComputerspielEntwicklung/DasSp
iel/anfaengerpraktikum/scripts/Checkpoint.cs,
 []


Overfull \hbox (220.97977pt too wide) in paragraph at lines 162--164
[]\T1/phv/m/n/10 C:/Users/Youssef/Desktop/UNI/S4/ComputerspielEntwicklung/DasSp
iel/anfaengerpraktikum/scripts/Damage.cs,
 []


Overfull \hbox (206.15689pt too wide) in paragraph at lines 164--166
[]\T1/phv/m/n/10 C:/Users/Youssef/Desktop/UNI/S4/ComputerspielEntwicklung/DasSp
iel/anfaengerpraktikum/scripts/Door.cs,
 []


Overfull \hbox (226.66743pt too wide) in paragraph at lines 166--168
[]\T1/phv/m/n/10 C:/Users/Youssef/Desktop/UNI/S4/ComputerspielEntwicklung/DasSp
iel/anfaengerpraktikum/scripts/HealthBar.cs,
 []


Overfull \hbox (203.60997pt too wide) in paragraph at lines 168--170
[]\T1/phv/m/n/10 C:/Users/Youssef/Desktop/UNI/S4/ComputerspielEntwicklung/DasSp
iel/anfaengerpraktikum/scripts/Hud.cs,
 []


Overfull \hbox (233.72333pt too wide) in paragraph at lines 170--172
[]\T1/phv/m/n/10 C:/Users/Youssef/Desktop/UNI/S4/ComputerspielEntwicklung/DasSp
iel/anfaengerpraktikum/scripts/Interactable.cs,
 []


Overfull \hbox (243.18228pt too wide) in paragraph at lines 172--174
[]\T1/phv/m/n/10 C:/Users/Youssef/Desktop/UNI/S4/ComputerspielEntwicklung/DasSp
iel/anfaengerpraktikum/scripts/LevelManager.cs,
 []


Overfull \hbox (229.02553pt too wide) in paragraph at lines 174--176
[]\T1/phv/m/n/10 C:/Users/Youssef/Desktop/UNI/S4/ComputerspielEntwicklung/DasSp
iel/anfaengerpraktikum/scripts/MainMenu.cs,
 []


Overfull \hbox (276.77876pt too wide) in paragraph at lines 176--178
[]\T1/phv/m/n/10 C:/Users/Youssef/Desktop/UNI/S4/ComputerspielEntwicklung/DasSp
iel/anfaengerpraktikum/scripts/MainMenuBackground.cs,
 []


Overfull \hbox (264.50285pt too wide) in paragraph at lines 178--180
[]\T1/phv/m/n/10 C:/Users/Youssef/Desktop/UNI/S4/ComputerspielEntwicklung/DasSp
iel/anfaengerpraktikum/scripts/NavigationManager.cs,
 []


Overfull \hbox (211.70987pt too wide) in paragraph at lines 180--182
[]\T1/phv/m/n/10 C:/Users/Youssef/Desktop/UNI/S4/ComputerspielEntwicklung/DasSp
iel/anfaengerpraktikum/scripts/Player.cs,
 []


Overfull \hbox (232.5355pt too wide) in paragraph at lines 182--184
[]\T1/phv/m/n/10 C:/Users/Youssef/Desktop/UNI/S4/ComputerspielEntwicklung/DasSp
iel/anfaengerpraktikum/scripts/PlayerStats.cs,
 []


Overfull \hbox (209.29797pt too wide) in paragraph at lines 184--186
[]\T1/phv/m/n/10 C:/Users/Youssef/Desktop/UNI/S4/ComputerspielEntwicklung/DasSp
iel/anfaengerpraktikum/scripts/Spike.cs,
 []


Overfull \hbox (244.43343pt too wide) in paragraph at lines 186--188
[]\T1/phv/m/n/10 C:/Users/Youssef/Desktop/UNI/S4/ComputerspielEntwicklung/DasSp
iel/anfaengerpraktikum/scripts/SpikeDynamic.cs,
 []


Overfull \hbox (233.6693pt too wide) in paragraph at lines 188--190
[]\T1/phv/m/n/10 C:/Users/Youssef/Desktop/UNI/S4/ComputerspielEntwicklung/DasSp
iel/anfaengerpraktikum/scripts/StaminaBar.cs,
 []


Overfull \hbox (253.59492pt too wide) in paragraph at lines 190--192
[]\T1/phv/m/n/10 C:/Users/Youssef/Desktop/UNI/S4/ComputerspielEntwicklung/DasSp
iel/anfaengerpraktikum/scripts/StorageManager.cs,
 []


Overfull \hbox (197.25641pt too wide) in paragraph at lines 192--194
[]\T1/phv/m/n/10 C:/Users/Youssef/Desktop/UNI/S4/ComputerspielEntwicklung/DasSp
iel/anfaengerpraktikum/TestClass.cs,
 []

[162] [163] [164] [165] [166] [167] [168

]) (./refman.aux)

LaTeX Warning: There were multiply-defined labels.

Package rerunfilecheck Info: File `refman.out' has not changed.
(rerunfilecheck)             Checksum: 4BC41922EEE0A15829AAA8CAECC6ADF6;94797.
 ) 
Here is how much of TeX's memory you used:
 23279 strings out of 476097
 436953 string characters out of 5795135
 1892845 words of memory out of 5000000
 39893 multiletter control sequences out of 15000+600000
 567368 words of font info for 101 fonts, out of 8000000 for 9000
 1141 hyphenation exceptions out of 8191
 101i,16n,117p,2506b,740s stack positions out of 10000i,1000n,20000p,200000b,200000s
<c:/texlive/2023/texmf-dist/fonts/type1/public/amsfonts/cm/cmmi7.pfb><c:/texl
ive/2023/texmf-dist/fonts/type1/public/amsfonts/cm/cmsy7.pfb><c:/texlive/2023/t
exmf-dist/fonts/type1/urw/courier/ucrr8a.pfb><c:/texlive/2023/texmf-dist/fonts/
type1/urw/courier/ucrro8a.pfb><c:/texlive/2023/texmf-dist/fonts/type1/urw/helve
tic/uhvb8a.pfb><c:/texlive/2023/texmf-dist/fonts/type1/urw/helvetic/uhvb8ac.pfb
><c:/texlive/2023/texmf-dist/fonts/type1/urw/helvetic/uhvr8a.pfb><c:/texlive/20
23/texmf-dist/fonts/type1/urw/helvetic/uhvro8a.pfb>
Output written on refman.pdf (182 pages, 733067 bytes).
PDF statistics:
 11407 PDF objects out of 12825 (max. 8388607)
 11056 compressed objects within 111 object streams
 3253 named destinations out of 3580 (max. 500000)
 3395 words of extra memory for PDF output out of 10000 (max. 10000000)

