This is pdfTeX, Version 3.141592653-2.6-1.40.25 (TeX Live 2023) (preloaded format=pdflatex 2023.5.20)  16 JUL 2025 20:13
entering extended mode
 restricted \write18 enabled.
 %&-line parsing enabled.
**refman
(./refman.tex
LaTeX2e <2022-11-01> patch level 1
L3 programming layer <2023-05-15>
(c:/texlive/2023/texmf-dist/tex/generic/iftex/iftex.sty
Package: iftex 2022/02/03 v1.0f TeX engine tests
)
(c:/texlive/2023/texmf-dist/tex/latex/base/book.cls
Document Class: book 2022/07/02 v1.4n Standard LaTeX document class
(c:/texlive/2023/texmf-dist/tex/latex/base/bk10.clo
File: bk10.clo 2022/07/02 v1.4n Standard LaTeX file (size option)
)
\c@part=\count185
\c@chapter=\count186
\c@section=\count187
\c@subsection=\count188
\c@subsubsection=\count189
\c@paragraph=\count190
\c@subparagraph=\count191
\c@figure=\count192
\c@table=\count193
\abovecaptionskip=\skip48
\belowcaptionskip=\skip49
\bibindent=\dimen140
)
(c:/texlive/2023/texmf-dist/tex/latex/base/ifthen.sty
Package: ifthen 2022/04/13 v1.1d Standard LaTeX ifthen package (DPC)
)
(c:/texlive/2023/texmf-dist/tex/latex/tools/array.sty
Rollback for package 'array' requested -> date 2016-10-06.
         Best approximation is the release introduced on 2016-10-06.

(c:/texlive/2023/texmf-dist/tex/latex/tools/array-2016-10-06.sty
Package: array 2016/10/06 v2.4d Tabular extension package (FMi)
\col@sep=\dimen141
\extrarowheight=\dimen142
\NC@list=\toks16
\extratabsurround=\skip50
\backup@length=\skip51
))
(c:/texlive/2023/texmf-dist/tex/generic/infwarerr/infwarerr.sty
package info suppressed
) (./doxygen.sty
Package: doxygen 
(c:/texlive/2023/texmf-dist/tex/latex/base/alltt.sty
Package: alltt 2021/01/29 v2.0g defines alltt environment
)
(c:/texlive/2023/texmf-dist/tex/latex/tools/calc.sty
Package: calc 2017/05/25 v4.3 Infix arithmetic (KKT,FJ)
\calc@Acount=\count194
\calc@Bcount=\count195
\calc@Adimen=\dimen143
\calc@Bdimen=\dimen144
\calc@Askip=\skip52
\calc@Bskip=\skip53
LaTeX Info: Redefining \setlength on input line 80.
LaTeX Info: Redefining \addtolength on input line 81.
\calc@Ccount=\count196
\calc@Cskip=\skip54
)
(c:/texlive/2023/texmf-dist/tex/latex/float/float.sty
Package: float 2001/11/08 v1.3d Float enhancements (AL)
\c@float@type=\count197
\float@exts=\toks17
\float@box=\box51
\@float@everytoks=\toks18
\@floatcapt=\box52
)
(c:/texlive/2023/texmf-dist/tex/latex/tools/verbatim.sty
Package: verbatim 2022-07-02 v1.5u LaTeX2e package for verbatim enhancements
\every@verbatim=\toks19
\verbatim@line=\toks20
\verbatim@in@stream=\read2
)
(c:/texlive/2023/texmf-dist/tex/latex/xcolor/xcolor.sty
Package: xcolor 2022/06/12 v2.14 LaTeX color extensions (UK)

(c:/texlive/2023/texmf-dist/tex/latex/graphics-cfg/color.cfg
File: color.cfg 2016/01/02 v1.6 sample color configuration
)
Package xcolor Info: Driver file: pdftex.def on input line 227.

(c:/texlive/2023/texmf-dist/tex/latex/graphics-def/pdftex.def
File: pdftex.def 2022/09/22 v1.2b Graphics/color driver for pdftex
)
(c:/texlive/2023/texmf-dist/tex/latex/colortbl/colortbl.sty
Package: colortbl 2022/06/20 v1.0f Color table columns (DPC)
\everycr=\toks21
\minrowclearance=\skip55
\rownum=\count198
)
(c:/texlive/2023/texmf-dist/tex/latex/graphics/mathcolor.ltx)
Package xcolor Info: Model `cmy' substituted by `cmy0' on input line 1353.
Package xcolor Info: Model `hsb' substituted by `rgb' on input line 1357.
Package xcolor Info: Model `RGB' extended on input line 1369.
Package xcolor Info: Model `HTML' substituted by `rgb' on input line 1371.
Package xcolor Info: Model `Hsb' substituted by `hsb' on input line 1372.
Package xcolor Info: Model `tHsb' substituted by `hsb' on input line 1373.
Package xcolor Info: Model `HSB' substituted by `hsb' on input line 1374.
Package xcolor Info: Model `Gray' substituted by `gray' on input line 1375.
Package xcolor Info: Model `wave' substituted by `hsb' on input line 1376.
)
(./longtable_doxygen.sty
Package: longtable_doxygen 2014/10/28 v4.11 Multi-page Table package (DPC) - fr
ozen version for doxygen
\LTleft=\skip56
\LTright=\skip57
\LTpre=\skip58
\LTpost=\skip59
\LTchunksize=\count199
\LTcapwidth=\dimen145
\LT@head=\box53
\LT@firsthead=\box54
\LT@foot=\box55
\LT@lastfoot=\box56
\LT@cols=\count266
\LT@rows=\count267
\c@LT@tables=\count268
\c@LT@chunks=\count269
\LT@p@ftn=\toks22
) (./tabu_doxygen.sty
Package: tabu_doxygen 2011/02/26 v2.8 - flexible LaTeX tabulars (FC), frozen ve
rsion for doxygen

(c:/texlive/2023/texmf-dist/tex/latex/varwidth/varwidth.sty
Package: varwidth 2009/03/30 ver 0.92;  Variable-width minipages
\@vwid@box=\box57
\sift@deathcycles=\count270
\@vwid@loff=\dimen146
\@vwid@roff=\dimen147
)
\c@taburow=\count271
\tabu@nbcols=\count272
\tabu@cnt=\count273
\tabu@Xcol=\count274
\tabu@alloc=\count275
\tabu@nested=\count276
\tabu@target=\dimen148
\tabu@spreadtarget=\dimen149
\tabu@naturalX=\dimen150
\tabucolX=\dimen151
\tabu@Xsum=\dimen152
\extrarowdepth=\dimen153
\abovetabulinesep=\dimen154
\belowtabulinesep=\dimen155
\tabustrutrule=\dimen156
\tabu@thebody=\toks23
\tabu@footnotes=\toks24
\tabu@box=\box58
\tabu@arstrutbox=\box59
\tabu@hleads=\box60
\tabu@vleads=\box61
\tabu@cellskip=\skip60
)
(c:/texlive/2023/texmf-dist/tex/latex/fancyvrb/fancyvrb.sty
Package: fancyvrb 2023/01/19 4.5a verbatim text (tvz,hv)

(c:/texlive/2023/texmf-dist/tex/latex/graphics/keyval.sty
Package: keyval 2022/05/29 v1.15 key=value parser (DPC)
\KV@toks@=\toks25
)
\FV@CodeLineNo=\count277
\FV@InFile=\read3
\FV@TabBox=\box62
\c@FancyVerbLine=\count278
\FV@StepNumber=\count279
\FV@OutFile=\write3
)
(c:/texlive/2023/texmf-dist/tex/latex/tools/tabularx.sty
Package: tabularx 2020/01/15 v2.11c `tabularx' package (DPC)
\TX@col@width=\dimen157
\TX@old@table=\dimen158
\TX@old@col=\dimen159
\TX@target=\dimen160
\TX@delta=\dimen161
\TX@cols=\count280
\TX@ftn=\toks26
)
(c:/texlive/2023/texmf-dist/tex/latex/tools/multicol.sty
Package: multicol 2021/11/30 v1.9d multicolumn formatting (FMi)
\c@tracingmulticols=\count281
\mult@box=\box63
\multicol@leftmargin=\dimen162
\c@unbalance=\count282
\c@collectmore=\count283
\doublecol@number=\count284
\multicoltolerance=\count285
\multicolpretolerance=\count286
\full@width=\dimen163
\page@free=\dimen164
\premulticols=\dimen165
\postmulticols=\dimen166
\multicolsep=\skip61
\multicolbaselineskip=\skip62
\partial@page=\box64
\last@line=\box65
\maxbalancingoverflow=\dimen167
\mult@rightbox=\box66
\mult@grightbox=\box67
\mult@firstbox=\box68
\mult@gfirstbox=\box69
\@tempa=\box70
\@tempa=\box71
\@tempa=\box72
\@tempa=\box73
\@tempa=\box74
\@tempa=\box75
\@tempa=\box76
\@tempa=\box77
\@tempa=\box78
\@tempa=\box79
\@tempa=\box80
\@tempa=\box81
\@tempa=\box82
\@tempa=\box83
\@tempa=\box84
\@tempa=\box85
\@tempa=\box86
\@tempa=\box87
\@tempa=\box88
\@tempa=\box89
\@tempa=\box90
\@tempa=\box91
\@tempa=\box92
\@tempa=\box93
\@tempa=\box94
\@tempa=\box95
\@tempa=\box96
\@tempa=\box97
\@tempa=\box98
\@tempa=\box99
\@tempa=\box100
\@tempa=\box101
\@tempa=\box102
\@tempa=\box103
\@tempa=\box104
\@tempa=\box105
\c@minrows=\count287
\c@columnbadness=\count288
\c@finalcolumnbadness=\count289
\last@try=\dimen168
\multicolovershoot=\dimen169
\multicolundershoot=\dimen170
\mult@nat@firstbox=\box106
\colbreak@box=\box107
\mc@col@check@num=\count290
)
(c:/texlive/2023/texmf-dist/tex/latex/multirow/multirow.sty
Package: multirow 2021/03/15 v2.8 Span multiple rows of a table
\multirow@colwidth=\skip63
\multirow@cntb=\count291
\multirow@dima=\skip64
\bigstrutjot=\dimen171
)
(c:/texlive/2023/texmf-dist/tex/latex/hanging/hanging.sty
Package: hanging 2009/09/02 v1.2b hanging paragraphs and punctuation
\h@ngcommawd=\skip65
\h@ngfstopwd=\skip66
\h@ngquotewd=\skip67
\h@ngdquotewd=\skip68
\h@ngquerywd=\skip69
\h@ngexclwd=\skip70
\h@ngcolonwd=\skip71
\h@ngscolonwd=\skip72
)
(c:/texlive/2023/texmf-dist/tex/generic/iftex/ifpdf.sty
Package: ifpdf 2019/10/25 v3.4 ifpdf legacy package. Use iftex instead.
)
(c:/texlive/2023/texmf-dist/tex/latex/adjustbox/adjustbox.sty
Package: adjustbox 2022/10/17 v1.3a Adjusting TeX boxes (trim, clip, ...)

(c:/texlive/2023/texmf-dist/tex/latex/xkeyval/xkeyval.sty
Package: xkeyval 2022/06/16 v2.9 package option processing (HA)

(c:/texlive/2023/texmf-dist/tex/generic/xkeyval/xkeyval.tex
(c:/texlive/2023/texmf-dist/tex/generic/xkeyval/xkvutils.tex
\XKV@toks=\toks27
\XKV@tempa@toks=\toks28
)
\XKV@depth=\count292
File: xkeyval.tex 2014/12/03 v2.7a key=value parser (HA)
))
(c:/texlive/2023/texmf-dist/tex/latex/adjustbox/adjcalc.sty
Package: adjcalc 2012/05/16 v1.1 Provides advanced setlength with multiple back
-ends (calc, etex, pgfmath)
)
(c:/texlive/2023/texmf-dist/tex/latex/adjustbox/trimclip.sty
Package: trimclip 2020/08/19 v1.2 Trim and clip general TeX material

(c:/texlive/2023/texmf-dist/tex/latex/graphics/graphicx.sty
Package: graphicx 2021/09/16 v1.2d Enhanced LaTeX Graphics (DPC,SPQR)

(c:/texlive/2023/texmf-dist/tex/latex/graphics/graphics.sty
Package: graphics 2022/03/10 v1.4e Standard LaTeX Graphics (DPC,SPQR)

(c:/texlive/2023/texmf-dist/tex/latex/graphics/trig.sty
Package: trig 2021/08/11 v1.11 sin cos tan (DPC)
)
(c:/texlive/2023/texmf-dist/tex/latex/graphics-cfg/graphics.cfg
File: graphics.cfg 2016/06/04 v1.11 sample graphics configuration
)
Package graphics Info: Driver file: pdftex.def on input line 107.
)
\Gin@req@height=\dimen172
\Gin@req@width=\dimen173
)
(c:/texlive/2023/texmf-dist/tex/latex/collectbox/collectbox.sty
Package: collectbox 2022/10/17 v0.4c Collect macro arguments as boxes
\collectedbox=\box108
)
\tc@llx=\dimen174
\tc@lly=\dimen175
\tc@urx=\dimen176
\tc@ury=\dimen177
Package trimclip Info: Using driver 'tc-pdftex.def'.

(c:/texlive/2023/texmf-dist/tex/latex/adjustbox/tc-pdftex.def
File: tc-pdftex.def 2019/01/04 v2.2 Clipping driver for pdftex
))
\adjbox@Width=\dimen178
\adjbox@Height=\dimen179
\adjbox@Depth=\dimen180
\adjbox@Totalheight=\dimen181
\adjbox@pwidth=\dimen182
\adjbox@pheight=\dimen183
\adjbox@pdepth=\dimen184
\adjbox@ptotalheight=\dimen185

(c:/texlive/2023/texmf-dist/tex/latex/ifoddpage/ifoddpage.sty
Package: ifoddpage 2022/10/18 v1.2 Conditionals for odd/even page detection
\c@checkoddpage=\count293
))
(c:/texlive/2023/texmf-dist/tex/latex/amsfonts/amssymb.sty
Package: amssymb 2013/01/14 v3.01 AMS font symbols

(c:/texlive/2023/texmf-dist/tex/latex/amsfonts/amsfonts.sty
Package: amsfonts 2013/01/14 v3.01 Basic AMSFonts support
\@emptytoks=\toks29
\symAMSa=\mathgroup4
\symAMSb=\mathgroup5
LaTeX Font Info:    Redeclaring math symbol \hbar on input line 98.
LaTeX Font Info:    Overwriting math alphabet `\mathfrak' in version `bold'
(Font)                  U/euf/m/n --> U/euf/b/n on input line 106.
))
(c:/texlive/2023/texmf-dist/tex/latex/stackengine/stackengine.sty
Package: stackengine 2021/07/22 v4.11\ Stacking text and objects in convenient 
ways

(c:/texlive/2023/texmf-dist/tex/latex/etoolbox/etoolbox.sty
Package: etoolbox 2020/10/05 v2.5k e-TeX tools for LaTeX (JAW)
\etb@tempcnta=\count294
)
(c:/texlive/2023/texmf-dist/tex/generic/listofitems/listofitems.sty
(c:/texlive/2023/texmf-dist/tex/generic/listofitems/listofitems.tex
\loi_cnt_foreach_nest=\count295
\loi_nestcnt=\count296
)
Package: listofitems 2019/08/21 v1.63 Grab items in lists using user-specified 
sep char (CT)
)
\c@@stackindex=\count297
\@boxshift=\skip73
\stack@tmplength=\skip74
\temp@stkl=\skip75
\@stackedboxwidth=\skip76
\@addedbox=\box109
\@anchorbox=\box110
\@insetbox=\box111
\se@backgroundbox=\box112
\stackedbox=\box113
\@centerbox=\box114
\c@ROWcellindex@=\count298
)
(c:/texlive/2023/texmf-dist/tex/latex/enumitem/enumitem.sty
Package: enumitem 2019/06/20 v3.9 Customized lists
\labelindent=\skip77
\enit@outerparindent=\dimen186
\enit@toks=\toks30
\enit@inbox=\box115
\enit@count@id=\count299
\enitdp@description=\count300
)
(c:/texlive/2023/texmf-dist/tex/generic/alphalph/alphalph.sty
Package: alphalph 2019/12/09 v2.6 Convert numbers to letters (HO)

(c:/texlive/2023/texmf-dist/tex/generic/intcalc/intcalc.sty
Package: intcalc 2019/12/15 v1.3 Expandable calculations with integers (HO)
))
(c:/texlive/2023/texmf-dist/tex/generic/ulem/ulem.sty
\UL@box=\box116
\UL@hyphenbox=\box117
\UL@skip=\skip78
\UL@hook=\toks31
\UL@height=\dimen187
\UL@pe=\count301
\UL@pixel=\dimen188
\ULC@box=\box118
Package: ulem 2019/11/18
\ULdepth=\dimen189
)
\xrefbox=\box119
\xreflength=\skip79
\CodeWidthChar=\skip80
\CodeHeightChar=\skip81
\DoxyCodeWidth=\skip82
\c@DoxyEnumeratei=\count302
\c@DoxyEnumerateii=\count303
\c@DoxyEnumerateiii=\count304
\c@DoxyEnumerateiv=\count305
\c@DoxyEnumeratev=\count306
\c@DoxyEnumeratevi=\count307
\c@DoxyEnumeratevii=\count308
\c@DoxyEnumerateviii=\count309
\c@DoxyEnumerateix=\count310
\c@DoxyEnumeratex=\count311
\c@DoxyEnumeratexi=\count312
\c@DoxyEnumeratexii=\count313
\enitdp@DoxyEnumerate=\count314
\enitdp@DoxyItemize=\count315
\c@subsubsubsection=\count316
\c@subsubsubsubsection=\count317
\c@subsubsubsubsubsection=\count318
\c@subsubsubsubsubsubsection=\count319
)
(c:/texlive/2023/texmf-dist/tex/latex/base/inputenc.sty
Package: inputenc 2021/02/14 v1.3d Input encoding file
\inpenc@prehook=\toks32
\inpenc@posthook=\toks33
)
(c:/texlive/2023/texmf-dist/tex/latex/base/makeidx.sty
Package: makeidx 2021/10/04 v1.0m Standard LaTeX package
)
(c:/texlive/2023/texmf-dist/tex/latex/base/textcomp.sty
Package: textcomp 2020/02/02 v2.0n Standard LaTeX package
)
(c:/texlive/2023/texmf-dist/tex/latex/wasysym/wasysym.sty
Package: wasysym 2020/01/19 v2.4 Wasy-2 symbol support package
\symwasy=\mathgroup6
LaTeX Font Info:    Overwriting symbol font `wasy' in version `bold'
(Font)                  U/wasy/m/n --> U/wasy/b/n on input line 93.
)
(c:/texlive/2023/texmf-dist/tex/generic/iftex/ifxetex.sty
Package: ifxetex 2019/10/25 v0.7 ifxetex legacy package. Use iftex instead.
)
(c:/texlive/2023/texmf-dist/tex/latex/base/fontenc.sty
Package: fontenc 2021/04/29 v2.0v Standard LaTeX package
)
(c:/texlive/2023/texmf-dist/tex/latex/psnfss/helvet.sty
Package: helvet 2020/03/25 PSNFSS-v9.3 (WaS) 
)
(c:/texlive/2023/texmf-dist/tex/latex/psnfss/courier.sty
Package: courier 2020/03/25 PSNFSS-v9.3 (WaS) 
)
(c:/texlive/2023/texmf-dist/tex/latex/geometry/geometry.sty
Package: geometry 2020/01/02 v5.9 Page Geometry

(c:/texlive/2023/texmf-dist/tex/generic/iftex/ifvtex.sty
Package: ifvtex 2019/10/25 v1.7 ifvtex legacy package. Use iftex instead.
)
\Gm@cnth=\count320
\Gm@cntv=\count321
\c@Gm@tempcnt=\count322
\Gm@bindingoffset=\dimen190
\Gm@wd@mp=\dimen191
\Gm@odd@mp=\dimen192
\Gm@even@mp=\dimen193
\Gm@layoutwidth=\dimen194
\Gm@layoutheight=\dimen195
\Gm@layouthoffset=\dimen196
\Gm@layoutvoffset=\dimen197
\Gm@dimlist=\toks34
)
(c:/texlive/2023/texmf-dist/tex/latex/changepage/changepage.sty
Package: changepage 2009/10/20 v1.0c check page and change page layout
\c@cp@cntr=\count323
\cp@tempcnt=\count324
LaTeX Info: Redefining \checkoddpage on input line 59.
)
(c:/texlive/2023/texmf-dist/tex/latex/fancyhdr/fancyhdr.sty
Package: fancyhdr 2022/11/09 v4.1 Extensive control of page headers and footers

\f@nch@headwidth=\skip83
\f@nch@O@elh=\skip84
\f@nch@O@erh=\skip85
\f@nch@O@olh=\skip86
\f@nch@O@orh=\skip87
\f@nch@O@elf=\skip88
\f@nch@O@erf=\skip89
\f@nch@O@olf=\skip90
\f@nch@O@orf=\skip91
)
(c:/texlive/2023/texmf-dist/tex/latex/natbib/natbib.sty
Package: natbib 2010/09/13 8.31b (PWD, AO)
\bibhang=\skip92
\bibsep=\skip93
LaTeX Info: Redefining \cite on input line 694.
\c@NAT@ctr=\count325
)
(c:/texlive/2023/texmf-dist/tex/latex/tocloft/tocloft.sty
Package: tocloft 2017/08/31 v2.3i parameterised ToC, etc., typesetting
Package tocloft Info: The document has chapter divisions on input line 51.
\cftparskip=\skip94
\cftbeforetoctitleskip=\skip95
\cftaftertoctitleskip=\skip96
\cftbeforepartskip=\skip97
\cftpartnumwidth=\skip98
\cftpartindent=\skip99
\cftbeforechapskip=\skip100
\cftchapindent=\skip101
\cftchapnumwidth=\skip102
\cftbeforesecskip=\skip103
\cftsecindent=\skip104
\cftsecnumwidth=\skip105
\cftbeforesubsecskip=\skip106
\cftsubsecindent=\skip107
\cftsubsecnumwidth=\skip108
\cftbeforesubsubsecskip=\skip109
\cftsubsubsecindent=\skip110
\cftsubsubsecnumwidth=\skip111
\cftbeforeparaskip=\skip112
\cftparaindent=\skip113
\cftparanumwidth=\skip114
\cftbeforesubparaskip=\skip115
\cftsubparaindent=\skip116
\cftsubparanumwidth=\skip117
\cftbeforeloftitleskip=\skip118
\cftafterloftitleskip=\skip119
\cftbeforefigskip=\skip120
\cftfigindent=\skip121
\cftfignumwidth=\skip122
\c@lofdepth=\count326
\c@lotdepth=\count327
\cftbeforelottitleskip=\skip123
\cftafterlottitleskip=\skip124
\cftbeforetabskip=\skip125
\cfttabindent=\skip126
\cfttabnumwidth=\skip127
)
\@indexfile=\write4
\openout4 = `refman.idx'.


Writing index file refman.idx
(c:/texlive/2023/texmf-dist/tex/latex/hyphenat/hyphenat.sty
Package: hyphenat 2009/09/02 v2.3c hyphenation utilities
\langwohyphens=\language87
LaTeX Info: Redefining \_ on input line 43.
)
(c:/texlive/2023/texmf-dist/tex/latex/microtype/microtype.sty
Package: microtype 2023/03/13 v3.1a Micro-typographical refinements (RS)
\MT@toks=\toks35
\MT@tempbox=\box120
\MT@count=\count328
LaTeX Info: Redefining \noprotrusionifhmode on input line 1059.
LaTeX Info: Redefining \leftprotrusion on input line 1060.
\MT@prot@toks=\toks36
LaTeX Info: Redefining \rightprotrusion on input line 1078.
LaTeX Info: Redefining \textls on input line 1368.
\MT@outer@kern=\dimen198
LaTeX Info: Redefining \textmicrotypecontext on input line 1988.
\MT@listname@count=\count329

(c:/texlive/2023/texmf-dist/tex/latex/microtype/microtype-pdftex.def
File: microtype-pdftex.def 2023/03/13 v3.1a Definitions specific to pdftex (RS)

LaTeX Info: Redefining \lsstyle on input line 902.
LaTeX Info: Redefining \lslig on input line 902.
\MT@outer@space=\skip128
)
Package microtype Info: Loading configuration file microtype.cfg.

(c:/texlive/2023/texmf-dist/tex/latex/microtype/microtype.cfg
File: microtype.cfg 2023/03/13 v3.1a microtype main configuration file (RS)
))
(c:/texlive/2023/texmf-dist/tex/latex/newunicodechar/newunicodechar.sty
Package: newunicodechar 2018/04/08 v1.2 Defining Unicode characters
)
(c:/texlive/2023/texmf-dist/tex/latex/hyperref/hyperref.sty
Package: hyperref 2023-04-22 v7.00x Hypertext links for LaTeX

(c:/texlive/2023/texmf-dist/tex/generic/ltxcmds/ltxcmds.sty
Package: ltxcmds 2020-05-10 v1.25 LaTeX kernel commands for general use (HO)
)
(c:/texlive/2023/texmf-dist/tex/generic/pdftexcmds/pdftexcmds.sty
Package: pdftexcmds 2020-06-27 v0.33 Utility functions of pdfTeX for LuaTeX (HO
)
Package pdftexcmds Info: \pdf@primitive is available.
Package pdftexcmds Info: \pdf@ifprimitive is available.
Package pdftexcmds Info: \pdfdraftmode found.
)
(c:/texlive/2023/texmf-dist/tex/latex/kvsetkeys/kvsetkeys.sty
Package: kvsetkeys 2022-10-05 v1.19 Key value parser (HO)
)
(c:/texlive/2023/texmf-dist/tex/generic/kvdefinekeys/kvdefinekeys.sty
Package: kvdefinekeys 2019-12-19 v1.6 Define keys (HO)
)
(c:/texlive/2023/texmf-dist/tex/generic/pdfescape/pdfescape.sty
Package: pdfescape 2019/12/09 v1.15 Implements pdfTeX's escape features (HO)
)
(c:/texlive/2023/texmf-dist/tex/latex/hycolor/hycolor.sty
Package: hycolor 2020-01-27 v1.10 Color options for hyperref/bookmark (HO)
)
(c:/texlive/2023/texmf-dist/tex/latex/letltxmacro/letltxmacro.sty
Package: letltxmacro 2019/12/03 v1.6 Let assignment for LaTeX macros (HO)
)
(c:/texlive/2023/texmf-dist/tex/latex/auxhook/auxhook.sty
Package: auxhook 2019-12-17 v1.6 Hooks for auxiliary files (HO)
)
(c:/texlive/2023/texmf-dist/tex/latex/hyperref/nameref.sty
Package: nameref 2022-05-17 v2.50 Cross-referencing by name of section

(c:/texlive/2023/texmf-dist/tex/latex/refcount/refcount.sty
Package: refcount 2019/12/15 v3.6 Data extraction from label references (HO)
)
(c:/texlive/2023/texmf-dist/tex/generic/gettitlestring/gettitlestring.sty
Package: gettitlestring 2019/12/15 v1.6 Cleanup title references (HO)

(c:/texlive/2023/texmf-dist/tex/latex/kvoptions/kvoptions.sty
Package: kvoptions 2022-06-15 v3.15 Key value format for package options (HO)
))
\c@section@level=\count330
)
\@linkdim=\dimen199
\Hy@linkcounter=\count331
\Hy@pagecounter=\count332

(c:/texlive/2023/texmf-dist/tex/latex/hyperref/pd1enc.def
File: pd1enc.def 2023-04-22 v7.00x Hyperref: PDFDocEncoding definition (HO)
Now handling font encoding PD1 ...
... no UTF-8 mapping file for font encoding PD1
)
\Hy@SavedSpaceFactor=\count333

(c:/texlive/2023/texmf-dist/tex/latex/hyperref/puenc.def
File: puenc.def 2023-04-22 v7.00x Hyperref: PDF Unicode definition (HO)
Now handling font encoding PU ...
... no UTF-8 mapping file for font encoding PU
)
Package hyperref Info: Hyper figures OFF on input line 4182.
Package hyperref Info: Link nesting OFF on input line 4187.
Package hyperref Info: Hyper index ON on input line 4190.
Package hyperref Info: Plain pages OFF on input line 4197.
Package hyperref Info: Backreferencing ON on input line 4200.
Package hyperref Info: Implicit mode ON; LaTeX internals redefined.
Package hyperref Info: Bookmarks ON on input line 4449.

(c:/texlive/2023/texmf-dist/tex/latex/hyperref/backref.sty
Package: backref 2023/04/20 v1.42 Bibliographical back referencing

(c:/texlive/2023/texmf-dist/tex/latex/rerunfilecheck/rerunfilecheck.sty
Package: rerunfilecheck 2022-07-10 v1.10 Rerun checks for auxiliary files (HO)

(c:/texlive/2023/texmf-dist/tex/latex/base/atveryend-ltx.sty
Package: atveryend-ltx 2020/08/19 v1.0a Emulation of the original atveryend pac
kage
with kernel methods
)
(c:/texlive/2023/texmf-dist/tex/generic/uniquecounter/uniquecounter.sty
Package: uniquecounter 2019/12/15 v1.4 Provide unlimited unique counter (HO)

(c:/texlive/2023/texmf-dist/tex/generic/bigintcalc/bigintcalc.sty
Package: bigintcalc 2019/12/15 v1.5 Expandable calculations on big integers (HO
)
))
Package uniquecounter Info: New unique counter `rerunfilecheck' on input line 2
85.
))
\c@Hy@tempcnt=\count334

(c:/texlive/2023/texmf-dist/tex/latex/url/url.sty
\Urlmuskip=\muskip16
Package: url 2013/09/16  ver 3.4  Verb mode for urls, etc.
)
LaTeX Info: Redefining \url on input line 4787.
\XeTeXLinkMargin=\dimen256

(c:/texlive/2023/texmf-dist/tex/generic/bitset/bitset.sty
Package: bitset 2019/12/09 v1.3 Handle bit-vector datatype (HO)
)
\Fld@menulength=\count335
\Field@Width=\dimen257
\Fld@charsize=\dimen258
Package hyperref Info: Hyper figures OFF on input line 6066.
Package hyperref Info: Link nesting OFF on input line 6071.
Package hyperref Info: Hyper index ON on input line 6074.
Package hyperref Info: backreferencing ON on input line 6079.
Package hyperref Info: Link coloring OFF on input line 6086.
Package hyperref Info: Link coloring with OCG OFF on input line 6091.
Package hyperref Info: PDF/A mode OFF on input line 6096.

(c:/texlive/2023/texmf-dist/tex/latex/base/atbegshi-ltx.sty
Package: atbegshi-ltx 2021/01/10 v1.0c Emulation of the original atbegshi
package with kernel methods
)
\Hy@abspage=\count336
\c@Item=\count337
\c@Hfootnote=\count338
)
Package hyperref Info: Driver: hpdftex.

(c:/texlive/2023/texmf-dist/tex/latex/hyperref/hpdftex.def
File: hpdftex.def 2023-04-22 v7.00x Hyperref driver for pdfTeX
\Fld@listcount=\count339
\c@bookmark@seq@number=\count340
\Hy@SectionHShift=\skip129
)
Package hyperref Info: Option `colorlinks' set `true' on input line 190.
Package hyperref Info: Option `unicode' set `true' on input line 190.

(c:/texlive/2023/texmf-dist/tex/latex/caption/caption.sty
Package: caption 2023/03/12 v3.6j Customizing captions (AR)

(c:/texlive/2023/texmf-dist/tex/latex/caption/caption3.sty
Package: caption3 2023/03/12 v2.4 caption3 kernel (AR)
\caption@tempdima=\dimen259
\captionmargin=\dimen260
\caption@leftmargin=\dimen261
\caption@rightmargin=\dimen262
\caption@width=\dimen263
\caption@indent=\dimen264
\caption@parindent=\dimen265
\caption@hangindent=\dimen266
Package caption Info: Standard document class detected.
)
\c@caption@flags=\count341
\c@continuedfloat=\count342
Package caption Info: changepage package is loaded.
\caption@adjustwidth@hsize=\dimen267
\caption@adjustwidth@linewidth=\dimen268
Package caption Info: float package is loaded.
Package caption Info: hyperref package is loaded.
Package caption Info: longtable package is loaded.

(c:/texlive/2023/texmf-dist/tex/latex/caption/ltcaption.sty
Package: ltcaption 2021/01/08 v1.4c longtable captions (AR)
))
(./etoc_doxygen.sty
Package: etoc_doxygen 2023/07/01 v1.2b Completely customisable TOCs (JFB)
\Etoc@toctoks=\toks37
\c@etoc@tocid=\count343
\etoc@framed@titlebox=\box121
\etoc@framed@contentsbox=\box122
)
LaTeX Font Info:    Trying to load font information for T1+phv on input line 21
2.
 (c:/texlive/2023/texmf-dist/tex/latex/psnfss/t1phv.fd
File: t1phv.fd 2020/03/25 scalable font definitions for T1/phv.
)
LaTeX Font Info:    Font shape `T1/phv/m/n' will be
(Font)              scaled to size 8.99994pt on input line 212.

(c:/texlive/2023/texmf-dist/tex/latex/l3backend/l3backend-pdftex.def
File: l3backend-pdftex.def 2023-04-19 L3 backend support: PDF output (pdfTeX)
\l__color_backend_stack_int=\count344
\l__pdf_internal_box=\box123
)
(./refman.aux

LaTeX Warning: Label `class_base_enemy_ac529914117dfe8158325b43be1f1c6dd' multi
ply defined.


LaTeX Warning: Label `class_base_enemy_ac529914117dfe8158325b43be1f1c6dd' multi
ply defined.


LaTeX Warning: Label `class_base_enemy_ac529914117dfe8158325b43be1f1c6dd' multi
ply defined.


LaTeX Warning: Label `class_base_enemy_ac529914117dfe8158325b43be1f1c6dd' multi
ply defined.

)
\openout1 = `refman.aux'.

LaTeX Font Info:    Checking defaults for OML/cmm/m/it on input line 212.
LaTeX Font Info:    ... okay on input line 212.
LaTeX Font Info:    Checking defaults for OMS/cmsy/m/n on input line 212.
LaTeX Font Info:    ... okay on input line 212.
LaTeX Font Info:    Checking defaults for OT1/cmr/m/n on input line 212.
LaTeX Font Info:    ... okay on input line 212.
LaTeX Font Info:    Checking defaults for T1/cmr/m/n on input line 212.
LaTeX Font Info:    ... okay on input line 212.
LaTeX Font Info:    Checking defaults for TS1/cmr/m/n on input line 212.
LaTeX Font Info:    ... okay on input line 212.
LaTeX Font Info:    Checking defaults for OMX/cmex/m/n on input line 212.
LaTeX Font Info:    ... okay on input line 212.
LaTeX Font Info:    Checking defaults for U/cmr/m/n on input line 212.
LaTeX Font Info:    ... okay on input line 212.
LaTeX Font Info:    Checking defaults for PD1/pdf/m/n on input line 212.
LaTeX Font Info:    ... okay on input line 212.
LaTeX Font Info:    Checking defaults for PU/pdf/m/n on input line 212.
LaTeX Font Info:    ... okay on input line 212.
 (c:/texlive/2023/texmf-dist/tex/context/base/mkii/supp-pdf.mkii
[Loading MPS to PDF converter (version 2006.09.02).]
\scratchcounter=\count345
\scratchdimen=\dimen269
\scratchbox=\box124
\nofMPsegments=\count346
\nofMParguments=\count347
\everyMPshowfont=\toks38
\MPscratchCnt=\count348
\MPscratchDim=\dimen270
\MPnumerator=\count349
\makeMPintoPDFobject=\count350
\everyMPtoPDFconversion=\toks39
) (c:/texlive/2023/texmf-dist/tex/latex/epstopdf-pkg/epstopdf-base.sty
Package: epstopdf-base 2020-01-24 v2.11 Base part for package epstopdf
Package epstopdf-base Info: Redefining graphics rule for `.eps' on input line 4
85.

(c:/texlive/2023/texmf-dist/tex/latex/latexconfig/epstopdf-sys.cfg
File: epstopdf-sys.cfg 2010/07/13 v1.3 Configuration of (r)epstopdf for TeX Liv
e
))
*geometry* driver: auto-detecting
*geometry* detected driver: pdftex
*geometry* verbose mode - [ preamble ] result:
* driver: pdftex
* paper: a4paper
* layout: <same size as paper>
* layoutoffset:(h,v)=(0.0pt,0.0pt)
* modes: twoside 
* h-part:(L,W,R)=(71.13188pt, 455.24411pt, 71.13188pt)
* v-part:(T,H,B)=(71.13188pt, 702.78308pt, 71.13188pt)
* \paperwidth=597.50787pt
* \paperheight=845.04684pt
* \textwidth=455.24411pt
* \textheight=702.78308pt
* \oddsidemargin=-1.1381pt
* \evensidemargin=-1.1381pt
* \topmargin=-31.2056pt
* \headheight=12.0pt
* \headsep=18.06749pt
* \topskip=10.0pt
* \footskip=25.29494pt
* \marginparwidth=125.0pt
* \marginparsep=7.0pt
* \columnsep=10.0pt
* \skip\footins=9.0pt plus 4.0pt minus 2.0pt
* \hoffset=0.0pt
* \voffset=0.0pt
* \mag=1000
* \@twocolumnfalse
* \@twosidetrue
* \@mparswitchtrue
* \@reversemarginfalse
* (1in=72.27pt=25.4mm, 1cm=28.453pt)

LaTeX Info: Redefining \microtypecontext on input line 212.
Package microtype Info: Applying patch `item' on input line 212.
Package microtype Info: Applying patch `toc' on input line 212.
Package microtype Info: Applying patch `eqnum' on input line 212.
Package microtype Info: Applying patch `footnote' on input line 212.
Package microtype Info: Applying patch `verbatim' on input line 212.
Package microtype Info: Generating PDF output.
Package microtype Info: Character protrusion enabled (level 2).
Package microtype Info: Using default protrusion set `alltext'.
Package microtype Info: Automatic font expansion enabled (level 2),
(microtype)             stretch: 20, shrink: 20, step: 1, non-selected.
Package microtype Info: Using default expansion set `alltext-nott'.
LaTeX Info: Redefining \showhyphens on input line 212.
Package microtype Info: No adjustment of tracking.
Package microtype Info: No adjustment of interword spacing.
Package microtype Info: No adjustment of character kerning.
Package microtype Info: Loading generic protrusion settings for font family
(microtype)             `phv' (encoding: T1).
(microtype)             For optimal results, create family-specific settings.
(microtype)             See the microtype manual for details.
Package backref Info: ** backref set up for natbib ** on input line 212.
Package hyperref Info: Link coloring ON on input line 212.
(./refman.out) (./refman.out)
\@outlinefile=\write5
\openout5 = `refman.out'.

Package caption Info: Begin \AtBeginDocument code.
Package caption Info: End \AtBeginDocument code.
\Etoc@tf=\read4
Package hyperref Info: Option `pageanchor' set `false' on input line 220.
Package hyperref Info: Option `bookmarksnumbered' set `true' on input line 220.

Package hyperref Info: Option `unicode' set `true' on input line 220.
LaTeX Font Info:    Font shape `T1/phv/m/n' will be
(Font)              scaled to size 12.9599pt on input line 225.
LaTeX Font Info:    Font shape `T1/phv/m/n' will be
(Font)              scaled to size 10.79993pt on input line 226.
LaTeX Font Info:    Font shape `T1/phv/m/n' will be
(Font)              scaled to size 6.29996pt on input line 226.

(c:/texlive/2023/texmf-dist/tex/latex/microtype/mt-cmr.cfg
File: mt-cmr.cfg 2013/05/19 v2.2 microtype config. file: Computer Modern Roman 
(RS)
)
LaTeX Font Info:    Trying to load font information for U+msa on input line 226
.

(c:/texlive/2023/texmf-dist/tex/latex/amsfonts/umsa.fd
File: umsa.fd 2013/01/14 v3.01 AMS symbols A
)
(c:/texlive/2023/texmf-dist/tex/latex/microtype/mt-msa.cfg
File: mt-msa.cfg 2006/02/04 v1.1 microtype config. file: AMS symbols (a) (RS)
)
LaTeX Font Info:    Trying to load font information for U+msb on input line 226
.

(c:/texlive/2023/texmf-dist/tex/latex/amsfonts/umsb.fd
File: umsb.fd 2013/01/14 v3.01 AMS symbols B
)
(c:/texlive/2023/texmf-dist/tex/latex/microtype/mt-msb.cfg
File: mt-msb.cfg 2005/06/01 v1.0 microtype config. file: AMS symbols (b) (RS)
)
LaTeX Font Info:    Trying to load font information for U+wasy on input line 22
6.

(c:/texlive/2023/texmf-dist/tex/latex/wasysym/uwasy.fd
File: uwasy.fd 2020/01/19 v2.4 Wasy-2 symbol font definitions
) [1


{c:/texlive/2023/texmf-var/fonts/map/pdftex/updmap/pdftex.map}{c:/texlive/2023/
texmf-dist/fonts/enc/dvips/base/8r.enc}] [2

]
\tf@toc=\write6
\openout6 = `refman.toc'.

LaTeX Font Info:    Font shape `T1/phv/b/n' will be
(Font)              scaled to size 8.99994pt on input line 234.
LaTeX Font Info:    Font shape `T1/phv/b/n' will be
(Font)              scaled to size 6.29996pt on input line 234.
 [1] [2] [3] [4] [5] [6] [7] [8] [9] [10]
Package hyperref Info: Option `pageanchor' set `true' on input line 237.

Chapter 1.
LaTeX Font Info:    Font shape `T1/phv/m/n' will be
(Font)              scaled to size 18.66588pt on input line 239.
LaTeX Font Info:    Font shape `T1/phv/b/n' will be
(Font)              scaled to size 18.66588pt on input line 239.
LaTeX Font Info:    Font shape `T1/phv/b/n' will be
(Font)              scaled to size 22.39185pt on input line 239.
(./hierarchy.tex
LaTeX Font Info:    Font shape `T1/phv/b/n' will be
(Font)              scaled to size 12.9599pt on input line 1.
) [1


] [2

]
Chapter 2.
(./annotated.tex [3]) [4]
Chapter 3.
(./files.tex) [5

] [6

]
Chapter 4.
(./class_base_enemy.tex
Package epstopdf Info: Source file: <class_base_enemy.eps>
(epstopdf)                    date: 2025-07-16 20:12:26
(epstopdf)                    size: 3891 bytes
(epstopdf)             Output file: <class_base_enemy-eps-converted-to.pdf>
(epstopdf)                    date: 2025-07-16 20:12:48
(epstopdf)                    size: 6281 bytes
(epstopdf)             Command: <repstopdf --outfile=class_base_enemy-eps-conve
rted-to.pdf class_base_enemy.eps>
(epstopdf)             \includegraphics on input line 11.
Package epstopdf Info: Output file is already uptodate.
 <./class_base_enemy-eps-converted-to.pdf>
<class_base_enemy-eps-converted-to.pdf, id=2138, 501.875pt x 493.64424pt>
File: class_base_enemy-eps-converted-to.pdf Graphic file (type pdf)
<use class_base_enemy-eps-converted-to.pdf>
Package pdftex.def Info: class_base_enemy-eps-converted-to.pdf  used on input l
ine 11.
(pdftex.def)             Requested size: 86.78029pt x 85.35826pt.
LaTeX Font Info:    Trying to load font information for TS1+phv on input line 1
7.

(c:/texlive/2023/texmf-dist/tex/latex/psnfss/ts1phv.fd
File: ts1phv.fd 2020/03/25 scalable font definitions for TS1/phv.
)
LaTeX Font Info:    Font shape `TS1/phv/m/n' will be
(Font)              scaled to size 8.99994pt on input line 17.
Package microtype Info: Loading generic protrusion settings for font family
(microtype)             `phv' (encoding: TS1).
(microtype)             For optimal results, create family-specific settings.
(microtype)             See the microtype manual for details.
LaTeX Font Info:    Font shape `T1/phv/m/n' will be
(Font)              scaled to size 8.09995pt on input line 18.
LaTeX Font Info:    Font shape `T1/phv/m/it' in size <9> not available
(Font)              Font shape `T1/phv/m/sl' tried instead on input line 18.
LaTeX Font Info:    Font shape `T1/phv/m/sl' will be
(Font)              scaled to size 8.09995pt on input line 18.
LaTeX Font Info:    Font shape `T1/phv/m/it' in size <7> not available
(Font)              Font shape `T1/phv/m/sl' tried instead on input line 26.
LaTeX Font Info:    Font shape `T1/phv/m/sl' will be
(Font)              scaled to size 6.29996pt on input line 26.
 [7]
LaTeX Font Info:    Trying to load font information for T1+pcr on input line 10
7.

(c:/texlive/2023/texmf-dist/tex/latex/psnfss/t1pcr.fd
File: t1pcr.fd 2001/06/04 font definitions for T1/pcr.
)
Package microtype Info: Loading generic protrusion settings for font family
(microtype)             `pcr' (encoding: T1).
(microtype)             For optimal results, create family-specific settings.
(microtype)             See the microtype manual for details.
 [8]
LaTeX Font Info:    Font shape `T1/phv/b/n' will be
(Font)              scaled to size 10.79993pt on input line 140.
LaTeX Font Info:    Font shape `T1/phv/m/n' will be
(Font)              scaled to size 7.19995pt on input line 151.
LaTeX Font Info:    Font shape `T1/pcr/m/it' in size <8> not available
(Font)              Font shape `T1/pcr/m/sl' tried instead on input line 190.
LaTeX Font Info:    Font shape `T1/pcr/m/it' in size <7> not available
(Font)              Font shape `T1/pcr/m/sl' tried instead on input line 190.
 [9]
Underfull \hbox (badness 10000) detected at line 275
[][][]
 []

[10] [11] [12] [13]
Underfull \hbox (badness 10000) detected at line 497
[][][]
 []


Underfull \hbox (badness 10000) detected at line 521
[][][]
 []

[14] [15] [16] [17] [18] [19] [20]) (./class_blood_vial.tex
Package epstopdf Info: Source file: <class_blood_vial.eps>
(epstopdf)                    date: 2025-07-16 20:12:27
(epstopdf)                    size: 3770 bytes
(epstopdf)             Output file: <class_blood_vial-eps-converted-to.pdf>
(epstopdf)                    date: 2025-07-16 20:12:50
(epstopdf)                    size: 5058 bytes
(epstopdf)             Command: <repstopdf --outfile=class_blood_vial-eps-conve
rted-to.pdf class_blood_vial.eps>
(epstopdf)             \includegraphics on input line 11.
Package epstopdf Info: Output file is already uptodate.
 <./class_blood_vial-eps-converted-to.pdf>
<class_blood_vial-eps-converted-to.pdf, id=2670, 501.875pt x 542.567pt>
File: class_blood_vial-eps-converted-to.pdf Graphic file (type pdf)
<use class_blood_vial-eps-converted-to.pdf>
Package pdftex.def Info: class_blood_vial-eps-converted-to.pdf  used on input l
ine 11.
(pdftex.def)             Requested size: 52.63333pt x 56.9055pt.
 [21] [22]) (./class_boss1.tex
Package epstopdf Info: Source file: <class_boss1.eps>
(epstopdf)                    date: 2025-07-16 20:12:27
(epstopdf)                    size: 3891 bytes
(epstopdf)             Output file: <class_boss1-eps-converted-to.pdf>
(epstopdf)                    date: 2025-07-16 20:12:52
(epstopdf)                    size: 6283 bytes
(epstopdf)             Command: <repstopdf --outfile=class_boss1-eps-converted-
to.pdf class_boss1.eps>
(epstopdf)             \includegraphics on input line 11.
Package epstopdf Info: Output file is already uptodate.
 <./class_boss1-eps-converted-to.pdf>
<class_boss1-eps-converted-to.pdf, id=2772, 501.875pt x 493.64424pt>
File: class_boss1-eps-converted-to.pdf Graphic file (type pdf)
<use class_boss1-eps-converted-to.pdf>
Package pdftex.def Info: class_boss1-eps-converted-to.pdf  used on input line 1
1.
(pdftex.def)             Requested size: 86.78029pt x 85.35826pt.
 [23] [24] [25] [26] [27]) (./class_checkpoint.tex
Package epstopdf Info: Source file: <class_checkpoint.eps>
(epstopdf)                    date: 2025-07-16 20:12:28
(epstopdf)                    size: 3774 bytes
(epstopdf)             Output file: <class_checkpoint-eps-converted-to.pdf>
(epstopdf)                    date: 2025-07-16 20:12:53
(epstopdf)                    size: 5570 bytes
(epstopdf)             Command: <repstopdf --outfile=class_checkpoint-eps-conve
rted-to.pdf class_checkpoint.eps>
(epstopdf)             \includegraphics on input line 6.
Package epstopdf Info: Output file is already uptodate.
 <./class_checkpoint-eps-converted-to.pdf>
<class_checkpoint-eps-converted-to.pdf, id=2958, 501.875pt x 483.73723pt>
File: class_checkpoint-eps-converted-to.pdf Graphic file (type pdf)
<use class_checkpoint-eps-converted-to.pdf>
Package pdftex.def Info: class_checkpoint-eps-converted-to.pdf  used on input l
ine 6.
(pdftex.def)             Requested size: 59.0354pt x 56.9055pt.
 [28]) (./class_damage.tex [29] [30]
Underfull \hbox (badness 10000) detected at line 88
[][][]
 []


Underfull \hbox (badness 10000) detected at line 112
[][][]
 []


Underfull \hbox (badness 10000) detected at line 136
[][][]
 []

[31]
Underfull \hbox (badness 10000) detected at line 160
[][][]
 []

) (./class_door.tex
Package epstopdf Info: Source file: <class_door.eps>
(epstopdf)                    date: 2025-07-16 20:12:28
(epstopdf)                    size: 3762 bytes
(epstopdf)             Output file: <class_door-eps-converted-to.pdf>
(epstopdf)                    date: 2025-07-16 20:12:55
(epstopdf)                    size: 4778 bytes
(epstopdf)             Command: <repstopdf --outfile=class_door-eps-converted-t
o.pdf class_door.eps>
(epstopdf)             \includegraphics on input line 11.
Package epstopdf Info: Output file is already uptodate.
 <./class_door-eps-converted-to.pdf>
<class_door-eps-converted-to.pdf, id=3102, 501.875pt x 627.34375pt>
File: class_door-eps-converted-to.pdf Graphic file (type pdf)
<use class_door-eps-converted-to.pdf>
Package pdftex.def Info: class_door-eps-converted-to.pdf  used on input line 11
.
(pdftex.def)             Requested size: 45.51906pt x 56.9055pt.
 [32] [33])
(./class_health_bar.tex
Package epstopdf Info: Source file: <class_health_bar.eps>
(epstopdf)                    date: 2025-07-16 20:12:29
(epstopdf)                    size: 3796 bytes
(epstopdf)             Output file: <class_health_bar-eps-converted-to.pdf>
(epstopdf)                    date: 2025-07-16 20:12:56
(epstopdf)                    size: 5789 bytes
(epstopdf)             Command: <repstopdf --outfile=class_health_bar-eps-conve
rted-to.pdf class_health_bar.eps>
(epstopdf)             \includegraphics on input line 11.
Package epstopdf Info: Output file is already uptodate.
 <./class_health_bar-eps-converted-to.pdf>
<class_health_bar-eps-converted-to.pdf, id=3167, 501.875pt x 301.8778pt>
File: class_health_bar-eps-converted-to.pdf Graphic file (type pdf)
<use class_health_bar-eps-converted-to.pdf>
Package pdftex.def Info: class_health_bar-eps-converted-to.pdf  used on input l
ine 11.
(pdftex.def)             Requested size: 94.59909pt x 56.9055pt.
 [34] [35])
(./class_hud.tex
Package epstopdf Info: Source file: <class_hud.eps>
(epstopdf)                    date: 2025-07-16 20:12:29
(epstopdf)                    size: 3770 bytes
(epstopdf)             Output file: <class_hud-eps-converted-to.pdf>
(epstopdf)                    date: 2025-07-16 20:12:58
(epstopdf)                    size: 5381 bytes
(epstopdf)             Command: <repstopdf --outfile=class_hud-eps-converted-to
.pdf class_hud.eps>
(epstopdf)             \includegraphics on input line 11.
Package epstopdf Info: Output file is already uptodate.
 <./class_hud-eps-converted-to.pdf>
<class_hud-eps-converted-to.pdf, id=3222, 501.875pt x 418.23253pt>
File: class_hud-eps-converted-to.pdf Graphic file (type pdf)
<use class_hud-eps-converted-to.pdf>
Package pdftex.def Info: class_hud-eps-converted-to.pdf  used on input line 11.

(pdftex.def)             Requested size: 68.2786pt x 56.9055pt.
 [36] [37] [38])
(./class_interactable.tex
Package epstopdf Info: Source file: <class_interactable.eps>
(epstopdf)                    date: 2025-07-16 20:12:30
(epstopdf)                    size: 3798 bytes
(epstopdf)             Output file: <class_interactable-eps-converted-to.pdf>
(epstopdf)                    date: 2025-07-16 20:12:59
(epstopdf)                    size: 5927 bytes
(epstopdf)             Command: <repstopdf --outfile=class_interactable-eps-con
verted-to.pdf class_interactable.eps>
(epstopdf)             \includegraphics on input line 11.
Package epstopdf Info: Output file is already uptodate.
 <./class_interactable-eps-converted-to.pdf>
<class_interactable-eps-converted-to.pdf, id=3341, 501.875pt x 331.81966pt>
File: class_interactable-eps-converted-to.pdf Graphic file (type pdf)
<use class_interactable-eps-converted-to.pdf>
Package pdftex.def Info: class_interactable-eps-converted-to.pdf  used on input
 line 11.
(pdftex.def)             Requested size: 86.0681pt x 56.9055pt.
 [39]
[40]) (./class_level_manager.tex
Package epstopdf Info: Source file: <class_level_manager.eps>
(epstopdf)                    date: 2025-07-16 20:12:30
(epstopdf)                    size: 3778 bytes
(epstopdf)             Output file: <class_level_manager-eps-converted-to.pdf>
(epstopdf)                    date: 2025-07-16 20:13:01
(epstopdf)                    size: 5586 bytes
(epstopdf)             Command: <repstopdf --outfile=class_level_manager-eps-co
nverted-to.pdf class_level_manager.eps>
(epstopdf)             \includegraphics on input line 11.
Package epstopdf Info: Output file is already uptodate.
 <./class_level_manager-eps-converted-to.pdf>
<class_level_manager-eps-converted-to.pdf, id=3416, 501.875pt x 393.6306pt>
File: class_level_manager-eps-converted-to.pdf Graphic file (type pdf)
<use class_level_manager-eps-converted-to.pdf>
Package pdftex.def Info: class_level_manager-eps-converted-to.pdf  used on inpu
t line 11.
(pdftex.def)             Requested size: 72.55176pt x 56.9055pt.

[41] [42]) (./class_main_menu.tex
Package epstopdf Info: Source file: <class_main_menu.eps>
(epstopdf)                    date: 2025-07-16 20:12:31
(epstopdf)                    size: 3770 bytes
(epstopdf)             Output file: <class_main_menu-eps-converted-to.pdf>
(epstopdf)                    date: 2025-07-16 20:13:03
(epstopdf)                    size: 5234 bytes
(epstopdf)             Command: <repstopdf --outfile=class_main_menu-eps-conver
ted-to.pdf class_main_menu.eps>
(epstopdf)             \includegraphics on input line 11.
Package epstopdf Info: Output file is already uptodate.
 <./class_main_menu-eps-converted-to.pdf>
<class_main_menu-eps-converted-to.pdf, id=3473, 501.875pt x 501.875pt>
File: class_main_menu-eps-converted-to.pdf Graphic file (type pdf)
<use class_main_menu-eps-converted-to.pdf>
Package pdftex.def Info: class_main_menu-eps-converted-to.pdf  used on input li
ne 11.
(pdftex.def)             Requested size: 56.89883pt x 56.9055pt.

[43] [44] [45] [46] [47] [48]) (./class_main_menu_background.tex
Package epstopdf Info: Source file: <class_main_menu_background.eps>
(epstopdf)                    date: 2025-07-16 20:12:31
(epstopdf)                    size: 3804 bytes
(epstopdf)             Output file: <class_main_menu_background-eps-converted-t
o.pdf>
(epstopdf)                    date: 2025-07-16 20:13:04
(epstopdf)                    size: 6151 bytes
(epstopdf)             Command: <repstopdf --outfile=class_main_menu_background
-eps-converted-to.pdf class_main_menu_background.eps>
(epstopdf)             \includegraphics on input line 11.
Package epstopdf Info: Output file is already uptodate.
 <./class_main_menu_background-eps-converted-to.pdf>
<class_main_menu_background-eps-converted-to.pdf, id=3783, 501.875pt x 271.2835
1pt>
File: class_main_menu_background-eps-converted-to.pdf Graphic file (type pdf)
<use class_main_menu_background-eps-converted-to.pdf>
Package pdftex.def Info: class_main_menu_background-eps-converted-to.pdf  used 
on input line 11.
(pdftex.def)             Requested size: 105.27432pt x 56.9055pt.
 [49] [50])
(./class_navigation_manager.tex
Package epstopdf Info: Source file: <class_navigation_manager.eps>
(epstopdf)                    date: 2025-07-16 20:12:32
(epstopdf)                    size: 3784 bytes
(epstopdf)             Output file: <class_navigation_manager-eps-converted-to.
pdf>
(epstopdf)                    date: 2025-07-16 20:13:06
(epstopdf)                    size: 5381 bytes
(epstopdf)             Command: <repstopdf --outfile=class_navigation_manager-e
ps-converted-to.pdf class_navigation_manager.eps>
(epstopdf)             \includegraphics on input line 11.
Package epstopdf Info: Output file is already uptodate.
 <./class_navigation_manager-eps-converted-to.pdf>
<class_navigation_manager-eps-converted-to.pdf, id=3825, 501.875pt x 306.48502p
t>
File: class_navigation_manager-eps-converted-to.pdf Graphic file (type pdf)
<use class_navigation_manager-eps-converted-to.pdf>
Package pdftex.def Info: class_navigation_manager-eps-converted-to.pdf  used on
 input line 11.
(pdftex.def)             Requested size: 93.18236pt x 56.9055pt.
 [51] [52] [53]
Underfull \hbox (badness 10000) in paragraph at lines 222--223
\T1/pcr/m/n/8 readonly Packed[]Scene Navigation[]Manager.[]Scene[]Boss = (Packe
d[]Scene)GD.[]Load("res[]://Scenes/boss[]
 []

[54]) (./class_player.tex
Package epstopdf Info: Source file: <class_player.eps>
(epstopdf)                    date: 2025-07-16 20:12:32
(epstopdf)                    size: 3784 bytes
(epstopdf)             Output file: <class_player-eps-converted-to.pdf>
(epstopdf)                    date: 2025-07-16 20:13:07
(epstopdf)                    size: 5719 bytes
(epstopdf)             Command: <repstopdf --outfile=class_player-eps-converted
-to.pdf class_player.eps>
(epstopdf)             \includegraphics on input line 11.
Package epstopdf Info: Output file is already uptodate.
 <./class_player-eps-converted-to.pdf>
<class_player-eps-converted-to.pdf, id=3940, 501.875pt x 329.0995pt>
File: class_player-eps-converted-to.pdf Graphic file (type pdf)
<use class_player-eps-converted-to.pdf>
Package pdftex.def Info: class_player-eps-converted-to.pdf  used on input line 
11.
(pdftex.def)             Requested size: 86.78029pt x 56.9055pt.
 [55]
LaTeX Font Info:    Font shape `T1/pcr/m/it' in size <9> not available
(Font)              Font shape `T1/pcr/m/sl' tried instead on input line 30.
 [56]
[57] [58]
Underfull \hbox (badness 10000) detected at line 308
[][][]
 []

[59]
Underfull \hbox (badness 10000) detected at line 332
[][][]
 []

[60]
Underfull \hbox (badness 10000) detected at line 475
[][][]
 []

[61]
Underfull \hbox (badness 10000) detected at line 499
[][][]
 []

[62] [63] [64]
Underfull \hbox (badness 10000) detected at line 853
[][][]
 []

[65] [66] [67]) (./class_player_stats.tex
Package epstopdf Info: Source file: <class_player_stats.eps>
(epstopdf)                    date: 2025-07-16 20:12:33
(epstopdf)                    size: 3772 bytes
(epstopdf)             Output file: <class_player_stats-eps-converted-to.pdf>
(epstopdf)                    date: 2025-07-16 20:13:09
(epstopdf)                    size: 5404 bytes
(epstopdf)             Command: <repstopdf --outfile=class_player_stats-eps-con
verted-to.pdf class_player_stats.eps>
(epstopdf)             \includegraphics on input line 11.
Package epstopdf Info: Output file is already uptodate.
 <./class_player_stats-eps-converted-to.pdf>
<class_player_stats-eps-converted-to.pdf, id=4428, 501.875pt x 477.97571pt>
File: class_player_stats-eps-converted-to.pdf Graphic file (type pdf)
<use class_player_stats-eps-converted-to.pdf>
Package pdftex.def Info: class_player_stats-eps-converted-to.pdf  used on input
 line 11.
(pdftex.def)             Requested size: 59.7476pt x 56.9055pt.
 [68] [69]
Underfull \hbox (badness 10000) detected at line 145
[][][]
 []

[70]
Underfull \hbox (badness 10000) detected at line 169
[][][]
 []


Underfull \hbox (badness 10000) detected at line 193
[][][]
 []


Underfull \hbox (badness 10000) detected at line 217
[][][]
 []


Underfull \hbox (badness 10000) detected at line 241
[][][]
 []

[71]
Underfull \hbox (badness 10000) detected at line 265
[][][]
 []


Underfull \hbox (badness 10000) detected at line 289
[][][]
 []


Underfull \hbox (badness 10000) detected at line 313
[][][]
 []


Underfull \hbox (badness 10000) detected at line 337
[][][]
 []

[72]
Underfull \hbox (badness 10000) detected at line 361
[][][]
 []


Underfull \hbox (badness 10000) detected at line 385
[][][]
 []


Underfull \hbox (badness 10000) detected at line 409
[][][]
 []

[73] [74] [75] [76] [77]) (./class_spike.tex
Package epstopdf Info: Source file: <class_spike.eps>
(epstopdf)                    date: 2025-07-16 20:12:33
(epstopdf)                    size: 3764 bytes
(epstopdf)             Output file: <class_spike-eps-converted-to.pdf>
(epstopdf)                    date: 2025-07-16 20:13:11
(epstopdf)                    size: 5202 bytes
(epstopdf)             Command: <repstopdf --outfile=class_spike-eps-converted-
to.pdf class_spike.eps>
(epstopdf)             \includegraphics on input line 11.
Package epstopdf Info: Output file is already uptodate.
 <./class_spike-eps-converted-to.pdf>
<class_spike-eps-converted-to.pdf, id=4708, 501.875pt x 608.33272pt>
File: class_spike-eps-converted-to.pdf Graphic file (type pdf)
<use class_spike-eps-converted-to.pdf>
Package pdftex.def Info: class_spike-eps-converted-to.pdf  used on input line 1
1.
(pdftex.def)             Requested size: 46.94345pt x 56.9055pt.
 [78] [79]
Underfull \hbox (badness 10000) detected at line 80
[][][]
 []

[80]) (./class_spike_dynamic.tex
Package epstopdf Info: Source file: <class_spike_dynamic.eps>
(epstopdf)                    date: 2025-07-16 20:12:34
(epstopdf)                    size: 3778 bytes
(epstopdf)             Output file: <class_spike_dynamic-eps-converted-to.pdf>
(epstopdf)                    date: 2025-07-16 20:13:12
(epstopdf)                    size: 5873 bytes
(epstopdf)             Command: <repstopdf --outfile=class_spike_dynamic-eps-co
nverted-to.pdf class_spike_dynamic.eps>
(epstopdf)             \includegraphics on input line 11.
Package epstopdf Info: Output file is already uptodate.
 <./class_spike_dynamic-eps-converted-to.pdf>
<class_spike_dynamic-eps-converted-to.pdf, id=4806, 501.875pt x 401.5pt>
File: class_spike_dynamic-eps-converted-to.pdf Graphic file (type pdf)
<use class_spike_dynamic-eps-converted-to.pdf>
Package pdftex.def Info: class_spike_dynamic-eps-converted-to.pdf  used on inpu
t line 11.
(pdftex.def)             Requested size: 71.12737pt x 56.9055pt.

[81] [82]
Underfull \hbox (badness 10000) detected at line 80
[][][]
 []

[83]) (./class_stamina_bar.tex
Package epstopdf Info: Source file: <class_stamina_bar.eps>
(epstopdf)                    date: 2025-07-16 20:12:34
(epstopdf)                    size: 3798 bytes
(epstopdf)             Output file: <class_stamina_bar-eps-converted-to.pdf>
(epstopdf)                    date: 2025-07-16 20:13:14
(epstopdf)                    size: 6055 bytes
(epstopdf)             Command: <repstopdf --outfile=class_stamina_bar-eps-conv
erted-to.pdf class_stamina_bar.eps>
(epstopdf)             \includegraphics on input line 11.
Package epstopdf Info: Output file is already uptodate.
 <./class_stamina_bar-eps-converted-to.pdf>
<class_stamina_bar-eps-converted-to.pdf, id=4902, 501.875pt x 301.8778pt>
File: class_stamina_bar-eps-converted-to.pdf Graphic file (type pdf)
<use class_stamina_bar-eps-converted-to.pdf>
Package pdftex.def Info: class_stamina_bar-eps-converted-to.pdf  used on input 
line 11.
(pdftex.def)             Requested size: 94.59909pt x 56.9055pt.

[84]) (./class_storage_manager.tex
Package epstopdf Info: Source file: <class_storage_manager.eps>
(epstopdf)                    date: 2025-07-16 20:12:35
(epstopdf)                    size: 3778 bytes
(epstopdf)             Output file: <class_storage_manager-eps-converted-to.pdf
>
(epstopdf)                    date: 2025-07-16 20:13:16
(epstopdf)                    size: 5348 bytes
(epstopdf)             Command: <repstopdf --outfile=class_storage_manager-eps-
converted-to.pdf class_storage_manager.eps>
(epstopdf)             \includegraphics on input line 11.
Package epstopdf Info: Output file is already uptodate.
 <./class_storage_manager-eps-converted-to.pdf>
<class_storage_manager-eps-converted-to.pdf, id=4945, 501.875pt x 349.13435pt>
File: class_storage_manager-eps-converted-to.pdf Graphic file (type pdf)
<use class_storage_manager-eps-converted-to.pdf>
Package pdftex.def Info: class_storage_manager-eps-converted-to.pdf  used on in
put line 11.
(pdftex.def)             Requested size: 81.79494pt x 56.9055pt.
 [85]
Underfull \hbox (badness 10000) detected at line 98
[][][]
 []

[86]
Underfull \hbox (badness 10000) detected at line 122
[][][]
 []

[87] [88]
Underfull \hbox (badness 10000) in paragraph at lines 368--369
\T1/pcr/m/n/8 String []$ $[] Storage[]Manager.[]Path[]Save = {"user[]://save1.[
]dat", "user[]://save2.[]dat", "user[]://save3.[]
 []

[89]) [90]
Chapter 5.
(./_base_enemy_8cs.tex) (./_base_enemy_8cs_source.tex [91

] [92] [93] [94])
(./_blood_vial_8cs.tex) (./_blood_vial_8cs_source.tex) (./_boss1_8cs.tex)
(./_boss1_8cs_source.tex [95] [96]) (./_checkpoint_8cs.tex)
(./_checkpoint_8cs_source.tex) (./_damage_8cs.tex [97])
(./_damage_8cs_source.tex) (./_door_8cs.tex) (./_door_8cs_source.tex [98])
(./_health_bar_8cs.tex) (./_health_bar_8cs_source.tex) (./_hud_8cs.tex)
(./_hud_8cs_source.tex [99]) (./_interactable_8cs.tex)
(./_interactable_8cs_source.tex [100]) (./_level_manager_8cs.tex)
(./_level_manager_8cs_source.tex [101]) (./_main_menu_8cs.tex)
(./_main_menu_8cs_source.tex [102] [103]) (./_main_menu_background_8cs.tex)
(./_main_menu_background_8cs_source.tex) (./_navigation_manager_8cs.tex)
(./_navigation_manager_8cs_source.tex [104]) (./_player_8cs.tex [105])
(./_player_8cs_source.tex [106] [107] [108] [109]) (./_player_stats_8cs.tex)
(./_player_stats_8cs_source.tex [110] [111]) (./_spike_8cs.tex)
(./_spike_8cs_source.tex [112]) (./_spike_dynamic_8cs.tex)
(./_spike_dynamic_8cs_source.tex [113]) (./_stamina_bar_8cs.tex)
(./_stamina_bar_8cs_source.tex) (./_storage_manager_8cs.tex)
(./_storage_manager_8cs_source.tex [114] [115]) [116] (./refman.ind
LaTeX Font Info:    Font shape `T1/phv/m/n' will be
(Font)              scaled to size 22.39185pt on input line 1.
 [117



]
[118] [119] [120] [121] [122] [123]) (./refman.aux)

LaTeX Warning: There were multiply-defined labels.

Package rerunfilecheck Info: File `refman.out' has not changed.
(rerunfilecheck)             Checksum: EF124BA8223F9C64F0F65E00BD96262F;75278.
 ) 
Here is how much of TeX's memory you used:
 24607 strings out of 476097
 450879 string characters out of 5795135
 1880845 words of memory out of 5000000
 41654 multiletter control sequences out of 15000+600000
 575674 words of font info for 213 fonts, out of 8000000 for 9000
 1141 hyphenation exceptions out of 8191
 101i,16n,117p,999b,750s stack positions out of 10000i,1000n,20000p,200000b,200000s
<c:/texlive/2023/texmf-dist/fonts/type1/public/amsfonts/cm/cmmi7.pfb><c:/texl
ive/2023/texmf-dist/fonts/type1/public/amsfonts/cm/cmsy7.pfb><c:/texlive/2023/t
exmf-dist/fonts/type1/urw/courier/ucrr8a.pfb><c:/texlive/2023/texmf-dist/fonts/
type1/urw/courier/ucrro8a.pfb><c:/texlive/2023/texmf-dist/fonts/type1/urw/helve
tic/uhvb8a.pfb><c:/texlive/2023/texmf-dist/fonts/type1/urw/helvetic/uhvb8ac.pfb
><c:/texlive/2023/texmf-dist/fonts/type1/urw/helvetic/uhvr8a.pfb><c:/texlive/20
23/texmf-dist/fonts/type1/urw/helvetic/uhvro8a.pfb>
Output written on refman.pdf (135 pages, 597503 bytes).
PDF statistics:
 9367 PDF objects out of 10688 (max. 8388607)
 9083 compressed objects within 91 object streams
 2647 named destinations out of 2984 (max. 500000)
 79955 words of extra memory for PDF output out of 89155 (max. 10000000)

